{"/home/usuario/ull-esit-inf-dsi-21-22-prct07-music-datamodel-grupo-z/src/artist.ts":{"path":"/home/usuario/ull-esit-inf-dsi-21-22-prct07-music-datamodel-grupo-z/src/artist.ts","statementMap":{"0":{"start":{"line":2,"column":0},"end":{"line":2,"column":62}},"1":{"start":{"line":3,"column":0},"end":{"line":3,"column":24}},"2":{"start":{"line":4,"column":16},"end":{"line":4,"column":34}},"3":{"start":{"line":5,"column":16},"end":{"line":5,"column":34}},"4":{"start":{"line":6,"column":16},"end":{"line":6,"column":34}},"5":{"start":{"line":7,"column":15},"end":{"line":7,"column":32}},"6":{"start":{"line":22,"column":8},"end":{"line":22,"column":25}},"7":{"start":{"line":23,"column":8},"end":{"line":23,"column":29}},"8":{"start":{"line":24,"column":8},"end":{"line":24,"column":35}},"9":{"start":{"line":25,"column":8},"end":{"line":25,"column":29}},"10":{"start":{"line":26,"column":8},"end":{"line":26,"column":29}},"11":{"start":{"line":27,"column":8},"end":{"line":27,"column":27}},"12":{"start":{"line":34,"column":8},"end":{"line":34,"column":27}},"13":{"start":{"line":41,"column":8},"end":{"line":41,"column":27}},"14":{"start":{"line":48,"column":8},"end":{"line":48,"column":26}},"15":{"start":{"line":55,"column":8},"end":{"line":55,"column":25}},"16":{"start":{"line":62,"column":8},"end":{"line":62,"column":27}},"17":{"start":{"line":69,"column":8},"end":{"line":69,"column":30}},"18":{"start":{"line":76,"column":8},"end":{"line":77,"column":39}},"19":{"start":{"line":77,"column":12},"end":{"line":77,"column":39}},"20":{"start":{"line":84,"column":8},"end":{"line":84,"column":43}},"21":{"start":{"line":91,"column":8},"end":{"line":91,"column":45}},"22":{"start":{"line":98,"column":8},"end":{"line":98,"column":34}},"23":{"start":{"line":105,"column":8},"end":{"line":105,"column":45}},"24":{"start":{"line":108,"column":8},"end":{"line":110,"column":9}},"25":{"start":{"line":109,"column":12},"end":{"line":109,"column":25}},"26":{"start":{"line":111,"column":8},"end":{"line":111,"column":51}},"27":{"start":{"line":117,"column":8},"end":{"line":117,"column":54}},"28":{"start":{"line":118,"column":8},"end":{"line":126,"column":9}},"29":{"start":{"line":119,"column":12},"end":{"line":119,"column":37}},"30":{"start":{"line":120,"column":12},"end":{"line":122,"column":15}},"31":{"start":{"line":121,"column":16},"end":{"line":121,"column":47}},"32":{"start":{"line":125,"column":12},"end":{"line":125,"column":72}},"33":{"start":{"line":127,"column":8},"end":{"line":135,"column":9}},"34":{"start":{"line":128,"column":12},"end":{"line":128,"column":40}},"35":{"start":{"line":129,"column":12},"end":{"line":131,"column":15}},"36":{"start":{"line":130,"column":16},"end":{"line":130,"column":46}},"37":{"start":{"line":134,"column":12},"end":{"line":134,"column":65}},"38":{"start":{"line":136,"column":8},"end":{"line":144,"column":9}},"39":{"start":{"line":137,"column":12},"end":{"line":137,"column":39}},"40":{"start":{"line":138,"column":12},"end":{"line":140,"column":15}},"41":{"start":{"line":139,"column":16},"end":{"line":139,"column":47}},"42":{"start":{"line":143,"column":12},"end":{"line":143,"column":76}},"43":{"start":{"line":145,"column":8},"end":{"line":145,"column":24}},"44":{"start":{"line":148,"column":8},"end":{"line":175,"column":9}},"45":{"start":{"line":149,"column":12},"end":{"line":153,"column":15}},"46":{"start":{"line":150,"column":16},"end":{"line":152,"column":17}},"47":{"start":{"line":151,"column":20},"end":{"line":151,"column":32}},"48":{"start":{"line":155,"column":13},"end":{"line":175,"column":9}},"49":{"start":{"line":156,"column":12},"end":{"line":160,"column":15}},"50":{"start":{"line":157,"column":16},"end":{"line":159,"column":17}},"51":{"start":{"line":158,"column":20},"end":{"line":158,"column":32}},"52":{"start":{"line":162,"column":13},"end":{"line":175,"column":9}},"53":{"start":{"line":163,"column":12},"end":{"line":167,"column":15}},"54":{"start":{"line":164,"column":16},"end":{"line":166,"column":17}},"55":{"start":{"line":165,"column":20},"end":{"line":165,"column":32}},"56":{"start":{"line":169,"column":13},"end":{"line":175,"column":9}},"57":{"start":{"line":170,"column":12},"end":{"line":174,"column":15}},"58":{"start":{"line":171,"column":16},"end":{"line":173,"column":17}},"59":{"start":{"line":172,"column":20},"end":{"line":172,"column":32}},"60":{"start":{"line":176,"column":8},"end":{"line":176,"column":21}},"61":{"start":{"line":179,"column":26},"end":{"line":179,"column":28}},"62":{"start":{"line":180,"column":8},"end":{"line":183,"column":11}},"63":{"start":{"line":181,"column":29},"end":{"line":181,"column":129}},"64":{"start":{"line":182,"column":12},"end":{"line":182,"column":37}},"65":{"start":{"line":184,"column":8},"end":{"line":184,"column":25}},"66":{"start":{"line":187,"column":0},"end":{"line":187,"column":24}}},"fnMap":{"0":{"name":"(anonymous_0)","decl":{"start":{"line":21,"column":4},"end":{"line":21,"column":5}},"loc":{"start":{"line":21,"column":88},"end":{"line":28,"column":5}},"line":21},"1":{"name":"(anonymous_1)","decl":{"start":{"line":33,"column":4},"end":{"line":33,"column":5}},"loc":{"start":{"line":33,"column":16},"end":{"line":35,"column":5}},"line":33},"2":{"name":"(anonymous_2)","decl":{"start":{"line":40,"column":4},"end":{"line":40,"column":5}},"loc":{"start":{"line":40,"column":16},"end":{"line":42,"column":5}},"line":40},"3":{"name":"(anonymous_3)","decl":{"start":{"line":47,"column":4},"end":{"line":47,"column":5}},"loc":{"start":{"line":47,"column":15},"end":{"line":49,"column":5}},"line":47},"4":{"name":"(anonymous_4)","decl":{"start":{"line":54,"column":4},"end":{"line":54,"column":5}},"loc":{"start":{"line":54,"column":14},"end":{"line":56,"column":5}},"line":54},"5":{"name":"(anonymous_5)","decl":{"start":{"line":61,"column":4},"end":{"line":61,"column":5}},"loc":{"start":{"line":61,"column":16},"end":{"line":63,"column":5}},"line":61},"6":{"name":"(anonymous_6)","decl":{"start":{"line":68,"column":4},"end":{"line":68,"column":5}},"loc":{"start":{"line":68,"column":19},"end":{"line":70,"column":5}},"line":68},"7":{"name":"(anonymous_7)","decl":{"start":{"line":75,"column":4},"end":{"line":75,"column":5}},"loc":{"start":{"line":75,"column":23},"end":{"line":78,"column":5}},"line":75},"8":{"name":"(anonymous_8)","decl":{"start":{"line":83,"column":4},"end":{"line":83,"column":5}},"loc":{"start":{"line":83,"column":21},"end":{"line":85,"column":5}},"line":83},"9":{"name":"(anonymous_9)","decl":{"start":{"line":90,"column":4},"end":{"line":90,"column":5}},"loc":{"start":{"line":90,"column":23},"end":{"line":92,"column":5}},"line":90},"10":{"name":"(anonymous_10)","decl":{"start":{"line":97,"column":4},"end":{"line":97,"column":5}},"loc":{"start":{"line":97,"column":29},"end":{"line":99,"column":5}},"line":97},"11":{"name":"(anonymous_11)","decl":{"start":{"line":104,"column":4},"end":{"line":104,"column":5}},"loc":{"start":{"line":104,"column":23},"end":{"line":106,"column":5}},"line":104},"12":{"name":"(anonymous_12)","decl":{"start":{"line":107,"column":4},"end":{"line":107,"column":5}},"loc":{"start":{"line":107,"column":17},"end":{"line":112,"column":5}},"line":107},"13":{"name":"(anonymous_13)","decl":{"start":{"line":116,"column":4},"end":{"line":116,"column":5}},"loc":{"start":{"line":116,"column":12},"end":{"line":146,"column":5}},"line":116},"14":{"name":"(anonymous_14)","decl":{"start":{"line":120,"column":37},"end":{"line":120,"column":38}},"loc":{"start":{"line":120,"column":48},"end":{"line":122,"column":13}},"line":120},"15":{"name":"(anonymous_15)","decl":{"start":{"line":129,"column":36},"end":{"line":129,"column":37}},"loc":{"start":{"line":129,"column":46},"end":{"line":131,"column":13}},"line":129},"16":{"name":"(anonymous_16)","decl":{"start":{"line":138,"column":37},"end":{"line":138,"column":38}},"loc":{"start":{"line":138,"column":48},"end":{"line":140,"column":13}},"line":138},"17":{"name":"(anonymous_17)","decl":{"start":{"line":147,"column":4},"end":{"line":147,"column":5}},"loc":{"start":{"line":147,"column":17},"end":{"line":177,"column":5}},"line":147},"18":{"name":"(anonymous_18)","decl":{"start":{"line":149,"column":37},"end":{"line":149,"column":38}},"loc":{"start":{"line":149,"column":46},"end":{"line":153,"column":13}},"line":149},"19":{"name":"(anonymous_19)","decl":{"start":{"line":156,"column":37},"end":{"line":156,"column":38}},"loc":{"start":{"line":156,"column":50},"end":{"line":160,"column":13}},"line":156},"20":{"name":"(anonymous_20)","decl":{"start":{"line":163,"column":37},"end":{"line":163,"column":38}},"loc":{"start":{"line":163,"column":46},"end":{"line":167,"column":13}},"line":163},"21":{"name":"(anonymous_21)","decl":{"start":{"line":170,"column":36},"end":{"line":170,"column":37}},"loc":{"start":{"line":170,"column":44},"end":{"line":174,"column":13}},"line":170},"22":{"name":"(anonymous_22)","decl":{"start":{"line":178,"column":4},"end":{"line":178,"column":5}},"loc":{"start":{"line":178,"column":32},"end":{"line":185,"column":5}},"line":178},"23":{"name":"(anonymous_23)","decl":{"start":{"line":180,"column":24},"end":{"line":180,"column":25}},"loc":{"start":{"line":180,"column":36},"end":{"line":183,"column":9}},"line":180}},"branchMap":{"0":{"loc":{"start":{"line":21,"column":22},"end":{"line":21,"column":33}},"type":"default-arg","locations":[{"start":{"line":21,"column":31},"end":{"line":21,"column":33}}],"line":21},"1":{"loc":{"start":{"line":21,"column":35},"end":{"line":21,"column":48}},"type":"default-arg","locations":[{"start":{"line":21,"column":47},"end":{"line":21,"column":48}}],"line":21},"2":{"loc":{"start":{"line":21,"column":50},"end":{"line":21,"column":61}},"type":"default-arg","locations":[{"start":{"line":21,"column":59},"end":{"line":21,"column":61}}],"line":21},"3":{"loc":{"start":{"line":21,"column":63},"end":{"line":21,"column":74}},"type":"default-arg","locations":[{"start":{"line":21,"column":72},"end":{"line":21,"column":74}}],"line":21},"4":{"loc":{"start":{"line":21,"column":76},"end":{"line":21,"column":86}},"type":"default-arg","locations":[{"start":{"line":21,"column":84},"end":{"line":21,"column":86}}],"line":21},"5":{"loc":{"start":{"line":76,"column":8},"end":{"line":77,"column":39}},"type":"if","locations":[{"start":{"line":76,"column":8},"end":{"line":77,"column":39}},{"start":{"line":76,"column":8},"end":{"line":77,"column":39}}],"line":76},"6":{"loc":{"start":{"line":108,"column":8},"end":{"line":110,"column":9}},"type":"if","locations":[{"start":{"line":108,"column":8},"end":{"line":110,"column":9}},{"start":{"line":108,"column":8},"end":{"line":110,"column":9}}],"line":108},"7":{"loc":{"start":{"line":118,"column":8},"end":{"line":126,"column":9}},"type":"if","locations":[{"start":{"line":118,"column":8},"end":{"line":126,"column":9}},{"start":{"line":118,"column":8},"end":{"line":126,"column":9}}],"line":118},"8":{"loc":{"start":{"line":127,"column":8},"end":{"line":135,"column":9}},"type":"if","locations":[{"start":{"line":127,"column":8},"end":{"line":135,"column":9}},{"start":{"line":127,"column":8},"end":{"line":135,"column":9}}],"line":127},"9":{"loc":{"start":{"line":136,"column":8},"end":{"line":144,"column":9}},"type":"if","locations":[{"start":{"line":136,"column":8},"end":{"line":144,"column":9}},{"start":{"line":136,"column":8},"end":{"line":144,"column":9}}],"line":136},"10":{"loc":{"start":{"line":148,"column":8},"end":{"line":175,"column":9}},"type":"if","locations":[{"start":{"line":148,"column":8},"end":{"line":175,"column":9}},{"start":{"line":148,"column":8},"end":{"line":175,"column":9}}],"line":148},"11":{"loc":{"start":{"line":150,"column":16},"end":{"line":152,"column":17}},"type":"if","locations":[{"start":{"line":150,"column":16},"end":{"line":152,"column":17}},{"start":{"line":150,"column":16},"end":{"line":152,"column":17}}],"line":150},"12":{"loc":{"start":{"line":155,"column":13},"end":{"line":175,"column":9}},"type":"if","locations":[{"start":{"line":155,"column":13},"end":{"line":175,"column":9}},{"start":{"line":155,"column":13},"end":{"line":175,"column":9}}],"line":155},"13":{"loc":{"start":{"line":157,"column":16},"end":{"line":159,"column":17}},"type":"if","locations":[{"start":{"line":157,"column":16},"end":{"line":159,"column":17}},{"start":{"line":157,"column":16},"end":{"line":159,"column":17}}],"line":157},"14":{"loc":{"start":{"line":162,"column":13},"end":{"line":175,"column":9}},"type":"if","locations":[{"start":{"line":162,"column":13},"end":{"line":175,"column":9}},{"start":{"line":162,"column":13},"end":{"line":175,"column":9}}],"line":162},"15":{"loc":{"start":{"line":164,"column":16},"end":{"line":166,"column":17}},"type":"if","locations":[{"start":{"line":164,"column":16},"end":{"line":166,"column":17}},{"start":{"line":164,"column":16},"end":{"line":166,"column":17}}],"line":164},"16":{"loc":{"start":{"line":169,"column":13},"end":{"line":175,"column":9}},"type":"if","locations":[{"start":{"line":169,"column":13},"end":{"line":175,"column":9}},{"start":{"line":169,"column":13},"end":{"line":175,"column":9}}],"line":169},"17":{"loc":{"start":{"line":171,"column":16},"end":{"line":173,"column":17}},"type":"if","locations":[{"start":{"line":171,"column":16},"end":{"line":173,"column":17}},{"start":{"line":171,"column":16},"end":{"line":173,"column":17}}],"line":171}},"s":{"0":1,"1":1,"2":1,"3":1,"4":1,"5":1,"6":635,"7":635,"8":635,"9":635,"10":635,"11":635,"12":6,"13":6,"14":7,"15":618,"16":5,"17":6,"18":16,"19":10,"20":16,"21":3,"22":16,"23":3,"24":0,"25":0,"26":0,"27":0,"28":0,"29":0,"30":0,"31":0,"32":0,"33":0,"34":0,"35":0,"36":0,"37":0,"38":0,"39":0,"40":0,"41":0,"42":0,"43":0,"44":0,"45":0,"46":0,"47":0,"48":0,"49":0,"50":0,"51":0,"52":0,"53":0,"54":0,"55":0,"56":0,"57":0,"58":0,"59":0,"60":0,"61":33,"62":33,"63":594,"64":594,"65":33,"66":1},"f":{"0":635,"1":6,"2":6,"3":7,"4":618,"5":5,"6":6,"7":16,"8":16,"9":3,"10":16,"11":3,"12":0,"13":0,"14":0,"15":0,"16":0,"17":0,"18":0,"19":0,"20":0,"21":0,"22":33,"23":594},"b":{"0":[41],"1":[41],"2":[41],"3":[41],"4":[41],"5":[10,6],"6":[0,0],"7":[0,0],"8":[0,0],"9":[0,0],"10":[0,0],"11":[0,0],"12":[0,0],"13":[0,0],"14":[0,0],"15":[0,0],"16":[0,0],"17":[0,0]},"inputSourceMap":{"version":3,"file":"/home/usuario/ull-esit-inf-dsi-21-22-prct07-music-datamodel-grupo-z/src/artist.ts","sources":["/home/usuario/ull-esit-inf-dsi-21-22-prct07-music-datamodel-grupo-z/src/artist.ts"],"names":[],"mappings":";;;AAAA,mCAAgC;AAChC,mCAAgC;AAChC,mCAAgC;AAChC,iCAA8B;AAE9B;;GAEG;AACH,MAAa,MAAM;IAEf;;;;;;;;OAQG;IACH,YACY,IAAY,EACZ,SAAwB,EAAE,EAC1B,YAAoB,CAAC,EACrB,SAAwB,EAAE,EAC1B,SAAwB,EAAE,EAC1B,QAAuB,EAAE;QALzB,SAAI,GAAJ,IAAI,CAAQ;QACZ,WAAM,GAAN,MAAM,CAAoB;QAC1B,cAAS,GAAT,SAAS,CAAY;QACrB,WAAM,GAAN,MAAM,CAAoB;QAC1B,WAAM,GAAN,MAAM,CAAoB;QAC1B,UAAK,GAAL,KAAK,CAAoB;IAClC,CAAC;IAEJ;;;OAGG;IACI,SAAS;QACZ,OAAO,IAAI,CAAC,MAAM,CAAC;IACvB,CAAC;IAED;;;OAGG;IACI,SAAS;QACZ,OAAO,IAAI,CAAC,MAAM,CAAC;IACvB,CAAC;IAED;;;OAGG;IACI,QAAQ;QACX,OAAO,IAAI,CAAC,KAAK,CAAC;IACtB,CAAC;IAED;;;OAGG;IACI,OAAO;QACV,OAAO,IAAI,CAAC,IAAI,CAAC;IACrB,CAAC;IAED;;;OAGG;IACI,SAAS;QACZ,OAAO,IAAI,CAAC,MAAM,CAAC;IACvB,CAAC;IAED;;;OAGG;IACI,YAAY;QACf,OAAO,IAAI,CAAC,SAAS,CAAC;IAC1B,CAAC;IAED;;;OAGG;IACI,QAAQ,CAAC,QAAgB;QAC5B,IAAG,CAAC,IAAI,CAAC,MAAM,CAAC,QAAQ,CAAC,QAAQ,CAAC;YAC9B,IAAI,CAAC,MAAM,CAAC,IAAI,CAAC,QAAQ,CAAC,CAAC;IACnC,CAAC;IAED;;;OAGG;IACI,OAAO,CAAC,OAAa;QACxB,IAAI,CAAC,KAAK,CAAC,IAAI,CAAC,OAAO,CAAC,OAAO,EAAE,CAAC,CAAC;IACvC,CAAC;IAED;;;OAGG;IACI,QAAQ,CAAC,QAAe;QAC3B,IAAI,CAAC,MAAM,CAAC,IAAI,CAAC,QAAQ,CAAC,OAAO,EAAE,CAAC,CAAC;IACzC,CAAC;IAED;;;OAGG;IACI,eAAe,CAAC,OAAe;QAClC,IAAI,CAAC,SAAS,IAAI,OAAO,CAAC;IAC9B,CAAC;IAED;;;OAGG;IACI,QAAQ,CAAC,QAAe;QAC3B,IAAI,CAAC,MAAM,CAAC,IAAI,CAAC,QAAQ,CAAC,OAAO,EAAE,CAAC,CAAA;IACxC,CAAC;IAEM,IAAI,CAAC,MAAsB;QAC9B,IAAI,MAAM,YAAY,aAAK,EAAE;YACzB,OAAO,KAAK,CAAC;SAChB;QACD,OAAO,IAAI,CAAC,OAAO,EAAE,KAAK,MAAM,CAAC,OAAO,EAAE,CAAC;IAC/C,CAAC;IAED;;OAEG;IACI,KAAK;QACR,OAAO,CAAC,GAAG,CAAC,cAAc,IAAI,CAAC,OAAO,EAAE,IAAI,CAAC,CAAC;QAC9C,IAAI,IAAI,CAAC,SAAS,EAAE,CAAC,MAAM,GAAG,CAAC,EAAE;YAC7B,OAAO,CAAC,GAAG,CAAC,WAAW,CAAC,CAAA;YACxB,IAAI,CAAC,SAAS,EAAE,CAAC,OAAO,CAAC,CAAC,KAAK,EAAE,EAAE;gBAC/B,OAAO,CAAC,GAAG,CAAC,UAAU,KAAK,EAAE,CAAC,CAAC;YAEnC,CAAC,CAAC,CAAC;SACN;aAAM;YACH,OAAO,CAAC,GAAG,CAAC,8CAA8C,CAAC,CAAC;SAC/D;QAED,IAAI,IAAI,CAAC,QAAQ,EAAE,CAAC,MAAM,GAAG,CAAC,EAAE;YAC5B,OAAO,CAAC,GAAG,CAAC,cAAc,CAAC,CAAA;YAC3B,IAAI,CAAC,QAAQ,EAAE,CAAC,OAAO,CAAC,CAAC,IAAI,EAAE,EAAE;gBAC7B,OAAO,CAAC,GAAG,CAAC,UAAU,IAAI,EAAE,CAAC,CAAC;YAElC,CAAC,CAAC,CAAC;SACN;aAAM;YACH,OAAO,CAAC,GAAG,CAAC,uCAAuC,CAAC,CAAC;SACxD;QAED,IAAI,IAAI,CAAC,SAAS,EAAE,CAAC,MAAM,GAAG,CAAC,EAAE;YAC7B,OAAO,CAAC,GAAG,CAAC,aAAa,CAAC,CAAA;YAC1B,IAAI,CAAC,SAAS,EAAE,CAAC,OAAO,CAAC,CAAC,KAAK,EAAE,EAAE;gBAC/B,OAAO,CAAC,GAAG,CAAC,UAAU,KAAK,EAAE,CAAC,CAAC;YAEnC,CAAC,CAAC,CAAC;SACN;aAAM;YACH,OAAO,CAAC,GAAG,CAAC,kDAAkD,CAAC,CAAC;SACnE;QAED,OAAO,CAAC,GAAG,CAAC,EAAE,CAAC,CAAC;IACpB,CAAC;IAEM,GAAG,CAAC,OAAqC;QAC5C,IAAI,OAAO,YAAY,aAAK,EAAE;YAC1B,IAAI,CAAC,SAAS,EAAE,CAAC,OAAO,CAAC,KAAK,CAAC,EAAE;gBAC7B,IAAG,KAAK,IAAI,OAAO,CAAC,OAAO,EAAE,EAAE;oBAC3B,OAAO,IAAI,CAAC;iBACf;YACL,CAAC,CAAC,CAAC;SACN;aAAM,IAAI,OAAO,YAAY,aAAK,EAAE;YACjC,IAAI,CAAC,SAAS,EAAE,CAAC,OAAO,CAAC,SAAS,CAAC,EAAE;gBACjC,IAAG,SAAS,IAAI,OAAO,CAAC,OAAO,EAAE,EAAE;oBAC/B,OAAO,IAAI,CAAC;iBACf;YACL,CAAC,CAAC,CAAC;SACN;aAAM,IAAI,OAAO,YAAY,aAAK,EAAE;YACjC,IAAI,CAAC,SAAS,EAAE,CAAC,OAAO,CAAC,KAAK,CAAC,EAAE;gBAC7B,IAAI,KAAK,IAAI,OAAO,CAAC,OAAO,EAAE,EAAE;oBAC5B,OAAO,IAAI,CAAC;iBACf;YACL,CAAC,CAAC,CAAC;SACN;aAAM,IAAI,OAAO,YAAY,WAAI,EAAE;YAChC,IAAI,CAAC,QAAQ,EAAE,CAAC,OAAO,CAAC,IAAI,CAAC,EAAE;gBAC3B,IAAI,IAAI,IAAI,OAAO,CAAC,OAAO,EAAE,EAAE;oBAC3B,OAAO,IAAI,CAAC;iBACf;YACL,CAAC,CAAC,CAAC;SACN;QAED,OAAO,KAAK,CAAC;IACjB,CAAC;IAGM,MAAM,CAAC,WAAW,CAAC,OAAiB;QACvC,MAAM,SAAS,GAAa,EAAE,CAAC;QAE/B,OAAO,CAAC,OAAO,CAAC,CAAC,MAAM,EAAE,EAAE;YACvB,MAAM,QAAQ,GAAG,IAAI,MAAM,CAAC,MAAM,CAAC,IAAI,EAAE,MAAM,CAAC,MAAM,EACtD,MAAM,CAAC,SAAS,EAAE,MAAM,CAAC,MAAM,EAAE,MAAM,CAAC,MAAM,EAAE,MAAM,CAAC,KAAK,CAAC,CAAC;YAE9D,SAAS,CAAC,IAAI,CAAC,QAAQ,CAAC,CAAC;QAC7B,CAAC,CAAC,CAAC;QAEH,OAAO,SAAS,CAAC;IACrB,CAAC;CACJ;AArMD,wBAqMC","sourcesContent":["import { Album } from \"./album\";\nimport { Genre } from \"./genre\";\nimport { Group } from \"./group\";\nimport { Song } from \"./song\";\n\n/**\n * Clase que define un artista con sus atributos y métodos\n */\nexport class Artist {\n\n    /**\n     * \n     * @param name \n     * @param genres \n     * @param listeners \n     * @param groups \n     * @param albums \n     * @param songs \n     */\n    constructor(\n        private name: string,\n        private genres: Array<string> = [],\n        private listeners: number = 0,\n        private groups: Array<string> = [],\n        private albums: Array<string> = [],\n        private songs: Array<string> = [],\n    ) {}\n\n    /**\n     * Devuelve los grupos de los que forma parte el artista\n     * @returns Array<string>\n     */\n    public getGroups(): Array<string> {\n        return this.groups;\n    }\n\n    /**\n     * Devuelve los albumes del artista\n     * @returns Array<Album>\n     */\n    public getAlbums(): Array<string> {\n        return this.albums;\n    }\n\n    /**\n     * Devuelve las canciones del artista\n     * @returns Array<string>\n     */\n    public getSongs(): Array<string> {\n        return this.songs;\n    }\n\n    /**\n     * Devuelve el nombre del artista\n     * @returns string\n     */\n    public getName(): string {\n        return this.name;\n    }\n\n    /**\n     * Devuelve los géneros asociados con el artista\n     * @returns \n     */\n    public getGenres(): Array<string> {\n        return this.genres;\n    }\n\n    /**\n     * Devuelve el número de oyentes\n     * @returns number\n     */\n    public getListeners(): number {\n        return this.listeners;\n    }\n\n    /**\n     * Añade un nuevo género a los asociados al artista cuando se añade a la base de datos una nueva canción.\n     * @param newGenre Genre\n     */\n    public addGenre(newGenre: string) {\n        if(!this.genres.includes(newGenre))\n            this.genres.push(newGenre);\n    }\n\n    /**\n     * Añade un nueva canción al artista cuando se añade una nueva canción suya a la base de datos. \n     * @param newSong \n     */\n    public addSong(newSong: Song) {\n        this.songs.push(newSong.getName());\n    }\n\n    /**\n     * Añade un nuevo grupo al artista cuando se añade un nuevo grupo al que pertenece a la base de datos. \n     * @param newSong \n     */\n    public addGroup(newGroup: Group) {\n        this.groups.push(newGroup.getName());\n    }\n\n    /**\n     * Suma los nuevos oyentes al artista cuando se añade una nueva canción\n     * @param newData number\n     */\n    public updateListeners(newData: number) {\n        this.listeners += newData;\n    }\n\n    /**\n     * Añade un album a los relacionados con el artista\n     * @param newAlbum Album\n     */\n    public addAlbum(newAlbum: Album) {\n        this.albums.push(newAlbum.getName())\n    }\n\n    public same(artist: Artist | Group): boolean {\n        if (artist instanceof Group) {\n            return false;\n        }\n        return this.getName() === artist.getName();\n    }\n\n    /**\n     * Imprime por pantalla una cadena correctamente formateada con la canción del artista\n     */\n    public print() {\n        console.log(`ARTISTA: **${this.getName()}**`);\n        if (this.getAlbums().length > 0) {\n            console.log('\\tAlbums:')\n            this.getAlbums().forEach((album) => {\n                console.log(`\\t   - ${album}`);\n\n            });\n        } else {\n            console.log(`\\tEste artista no tiene albumes relacionados`);\n        }\n\n        if (this.getSongs().length > 0) {\n            console.log('\\tCanciones:')\n            this.getSongs().forEach((song) => {\n                console.log(`\\t   - ${song}`);\n\n            });\n        } else {\n            console.log(`\\tEste artista no tiene canciones aun`);\n        }\n\n        if (this.getGenres().length > 0) {\n            console.log('\\tGeneros::')\n            this.getGenres().forEach((genre) => {\n                console.log(`\\t   - ${genre}`);\n\n            });\n        } else {\n            console.log(`\\tEste artista no tiene generos relacionados aun`);\n        }\n\n        console.log('');\n    }\n\n    public has(element: Genre | Group | Album | Song): boolean {\n        if (element instanceof Genre) {\n            this.getGenres().forEach(genre => {\n                if(genre == element.getName()) {\n                    return true;\n                }\n            });\n        } else if (element instanceof Group) {\n            this.getGroups().forEach(component => {\n                if(component == element.getName()) {\n                    return true;\n                }\n            });\n        } else if (element instanceof Album) {\n            this.getAlbums().forEach(album => {\n                if (album == element.getName()) {\n                    return true;\n                }\n            });\n        } else if (element instanceof Song) {\n            this.getSongs().forEach(song => {\n                if (song == element.getName()) {\n                    return true;\n                }\n            });\n        }\n        \n        return false;\n    }\n\n\n    public static deserialize(artists: Artist[]): Artist[] {\n        const myArtists: Artist[] = [];\n\n        artists.forEach((artist) => {\n            const myArtist = new Artist(artist.name, artist.genres, \n            artist.listeners, artist.groups, artist.albums, artist.songs);\n\n            myArtists.push(myArtist);\n        });\n\n        return myArtists;\n    }\n}\n"]},"_coverageSchema":"1a1c01bbd47fc00a2c39e90264f33305004495a9","hash":"06767186342e5516ac36d09e816776dfcc799a2e","contentHash":"934d6088e73bf154fe4a468b17b38d4070ee3b526e8fee57547a08d20542a013"},"/home/usuario/ull-esit-inf-dsi-21-22-prct07-music-datamodel-grupo-z/src/album.ts":{"path":"/home/usuario/ull-esit-inf-dsi-21-22-prct07-music-datamodel-grupo-z/src/album.ts","statementMap":{"0":{"start":{"line":2,"column":0},"end":{"line":2,"column":62}},"1":{"start":{"line":3,"column":0},"end":{"line":3,"column":23}},"2":{"start":{"line":4,"column":17},"end":{"line":4,"column":36}},"3":{"start":{"line":5,"column":16},"end":{"line":5,"column":34}},"4":{"start":{"line":6,"column":16},"end":{"line":6,"column":34}},"5":{"start":{"line":7,"column":15},"end":{"line":7,"column":32}},"6":{"start":{"line":21,"column":8},"end":{"line":21,"column":25}},"7":{"start":{"line":22,"column":8},"end":{"line":22,"column":31}},"8":{"start":{"line":23,"column":8},"end":{"line":23,"column":25}},"9":{"start":{"line":24,"column":8},"end":{"line":24,"column":27}},"10":{"start":{"line":25,"column":8},"end":{"line":25,"column":29}},"11":{"start":{"line":32,"column":8},"end":{"line":32,"column":25}},"12":{"start":{"line":39,"column":8},"end":{"line":39,"column":28}},"13":{"start":{"line":46,"column":8},"end":{"line":46,"column":25}},"14":{"start":{"line":53,"column":8},"end":{"line":53,"column":27}},"15":{"start":{"line":60,"column":8},"end":{"line":60,"column":26}},"16":{"start":{"line":63,"column":8},"end":{"line":79,"column":9}},"17":{"start":{"line":64,"column":12},"end":{"line":74,"column":15}},"18":{"start":{"line":65,"column":27},"end":{"line":65,"column":32}},"19":{"start":{"line":66,"column":16},"end":{"line":70,"column":19}},"20":{"start":{"line":67,"column":20},"end":{"line":69,"column":21}},"21":{"start":{"line":68,"column":24},"end":{"line":68,"column":36}},"22":{"start":{"line":71,"column":16},"end":{"line":73,"column":17}},"23":{"start":{"line":72,"column":20},"end":{"line":72,"column":33}},"24":{"start":{"line":75,"column":12},"end":{"line":77,"column":13}},"25":{"start":{"line":76,"column":16},"end":{"line":76,"column":29}},"26":{"start":{"line":78,"column":12},"end":{"line":78,"column":24}},"27":{"start":{"line":80,"column":8},"end":{"line":80,"column":21}},"28":{"start":{"line":86,"column":8},"end":{"line":86,"column":52}},"29":{"start":{"line":87,"column":8},"end":{"line":87,"column":55}},"30":{"start":{"line":88,"column":8},"end":{"line":88,"column":48}},"31":{"start":{"line":89,"column":8},"end":{"line":89,"column":36}},"32":{"start":{"line":90,"column":8},"end":{"line":92,"column":11}},"33":{"start":{"line":91,"column":12},"end":{"line":91,"column":42}},"34":{"start":{"line":93,"column":8},"end":{"line":93,"column":22}},"35":{"start":{"line":96,"column":8},"end":{"line":114,"column":9}},"36":{"start":{"line":97,"column":12},"end":{"line":101,"column":15}},"37":{"start":{"line":98,"column":16},"end":{"line":100,"column":17}},"38":{"start":{"line":99,"column":20},"end":{"line":99,"column":32}},"39":{"start":{"line":103,"column":13},"end":{"line":114,"column":9}},"40":{"start":{"line":104,"column":12},"end":{"line":106,"column":13}},"41":{"start":{"line":105,"column":16},"end":{"line":105,"column":28}},"42":{"start":{"line":108,"column":13},"end":{"line":114,"column":9}},"43":{"start":{"line":109,"column":12},"end":{"line":113,"column":15}},"44":{"start":{"line":110,"column":16},"end":{"line":112,"column":17}},"45":{"start":{"line":111,"column":20},"end":{"line":111,"column":32}},"46":{"start":{"line":115,"column":8},"end":{"line":115,"column":21}},"47":{"start":{"line":118,"column":25},"end":{"line":118,"column":27}},"48":{"start":{"line":119,"column":8},"end":{"line":122,"column":11}},"49":{"start":{"line":120,"column":28},"end":{"line":120,"column":103}},"50":{"start":{"line":121,"column":12},"end":{"line":121,"column":35}},"51":{"start":{"line":123,"column":8},"end":{"line":123,"column":24}},"52":{"start":{"line":126,"column":0},"end":{"line":126,"column":22}}},"fnMap":{"0":{"name":"(anonymous_0)","decl":{"start":{"line":20,"column":4},"end":{"line":20,"column":5}},"loc":{"start":{"line":20,"column":52},"end":{"line":26,"column":5}},"line":20},"1":{"name":"(anonymous_1)","decl":{"start":{"line":31,"column":4},"end":{"line":31,"column":5}},"loc":{"start":{"line":31,"column":14},"end":{"line":33,"column":5}},"line":31},"2":{"name":"(anonymous_2)","decl":{"start":{"line":38,"column":4},"end":{"line":38,"column":5}},"loc":{"start":{"line":38,"column":17},"end":{"line":40,"column":5}},"line":38},"3":{"name":"(anonymous_3)","decl":{"start":{"line":45,"column":4},"end":{"line":45,"column":5}},"loc":{"start":{"line":45,"column":14},"end":{"line":47,"column":5}},"line":45},"4":{"name":"(anonymous_4)","decl":{"start":{"line":52,"column":4},"end":{"line":52,"column":5}},"loc":{"start":{"line":52,"column":16},"end":{"line":54,"column":5}},"line":52},"5":{"name":"(anonymous_5)","decl":{"start":{"line":59,"column":4},"end":{"line":59,"column":5}},"loc":{"start":{"line":59,"column":15},"end":{"line":61,"column":5}},"line":59},"6":{"name":"(anonymous_6)","decl":{"start":{"line":62,"column":4},"end":{"line":62,"column":5}},"loc":{"start":{"line":62,"column":16},"end":{"line":81,"column":5}},"line":62},"7":{"name":"(anonymous_7)","decl":{"start":{"line":64,"column":36},"end":{"line":64,"column":37}},"loc":{"start":{"line":64,"column":45},"end":{"line":74,"column":13}},"line":64},"8":{"name":"(anonymous_8)","decl":{"start":{"line":66,"column":41},"end":{"line":66,"column":42}},"loc":{"start":{"line":66,"column":50},"end":{"line":70,"column":17}},"line":66},"9":{"name":"(anonymous_9)","decl":{"start":{"line":85,"column":4},"end":{"line":85,"column":5}},"loc":{"start":{"line":85,"column":12},"end":{"line":94,"column":5}},"line":85},"10":{"name":"(anonymous_10)","decl":{"start":{"line":90,"column":32},"end":{"line":90,"column":33}},"loc":{"start":{"line":90,"column":40},"end":{"line":92,"column":9}},"line":90},"11":{"name":"(anonymous_11)","decl":{"start":{"line":95,"column":4},"end":{"line":95,"column":5}},"loc":{"start":{"line":95,"column":17},"end":{"line":116,"column":5}},"line":95},"12":{"name":"(anonymous_12)","decl":{"start":{"line":97,"column":37},"end":{"line":97,"column":38}},"loc":{"start":{"line":97,"column":46},"end":{"line":101,"column":13}},"line":97},"13":{"name":"(anonymous_13)","decl":{"start":{"line":109,"column":36},"end":{"line":109,"column":37}},"loc":{"start":{"line":109,"column":44},"end":{"line":113,"column":13}},"line":109},"14":{"name":"(anonymous_14)","decl":{"start":{"line":117,"column":4},"end":{"line":117,"column":5}},"loc":{"start":{"line":117,"column":31},"end":{"line":124,"column":5}},"line":117},"15":{"name":"(anonymous_15)","decl":{"start":{"line":119,"column":23},"end":{"line":119,"column":24}},"loc":{"start":{"line":119,"column":34},"end":{"line":122,"column":9}},"line":119}},"branchMap":{"0":{"loc":{"start":{"line":63,"column":8},"end":{"line":79,"column":9}},"type":"if","locations":[{"start":{"line":63,"column":8},"end":{"line":79,"column":9}},{"start":{"line":63,"column":8},"end":{"line":79,"column":9}}],"line":63},"1":{"loc":{"start":{"line":63,"column":12},"end":{"line":63,"column":88}},"type":"binary-expr","locations":[{"start":{"line":63,"column":13},"end":{"line":63,"column":47}},{"start":{"line":63,"column":53},"end":{"line":63,"column":87}}],"line":63},"2":{"loc":{"start":{"line":67,"column":20},"end":{"line":69,"column":21}},"type":"if","locations":[{"start":{"line":67,"column":20},"end":{"line":69,"column":21}},{"start":{"line":67,"column":20},"end":{"line":69,"column":21}}],"line":67},"3":{"loc":{"start":{"line":71,"column":16},"end":{"line":73,"column":17}},"type":"if","locations":[{"start":{"line":71,"column":16},"end":{"line":73,"column":17}},{"start":{"line":71,"column":16},"end":{"line":73,"column":17}}],"line":71},"4":{"loc":{"start":{"line":75,"column":12},"end":{"line":77,"column":13}},"type":"if","locations":[{"start":{"line":75,"column":12},"end":{"line":77,"column":13}},{"start":{"line":75,"column":12},"end":{"line":77,"column":13}}],"line":75},"5":{"loc":{"start":{"line":96,"column":8},"end":{"line":114,"column":9}},"type":"if","locations":[{"start":{"line":96,"column":8},"end":{"line":114,"column":9}},{"start":{"line":96,"column":8},"end":{"line":114,"column":9}}],"line":96},"6":{"loc":{"start":{"line":98,"column":16},"end":{"line":100,"column":17}},"type":"if","locations":[{"start":{"line":98,"column":16},"end":{"line":100,"column":17}},{"start":{"line":98,"column":16},"end":{"line":100,"column":17}}],"line":98},"7":{"loc":{"start":{"line":103,"column":13},"end":{"line":114,"column":9}},"type":"if","locations":[{"start":{"line":103,"column":13},"end":{"line":114,"column":9}},{"start":{"line":103,"column":13},"end":{"line":114,"column":9}}],"line":103},"8":{"loc":{"start":{"line":103,"column":37},"end":{"line":103,"column":69}},"type":"binary-expr","locations":[{"start":{"line":103,"column":37},"end":{"line":103,"column":52}},{"start":{"line":103,"column":56},"end":{"line":103,"column":69}}],"line":103},"9":{"loc":{"start":{"line":104,"column":12},"end":{"line":106,"column":13}},"type":"if","locations":[{"start":{"line":104,"column":12},"end":{"line":106,"column":13}},{"start":{"line":104,"column":12},"end":{"line":106,"column":13}}],"line":104},"10":{"loc":{"start":{"line":108,"column":13},"end":{"line":114,"column":9}},"type":"if","locations":[{"start":{"line":108,"column":13},"end":{"line":114,"column":9}},{"start":{"line":108,"column":13},"end":{"line":114,"column":9}}],"line":108},"11":{"loc":{"start":{"line":110,"column":16},"end":{"line":112,"column":17}},"type":"if","locations":[{"start":{"line":110,"column":16},"end":{"line":112,"column":17}},{"start":{"line":110,"column":16},"end":{"line":112,"column":17}}],"line":110}},"s":{"0":1,"1":1,"2":1,"3":1,"4":1,"5":1,"6":21,"7":21,"8":21,"9":21,"10":21,"11":37,"12":73,"13":10,"14":32,"15":11,"16":4,"17":3,"18":6,"19":6,"20":12,"21":6,"22":6,"23":0,"24":3,"25":1,"26":2,"27":1,"28":0,"29":0,"30":0,"31":0,"32":0,"33":0,"34":0,"35":2,"36":0,"37":0,"38":0,"39":2,"40":2,"41":1,"42":0,"43":0,"44":0,"45":0,"46":1,"47":3,"48":3,"49":9,"50":9,"51":3,"52":1},"f":{"0":21,"1":37,"2":73,"3":10,"4":32,"5":11,"6":4,"7":6,"8":12,"9":0,"10":0,"11":2,"12":0,"13":0,"14":3,"15":9},"b":{"0":[3,1],"1":[4,4],"2":[6,6],"3":[0,6],"4":[1,2],"5":[0,2],"6":[0,0],"7":[2,0],"8":[2,0],"9":[1,1],"10":[0,0],"11":[0,0]},"inputSourceMap":{"version":3,"file":"/home/usuario/ull-esit-inf-dsi-21-22-prct07-music-datamodel-grupo-z/src/album.ts","sources":["/home/usuario/ull-esit-inf-dsi-21-22-prct07-music-datamodel-grupo-z/src/album.ts"],"names":[],"mappings":";;;AAAA,qCAAkC;AAClC,mCAAgC;AAChC,mCAAgC;AAChC,iCAA8B;AAE9B;;GAEG;AACH,MAAa,KAAK;IACd;;;;;;;OAOG;IACH,YACY,IAAY,EACZ,OAAe,EACf,IAAY,EACZ,KAAoB,EACpB,MAAqB;QAJrB,SAAI,GAAJ,IAAI,CAAQ;QACZ,YAAO,GAAP,OAAO,CAAQ;QACf,SAAI,GAAJ,IAAI,CAAQ;QACZ,UAAK,GAAL,KAAK,CAAe;QACpB,WAAM,GAAN,MAAM,CAAe;IAC9B,CAAC;IAGJ;;;OAGG;IACI,OAAO;QACV,OAAO,IAAI,CAAC,IAAI,CAAC;IACrB,CAAC;IAED;;;OAGG;IACI,UAAU;QACb,OAAO,IAAI,CAAC,OAAO,CAAC;IACxB,CAAC;IAED;;;OAGG;IACI,OAAO;QACV,OAAO,IAAI,CAAC,IAAI,CAAC;IACrB,CAAC;IAED;;;OAGG;IACI,SAAS;QACZ,OAAO,IAAI,CAAC,MAAM,CAAC;IACvB,CAAC;IAED;;;OAGG;IACI,QAAQ;QACX,OAAO,IAAI,CAAC,KAAK,CAAC;IACtB,CAAC;IAEM,IAAI,CAAC,KAAY;QACpB,IAAI,CAAC,IAAI,CAAC,OAAO,EAAE,KAAK,KAAK,CAAC,OAAO,EAAE,CAAC,IAAI,CAAC,IAAI,CAAC,OAAO,EAAE,KAAK,KAAK,CAAC,OAAO,EAAE,CAAC,EAAE;YAC9E,IAAI,CAAC,QAAQ,EAAE,CAAC,OAAO,CAAC,KAAK,CAAC,EAAE;gBAC5B,IAAI,IAAI,GAAY,KAAK,CAAC;gBAC1B,KAAK,CAAC,QAAQ,EAAE,CAAC,OAAO,CAAC,KAAK,CAAC,EAAE;oBAC7B,IAAI,KAAK,IAAI,KAAK,EAAE;wBAChB,IAAI,GAAG,IAAI,CAAC;qBACf;gBACL,CAAC,CAAC,CAAC;gBACH,IAAI,CAAC,IAAI,EAAE;oBACP,OAAO,KAAK,CAAC;iBAChB;YACL,CAAC,CAAC,CAAC;YAEH,IAAI,KAAK,CAAC,UAAU,EAAE,IAAI,IAAI,CAAC,UAAU,EAAE,EAAE;gBACzC,OAAO,KAAK,CAAC;aAChB;YAED,OAAO,IAAI,CAAC;SACf;QACD,OAAO,KAAK,CAAC;IACjB,CAAC;IAED;;OAEG;IACI,KAAK;QACR,OAAO,CAAC,GAAG,CAAC,YAAY,IAAI,CAAC,OAAO,EAAE,IAAI,CAAC,CAAC;QAC5C,OAAO,CAAC,GAAG,CAAC,cAAc,IAAI,CAAC,UAAU,EAAE,EAAE,CAAC,CAAC;QAE/C,OAAO,CAAC,GAAG,CAAC,UAAU,IAAI,CAAC,OAAO,EAAE,EAAE,CAAC,CAAC;QAExC,OAAO,CAAC,GAAG,CAAC,cAAc,CAAC,CAAA;QAC3B,IAAI,CAAC,QAAQ,EAAE,CAAC,OAAO,CAAC,IAAI,CAAC,EAAE;YAC3B,OAAO,CAAC,GAAG,CAAC,UAAU,IAAI,EAAE,CAAC,CAAC;QAClC,CAAC,CAAC,CAAC;QAEH,OAAO,CAAC,GAAG,EAAE,CAAC;IAClB,CAAC;IAEM,GAAG,CAAC,OAAsC;QAC7C,IAAI,OAAO,YAAY,aAAK,EAAE;YAC1B,IAAI,CAAC,SAAS,EAAE,CAAC,OAAO,CAAC,KAAK,CAAC,EAAE;gBAC7B,IAAI,KAAK,IAAI,OAAO,CAAC,OAAO,EAAE,EAAE;oBAC5B,OAAO,IAAI,CAAC;iBACf;YACL,CAAC,CAAC,CAAC;SACN;aAAM,IAAI,OAAO,YAAY,CAAC,eAAM,IAAI,aAAK,CAAC,EAAE;YAC7C,IAAI,IAAI,CAAC,UAAU,EAAE,IAAI,OAAO,CAAC,OAAO,EAAE,EAAE;gBACpC,OAAO,IAAI,CAAC;aACnB;SACJ;aAAM,IAAI,OAAO,YAAY,WAAI,EAAE;YAChC,IAAI,CAAC,QAAQ,EAAE,CAAC,OAAO,CAAC,IAAI,CAAC,EAAE;gBAC3B,IAAI,IAAI,IAAI,OAAO,CAAC,OAAO,EAAE,EAAE;oBAC3B,OAAO,IAAI,CAAC;iBACf;YACL,CAAC,CAAC,CAAC;SACN;QAED,OAAO,KAAK,CAAC;IACjB,CAAC;IAEM,MAAM,CAAC,WAAW,CAAC,MAAe;QACrC,MAAM,QAAQ,GAAY,EAAE,CAAC;QAE7B,MAAM,CAAC,OAAO,CAAC,CAAC,KAAK,EAAE,EAAE;YACrB,MAAM,OAAO,GAAG,IAAI,KAAK,CAAC,KAAK,CAAC,IAAI,EAAE,KAAK,CAAC,OAAO,EACnD,KAAK,CAAC,IAAI,EAAE,KAAK,CAAC,KAAK,EAAE,KAAK,CAAC,MAAM,CAAC,CAAC;YAEvC,QAAQ,CAAC,IAAI,CAAC,OAAO,CAAC,CAAC;QAC3B,CAAC,CAAC,CAAC;QAEH,OAAO,QAAQ,CAAC;IACpB,CAAC;CACJ;AApID,sBAoIC;AAAA,CAAC","sourcesContent":["import { Artist } from \"./artist\";\nimport { Genre } from \"./genre\";\nimport { Group } from \"./group\";\nimport { Song } from \"./song\";\n\n/**\n * Clase que define un album con sus atributos y métodos\n */\nexport class Album {\n    /**\n     * Constructor de la clase album. Recibe el nombre, creador, año y canciones. Los géneros asociados\n     * se calculan a partir de las canciones\n     * @param name string\n     * @param creator Artist | Group\n     * @param year number\n     * @param songs Array<Song>\n     */ \n    constructor(\n        private name: string,\n        private creator: string,\n        private year: number,\n        private songs: Array<string>,\n        private genres: Array<string>,\n    ) {}\n\n\n    /**\n     * Devuelve el nombre del album\n     * @returns string\n     */\n    public getName(): string {\n        return this.name;\n    }\n\n    /**\n     * Devuelve el creador del album. Albuma o grupo\n     * @returns \n     */\n    public getCreator(): string {\n        return this.creator;\n    }\n\n    /**\n     * Devuelve el año de lanzamiento del album\n     * @returns number\n     */\n    public getYear(): number {\n        return this.year;\n    }\n\n    /**\n     * Devuelve los géneros del album\n     * @returns Array<Genre>\n     */\n    public getGenres(): Array<string> {\n        return this.genres;\n    }\n\n    /**\n     * Devuelve las canciones del album\n     * @returns Array<Song>\n     */\n    public getSongs(): Array<string> {\n        return this.songs;\n    }\n\n    public same(album: Album): boolean {\n        if ((this.getName() === album.getName()) && (this.getYear() === album.getYear())) { \n            this.getSongs().forEach(song1 => {\n                let same: boolean = false;\n                album.getSongs().forEach(song2 => {\n                    if (song1 == song2) {\n                        same = true;\n                    }\n                });\n                if (!same) {\n                    return false;\n                }\n            });\n\n            if (album.getCreator() != this.getCreator()) {\n                return false;\n            }\n\n            return true;\n        }\n        return false;\n    }\n\n    /**\n     * Imprime una cadena correctamente formateada con la información del album\n     */\n    public print() {\n        console.log(`ALBUM: **${this.getName()}**`);\n        console.log(`\\tCreador: ${this.getCreator()}`);\n\n        console.log(`\\tAño: ${this.getYear()}`);\n\n        console.log(`\\tCanciones:`)\n        this.getSongs().forEach(song => {\n            console.log(`\\t   - ${song}`);\n        });\n\n        console.log();\n    }\n\n    public has(element: Genre | Artist | Group | Song): boolean {\n        if (element instanceof Genre) {\n            this.getGenres().forEach(genre => {\n                if (genre == element.getName()) {\n                    return true;\n                }\n            });\n        } else if (element instanceof (Artist || Group)) {\n            if (this.getCreator() == element.getName()) {\n                    return true;\n            }\n        } else if (element instanceof Song) {\n            this.getSongs().forEach(song => {\n                if (song == element.getName()) {\n                    return true;\n                }\n            });\n        } \n\n        return false;\n    }\n\n    public static deserialize(albums: Album[]): Album[] {\n        const myAlbums: Album[] = [];\n\n        albums.forEach((album) => {\n            const myAlbum = new Album(album.name, album.creator, \n            album.year, album.songs, album.genres);\n\n            myAlbums.push(myAlbum);\n        });\n\n        return myAlbums;\n    }\n};"]},"_coverageSchema":"1a1c01bbd47fc00a2c39e90264f33305004495a9","hash":"ceb81bd4eda6013bdbdb0a443f8a45e1d8d49f58","contentHash":"dc8d90292c4f51c125da60623f1cd46ef172eaf611a68fedb4d393ecb400f98b"},"/home/usuario/ull-esit-inf-dsi-21-22-prct07-music-datamodel-grupo-z/src/genre.ts":{"path":"/home/usuario/ull-esit-inf-dsi-21-22-prct07-music-datamodel-grupo-z/src/genre.ts","statementMap":{"0":{"start":{"line":2,"column":0},"end":{"line":2,"column":62}},"1":{"start":{"line":3,"column":0},"end":{"line":3,"column":23}},"2":{"start":{"line":4,"column":16},"end":{"line":4,"column":34}},"3":{"start":{"line":5,"column":17},"end":{"line":5,"column":36}},"4":{"start":{"line":6,"column":16},"end":{"line":6,"column":34}},"5":{"start":{"line":7,"column":15},"end":{"line":7,"column":32}},"6":{"start":{"line":17,"column":8},"end":{"line":17,"column":25}},"7":{"start":{"line":18,"column":8},"end":{"line":18,"column":37}},"8":{"start":{"line":19,"column":8},"end":{"line":19,"column":29}},"9":{"start":{"line":20,"column":8},"end":{"line":20,"column":27}},"10":{"start":{"line":27,"column":8},"end":{"line":27,"column":25}},"11":{"start":{"line":34,"column":8},"end":{"line":34,"column":31}},"12":{"start":{"line":41,"column":8},"end":{"line":41,"column":27}},"13":{"start":{"line":48,"column":8},"end":{"line":48,"column":26}},"14":{"start":{"line":51,"column":8},"end":{"line":51,"column":35}},"15":{"start":{"line":58,"column":8},"end":{"line":59,"column":44}},"16":{"start":{"line":59,"column":12},"end":{"line":59,"column":44}},"17":{"start":{"line":66,"column":8},"end":{"line":66,"column":43}},"18":{"start":{"line":74,"column":8},"end":{"line":74,"column":50}},"19":{"start":{"line":80,"column":8},"end":{"line":80,"column":53}},"20":{"start":{"line":81,"column":8},"end":{"line":89,"column":9}},"21":{"start":{"line":82,"column":12},"end":{"line":82,"column":39}},"22":{"start":{"line":83,"column":12},"end":{"line":85,"column":15}},"23":{"start":{"line":84,"column":16},"end":{"line":84,"column":46}},"24":{"start":{"line":88,"column":12},"end":{"line":88,"column":75}},"25":{"start":{"line":90,"column":8},"end":{"line":98,"column":9}},"26":{"start":{"line":91,"column":12},"end":{"line":91,"column":53}},"27":{"start":{"line":92,"column":12},"end":{"line":94,"column":15}},"28":{"start":{"line":93,"column":16},"end":{"line":93,"column":50}},"29":{"start":{"line":97,"column":12},"end":{"line":97,"column":76}},"30":{"start":{"line":99,"column":8},"end":{"line":107,"column":9}},"31":{"start":{"line":100,"column":12},"end":{"line":100,"column":41}},"32":{"start":{"line":101,"column":12},"end":{"line":103,"column":15}},"33":{"start":{"line":102,"column":16},"end":{"line":102,"column":45}},"34":{"start":{"line":106,"column":12},"end":{"line":106,"column":74}},"35":{"start":{"line":108,"column":8},"end":{"line":108,"column":22}},"36":{"start":{"line":111,"column":8},"end":{"line":131,"column":9}},"37":{"start":{"line":112,"column":12},"end":{"line":116,"column":15}},"38":{"start":{"line":113,"column":16},"end":{"line":115,"column":17}},"39":{"start":{"line":114,"column":20},"end":{"line":114,"column":32}},"40":{"start":{"line":118,"column":13},"end":{"line":131,"column":9}},"41":{"start":{"line":119,"column":12},"end":{"line":123,"column":15}},"42":{"start":{"line":120,"column":16},"end":{"line":122,"column":17}},"43":{"start":{"line":121,"column":20},"end":{"line":121,"column":32}},"44":{"start":{"line":125,"column":13},"end":{"line":131,"column":9}},"45":{"start":{"line":126,"column":12},"end":{"line":130,"column":15}},"46":{"start":{"line":127,"column":16},"end":{"line":129,"column":17}},"47":{"start":{"line":128,"column":20},"end":{"line":128,"column":32}},"48":{"start":{"line":132,"column":8},"end":{"line":132,"column":21}},"49":{"start":{"line":135,"column":25},"end":{"line":135,"column":27}},"50":{"start":{"line":136,"column":8},"end":{"line":139,"column":11}},"51":{"start":{"line":137,"column":28},"end":{"line":137,"column":94}},"52":{"start":{"line":138,"column":12},"end":{"line":138,"column":35}},"53":{"start":{"line":140,"column":8},"end":{"line":140,"column":24}},"54":{"start":{"line":143,"column":0},"end":{"line":143,"column":22}}},"fnMap":{"0":{"name":"(anonymous_0)","decl":{"start":{"line":16,"column":4},"end":{"line":16,"column":5}},"loc":{"start":{"line":16,"column":64},"end":{"line":21,"column":5}},"line":16},"1":{"name":"(anonymous_1)","decl":{"start":{"line":26,"column":4},"end":{"line":26,"column":5}},"loc":{"start":{"line":26,"column":14},"end":{"line":28,"column":5}},"line":26},"2":{"name":"(anonymous_2)","decl":{"start":{"line":33,"column":4},"end":{"line":33,"column":5}},"loc":{"start":{"line":33,"column":20},"end":{"line":35,"column":5}},"line":33},"3":{"name":"(anonymous_3)","decl":{"start":{"line":40,"column":4},"end":{"line":40,"column":5}},"loc":{"start":{"line":40,"column":16},"end":{"line":42,"column":5}},"line":40},"4":{"name":"(anonymous_4)","decl":{"start":{"line":47,"column":4},"end":{"line":47,"column":5}},"loc":{"start":{"line":47,"column":15},"end":{"line":49,"column":5}},"line":47},"5":{"name":"(anonymous_5)","decl":{"start":{"line":50,"column":4},"end":{"line":50,"column":5}},"loc":{"start":{"line":50,"column":23},"end":{"line":52,"column":5}},"line":50},"6":{"name":"(anonymous_6)","decl":{"start":{"line":57,"column":4},"end":{"line":57,"column":5}},"loc":{"start":{"line":57,"column":25},"end":{"line":60,"column":5}},"line":57},"7":{"name":"(anonymous_7)","decl":{"start":{"line":65,"column":4},"end":{"line":65,"column":5}},"loc":{"start":{"line":65,"column":21},"end":{"line":67,"column":5}},"line":65},"8":{"name":"(anonymous_8)","decl":{"start":{"line":73,"column":4},"end":{"line":73,"column":5}},"loc":{"start":{"line":73,"column":16},"end":{"line":75,"column":5}},"line":73},"9":{"name":"(anonymous_9)","decl":{"start":{"line":79,"column":4},"end":{"line":79,"column":5}},"loc":{"start":{"line":79,"column":12},"end":{"line":109,"column":5}},"line":79},"10":{"name":"(anonymous_10)","decl":{"start":{"line":83,"column":37},"end":{"line":83,"column":38}},"loc":{"start":{"line":83,"column":46},"end":{"line":85,"column":13}},"line":83},"11":{"name":"(anonymous_11)","decl":{"start":{"line":92,"column":41},"end":{"line":92,"column":42}},"loc":{"start":{"line":92,"column":54},"end":{"line":94,"column":13}},"line":92},"12":{"name":"(anonymous_12)","decl":{"start":{"line":101,"column":36},"end":{"line":101,"column":37}},"loc":{"start":{"line":101,"column":44},"end":{"line":103,"column":13}},"line":101},"13":{"name":"(anonymous_13)","decl":{"start":{"line":110,"column":4},"end":{"line":110,"column":5}},"loc":{"start":{"line":110,"column":17},"end":{"line":133,"column":5}},"line":110},"14":{"name":"(anonymous_14)","decl":{"start":{"line":112,"column":41},"end":{"line":112,"column":42}},"loc":{"start":{"line":112,"column":54},"end":{"line":116,"column":13}},"line":112},"15":{"name":"(anonymous_15)","decl":{"start":{"line":119,"column":37},"end":{"line":119,"column":38}},"loc":{"start":{"line":119,"column":46},"end":{"line":123,"column":13}},"line":119},"16":{"name":"(anonymous_16)","decl":{"start":{"line":126,"column":36},"end":{"line":126,"column":37}},"loc":{"start":{"line":126,"column":44},"end":{"line":130,"column":13}},"line":126},"17":{"name":"(anonymous_17)","decl":{"start":{"line":134,"column":4},"end":{"line":134,"column":5}},"loc":{"start":{"line":134,"column":31},"end":{"line":141,"column":5}},"line":134},"18":{"name":"(anonymous_18)","decl":{"start":{"line":136,"column":23},"end":{"line":136,"column":24}},"loc":{"start":{"line":136,"column":34},"end":{"line":139,"column":9}},"line":136}},"branchMap":{"0":{"loc":{"start":{"line":16,"column":22},"end":{"line":16,"column":37}},"type":"default-arg","locations":[{"start":{"line":16,"column":35},"end":{"line":16,"column":37}}],"line":16},"1":{"loc":{"start":{"line":16,"column":39},"end":{"line":16,"column":50}},"type":"default-arg","locations":[{"start":{"line":16,"column":48},"end":{"line":16,"column":50}}],"line":16},"2":{"loc":{"start":{"line":16,"column":52},"end":{"line":16,"column":62}},"type":"default-arg","locations":[{"start":{"line":16,"column":60},"end":{"line":16,"column":62}}],"line":16},"3":{"loc":{"start":{"line":58,"column":8},"end":{"line":59,"column":44}},"type":"if","locations":[{"start":{"line":58,"column":8},"end":{"line":59,"column":44}},{"start":{"line":58,"column":8},"end":{"line":59,"column":44}}],"line":58},"4":{"loc":{"start":{"line":81,"column":8},"end":{"line":89,"column":9}},"type":"if","locations":[{"start":{"line":81,"column":8},"end":{"line":89,"column":9}},{"start":{"line":81,"column":8},"end":{"line":89,"column":9}}],"line":81},"5":{"loc":{"start":{"line":90,"column":8},"end":{"line":98,"column":9}},"type":"if","locations":[{"start":{"line":90,"column":8},"end":{"line":98,"column":9}},{"start":{"line":90,"column":8},"end":{"line":98,"column":9}}],"line":90},"6":{"loc":{"start":{"line":99,"column":8},"end":{"line":107,"column":9}},"type":"if","locations":[{"start":{"line":99,"column":8},"end":{"line":107,"column":9}},{"start":{"line":99,"column":8},"end":{"line":107,"column":9}}],"line":99},"7":{"loc":{"start":{"line":111,"column":8},"end":{"line":131,"column":9}},"type":"if","locations":[{"start":{"line":111,"column":8},"end":{"line":131,"column":9}},{"start":{"line":111,"column":8},"end":{"line":131,"column":9}}],"line":111},"8":{"loc":{"start":{"line":111,"column":32},"end":{"line":111,"column":64}},"type":"binary-expr","locations":[{"start":{"line":111,"column":32},"end":{"line":111,"column":47}},{"start":{"line":111,"column":51},"end":{"line":111,"column":64}}],"line":111},"9":{"loc":{"start":{"line":113,"column":16},"end":{"line":115,"column":17}},"type":"if","locations":[{"start":{"line":113,"column":16},"end":{"line":115,"column":17}},{"start":{"line":113,"column":16},"end":{"line":115,"column":17}}],"line":113},"10":{"loc":{"start":{"line":118,"column":13},"end":{"line":131,"column":9}},"type":"if","locations":[{"start":{"line":118,"column":13},"end":{"line":131,"column":9}},{"start":{"line":118,"column":13},"end":{"line":131,"column":9}}],"line":118},"11":{"loc":{"start":{"line":120,"column":16},"end":{"line":122,"column":17}},"type":"if","locations":[{"start":{"line":120,"column":16},"end":{"line":122,"column":17}},{"start":{"line":120,"column":16},"end":{"line":122,"column":17}}],"line":120},"12":{"loc":{"start":{"line":125,"column":13},"end":{"line":131,"column":9}},"type":"if","locations":[{"start":{"line":125,"column":13},"end":{"line":131,"column":9}},{"start":{"line":125,"column":13},"end":{"line":131,"column":9}}],"line":125},"13":{"loc":{"start":{"line":127,"column":16},"end":{"line":129,"column":17}},"type":"if","locations":[{"start":{"line":127,"column":16},"end":{"line":129,"column":17}},{"start":{"line":127,"column":16},"end":{"line":129,"column":17}}],"line":127}},"s":{"0":1,"1":1,"2":1,"3":1,"4":1,"5":1,"6":294,"7":294,"8":294,"9":294,"10":352,"11":4,"12":4,"13":4,"14":4,"15":21,"16":13,"17":21,"18":0,"19":0,"20":0,"21":0,"22":0,"23":0,"24":0,"25":0,"26":0,"27":0,"28":0,"29":0,"30":0,"31":0,"32":0,"33":0,"34":0,"35":0,"36":0,"37":0,"38":0,"39":0,"40":0,"41":0,"42":0,"43":0,"44":0,"45":0,"46":0,"47":0,"48":0,"49":27,"50":27,"51":270,"52":270,"53":27,"54":1},"f":{"0":294,"1":352,"2":4,"3":4,"4":4,"5":4,"6":21,"7":21,"8":0,"9":0,"10":0,"11":0,"12":0,"13":0,"14":0,"15":0,"16":0,"17":27,"18":270},"b":{"0":[24],"1":[24],"2":[24],"3":[13,8],"4":[0,0],"5":[0,0],"6":[0,0],"7":[0,0],"8":[0,0],"9":[0,0],"10":[0,0],"11":[0,0],"12":[0,0],"13":[0,0]},"inputSourceMap":{"version":3,"file":"/home/usuario/ull-esit-inf-dsi-21-22-prct07-music-datamodel-grupo-z/src/genre.ts","sources":["/home/usuario/ull-esit-inf-dsi-21-22-prct07-music-datamodel-grupo-z/src/genre.ts"],"names":[],"mappings":";;;AAAA,mCAAgC;AAChC,qCAAkC;AAClC,mCAAgC;AAChC,iCAA8B;AAE9B;;GAEG;AACH,MAAa,KAAK;IAEd;;;OAGG;IACH,YACY,IAAY,EACZ,aAA4B,EAAE,EAC9B,SAAwB,EAAE,EAC1B,QAAuB,EAAE;QAHzB,SAAI,GAAJ,IAAI,CAAQ;QACZ,eAAU,GAAV,UAAU,CAAoB;QAC9B,WAAM,GAAN,MAAM,CAAoB;QAC1B,UAAK,GAAL,KAAK,CAAoB;IAClC,CAAC;IAEJ;;;OAGG;IACI,OAAO;QACV,OAAO,IAAI,CAAC,IAAI,CAAC;IACrB,CAAC;IAED;;;OAGG;IACI,aAAa;QAChB,OAAO,IAAI,CAAC,UAAU,CAAC;IAC3B,CAAC;IAED;;;OAGG;IACI,SAAS;QACZ,OAAO,IAAI,CAAC,MAAM,CAAC;IACvB,CAAC;IAED;;;OAGG;IACI,QAAQ;QACX,OAAO,IAAI,CAAC,KAAK,CAAA;IACrB,CAAC;IAEM,QAAQ,CAAC,QAAgB;QAC5B,IAAI,CAAC,MAAM,CAAC,IAAI,CAAC,QAAQ,CAAC,CAAA;IAC9B,CAAC;IAED;;;OAGG;IACI,SAAS,CAAC,SAAiB;QAC9B,IAAI,CAAC,IAAI,CAAC,UAAU,CAAC,QAAQ,CAAC,SAAS,CAAC;YACpC,IAAI,CAAC,UAAU,CAAC,IAAI,CAAC,SAAS,CAAC,CAAA;IACvC,CAAC;IAED;;;OAGG;IACI,OAAO,CAAC,OAAa;QACxB,IAAI,CAAC,KAAK,CAAC,IAAI,CAAC,OAAO,CAAC,OAAO,EAAE,CAAC,CAAC;IACvC,CAAC;IAED;;;;OAIG;IACI,IAAI,CAAC,KAAY;QACpB,OAAO,IAAI,CAAC,OAAO,EAAE,KAAK,KAAK,CAAC,OAAO,EAAE,CAAC;IAC9C,CAAC;IAED;;OAEG;IACI,KAAK;QACR,OAAO,CAAC,GAAG,CAAC,aAAa,IAAI,CAAC,OAAO,EAAE,IAAI,CAAC,CAAC;QAC7C,IAAI,IAAI,CAAC,SAAS,EAAE,CAAC,MAAM,GAAG,CAAC,EAAE;YAC7B,OAAO,CAAC,GAAG,CAAC,aAAa,CAAC,CAAA;YAC1B,IAAI,CAAC,SAAS,EAAE,CAAC,OAAO,CAAC,KAAK,CAAC,EAAE;gBAC7B,OAAO,CAAC,GAAG,CAAC,SAAS,KAAK,EAAE,CAAC,CAAC;YAClC,CAAC,CAAC,CAAC;SACN;aAAM;YACH,OAAO,CAAC,GAAG,CAAC,iDAAiD,CAAC,CAAC;SAClE;QAED,IAAI,IAAI,CAAC,aAAa,EAAE,CAAC,MAAM,GAAG,CAAC,EAAE;YACjC,OAAO,CAAC,GAAG,CAAC,2BAA2B,CAAC,CAAC;YACzC,IAAI,CAAC,aAAa,EAAE,CAAC,OAAO,CAAC,SAAS,CAAC,EAAE;gBACrC,OAAO,CAAC,GAAG,CAAC,SAAS,SAAS,EAAE,CAAC,CAAC;YACtC,CAAC,CAAC,CAAC;SACN;aAAM;YACH,OAAO,CAAC,GAAG,CAAC,kDAAkD,CAAC,CAAC;SACnE;QAED,IAAI,IAAI,CAAC,QAAQ,EAAE,CAAC,MAAM,GAAG,CAAC,EAAE;YAC5B,OAAO,CAAC,GAAG,CAAC,eAAe,CAAC,CAAC;YAC7B,IAAI,CAAC,QAAQ,EAAE,CAAC,OAAO,CAAC,IAAI,CAAC,EAAE;gBAC3B,OAAO,CAAC,GAAG,CAAC,SAAS,IAAI,EAAE,CAAC,CAAC;YACjC,CAAC,CAAC,CAAC;SACN;aAAM;YACH,OAAO,CAAC,GAAG,CAAC,gDAAgD,CAAC,CAAC;SACjE;QAED,OAAO,CAAC,GAAG,EAAE,CAAC;IAClB,CAAC;IAGM,GAAG,CAAC,OAAsC;QAC7C,IAAI,OAAO,YAAY,CAAC,eAAM,IAAI,aAAK,CAAC,EAAE;YACtC,IAAI,CAAC,aAAa,EAAE,CAAC,OAAO,CAAC,SAAS,CAAC,EAAE;gBACrC,IAAG,SAAS,IAAI,OAAO,CAAC,OAAO,EAAE,EAAE;oBAC/B,OAAO,IAAI,CAAC;iBACf;YACL,CAAC,CAAC,CAAC;SACN;aAAM,IAAI,OAAO,YAAY,aAAK,EAAE;YACjC,IAAI,CAAC,SAAS,EAAE,CAAC,OAAO,CAAC,KAAK,CAAC,EAAE;gBAC7B,IAAI,KAAK,IAAI,OAAO,CAAC,OAAO,EAAE,EAAE;oBAC5B,OAAO,IAAI,CAAC;iBACf;YACL,CAAC,CAAC,CAAC;SACN;aAAM,IAAI,OAAO,YAAY,WAAI,EAAE;YAChC,IAAI,CAAC,QAAQ,EAAE,CAAC,OAAO,CAAC,IAAI,CAAC,EAAE;gBAC3B,IAAI,IAAI,IAAI,OAAO,CAAC,OAAO,EAAE,EAAE;oBAC3B,OAAO,IAAI,CAAC;iBACf;YACL,CAAC,CAAC,CAAC;SACN;QAED,OAAO,KAAK,CAAC;IACjB,CAAC;IAEM,MAAM,CAAC,WAAW,CAAC,MAAe;QACrC,MAAM,QAAQ,GAAY,EAAE,CAAC;QAE7B,MAAM,CAAC,OAAO,CAAC,CAAC,KAAK,EAAE,EAAE;YACzB,MAAM,OAAO,GAAG,IAAI,KAAK,CAAC,KAAK,CAAC,IAAI,EAAE,KAAK,CAAC,UAAU,EAAE,KAAK,CAAC,MAAM,EAAE,KAAK,CAAC,KAAK,CAAC,CAAC;YACnF,QAAQ,CAAC,IAAI,CAAC,OAAO,CAAC,CAAC;QACvB,CAAC,CAAC,CAAC;QAEH,OAAO,QAAQ,CAAC;IACpB,CAAC;CAEJ;AAlJD,sBAkJC","sourcesContent":["import { Album } from \"./album\";\nimport { Artist } from \"./artist\";\nimport { Group } from \"./group\";\nimport { Song } from \"./song\";\n\n/**\n * Clase que define un género musical con sus atributos y métodos\n */\nexport class Genre {\n\n    /**\n     * Constructor de la clase Genre. Recibe el nombre del género\n     * @param name string\n     */\n    constructor(\n        private name: string,\n        private components: Array<string> = [],\n        private albums: Array<string> = [],\n        private songs: Array<string> = [],\n    ) {}\n\n    /**\n     * Devuelve el nombre del género musical\n     * @returns \n     */\n    public getName(): string {\n        return this.name;\n    }\n\n    /**\n     * Devuelve un conjunto con los artistas y grupos que han lanzado canciones del género\n     * @returns Array<Artist | Group>\n     */\n    public getComponents(): Array<string> {\n        return this.components;\n    }\n\n    /**\n     * Devuelve los albums del género\n     * @returns Array<Album>\n     */\n    public getAlbums(): Array<string> {\n        return this.albums;\n    }\n\n    /**\n     * Devuelve las canciones de el género\n     * @returns Array<Song>\n     */\n    public getSongs(): Array<string> {\n        return this.songs\n    }\n\n    public addAlbum(newAlbum: string) {\n        this.albums.push(newAlbum)\n    }\n\n    /**\n     * Añade a la lista de artistas el recibido por parámetro cuando se añade a la base de datos una canción de este género\n     * @param newArtit Artist | Group\n     */\n    public addArtist(newArtist: string) {\n        if (!this.components.includes(newArtist))\n            this.components.push(newArtist)\n    }\n\n    /**\n     * Añade a la lista de canciones la recibida por parámetro cuando se añade a la base de datos una canción de este género\n     * @param newSong Song\n     */\n    public addSong(newSong: Song) {\n        this.songs.push(newSong.getName());\n    }\n    \n    /**\n     * Compara dos géneros por su nombre. Devuelve true en caso que sean iguales y false en el contrario\n     * @param genre Genre\n     * @returns boolean\n     */\n    public same(genre: Genre): boolean {\n        return this.getName() === genre.getName();\n    }\n\n    /**\n     * Imprime por pantalla una cadena correctamente formateada en la que se muestra toda la información relativa a un género\n     */\n    public print() {\n        console.log(`GENERO: **${this.getName()}**`);\n        if (this.getAlbums().length > 0) {\n            console.log(`\\tAlbumes: `)\n            this.getAlbums().forEach(album => {\n                console.log(`\\t  - ${album}`);\n            });\n        } else {\n            console.log(`\\tEste genero aun no tiene albumes relacionados`);\n        }\n\n        if (this.getComponents().length > 0) {\n            console.log(`\\tArtistas Relacionados: `);\n            this.getComponents().forEach(component => {\n                console.log(`\\t  - ${component}`);\n            });\n        } else {\n            console.log(`\\tEste genero aun no tiene artistas relacionados`);\n        }   \n\n        if (this.getSongs().length > 0) {\n            console.log(`\\tCanciones: `);\n            this.getSongs().forEach(song => {\n                console.log(`\\t  - ${song}`);\n            });\n        } else {\n            console.log(`\\tEste genero aun no tiene canciones asociadas`);\n        }\n\n        console.log();\n    }\n\n\n    public has(element: Artist | Group | Album | Song): boolean {\n        if (element instanceof (Artist || Group)) {\n            this.getComponents().forEach(component => {\n                if(component == element.getName()) {\n                    return true;\n                }\n            });\n        } else if (element instanceof Album) {\n            this.getAlbums().forEach(album => {\n                if (album == element.getName()) {\n                    return true;\n                }\n            });\n        } else if (element instanceof Song) {\n            this.getSongs().forEach(song => {\n                if (song == element.getName()) {\n                    return true;\n                }\n            });\n        }\n        \n        return false;\n    }\n\n    public static deserialize(genres: Genre[]): Genre[] {\n        const myGenres: Genre[] = [];\n\n        genres.forEach((genre) => {\n        const myGenre = new Genre(genre.name, genre.components, genre.albums, genre.songs);\n        myGenres.push(myGenre);\n        });\n\n        return myGenres;\n    } \n\n}\n"]},"_coverageSchema":"1a1c01bbd47fc00a2c39e90264f33305004495a9","hash":"79324bb63874022f35aeebf33f285c19832acf2b","contentHash":"f69b5f9c698ca764a3f576d6d58a2259994474bc6ee580279843e46cdebdef60"},"/home/usuario/ull-esit-inf-dsi-21-22-prct07-music-datamodel-grupo-z/src/group.ts":{"path":"/home/usuario/ull-esit-inf-dsi-21-22-prct07-music-datamodel-grupo-z/src/group.ts","statementMap":{"0":{"start":{"line":2,"column":0},"end":{"line":2,"column":62}},"1":{"start":{"line":3,"column":0},"end":{"line":3,"column":23}},"2":{"start":{"line":4,"column":16},"end":{"line":4,"column":34}},"3":{"start":{"line":5,"column":17},"end":{"line":5,"column":36}},"4":{"start":{"line":6,"column":16},"end":{"line":6,"column":34}},"5":{"start":{"line":7,"column":15},"end":{"line":7,"column":32}},"6":{"start":{"line":23,"column":8},"end":{"line":23,"column":25}},"7":{"start":{"line":24,"column":8},"end":{"line":24,"column":25}},"8":{"start":{"line":25,"column":8},"end":{"line":25,"column":31}},"9":{"start":{"line":26,"column":8},"end":{"line":26,"column":35}},"10":{"start":{"line":27,"column":8},"end":{"line":27,"column":29}},"11":{"start":{"line":28,"column":8},"end":{"line":28,"column":29}},"12":{"start":{"line":29,"column":8},"end":{"line":29,"column":27}},"13":{"start":{"line":36,"column":8},"end":{"line":36,"column":28}},"14":{"start":{"line":43,"column":8},"end":{"line":43,"column":25}},"15":{"start":{"line":50,"column":8},"end":{"line":50,"column":27}},"16":{"start":{"line":57,"column":8},"end":{"line":57,"column":25}},"17":{"start":{"line":64,"column":8},"end":{"line":64,"column":27}},"18":{"start":{"line":71,"column":8},"end":{"line":71,"column":26}},"19":{"start":{"line":78,"column":8},"end":{"line":78,"column":30}},"20":{"start":{"line":85,"column":8},"end":{"line":85,"column":35}},"21":{"start":{"line":92,"column":8},"end":{"line":92,"column":43}},"22":{"start":{"line":99,"column":8},"end":{"line":99,"column":45}},"23":{"start":{"line":106,"column":8},"end":{"line":106,"column":34}},"24":{"start":{"line":109,"column":8},"end":{"line":111,"column":9}},"25":{"start":{"line":110,"column":12},"end":{"line":110,"column":25}},"26":{"start":{"line":112,"column":8},"end":{"line":125,"column":9}},"27":{"start":{"line":113,"column":12},"end":{"line":123,"column":15}},"28":{"start":{"line":114,"column":27},"end":{"line":114,"column":32}},"29":{"start":{"line":115,"column":16},"end":{"line":119,"column":19}},"30":{"start":{"line":116,"column":20},"end":{"line":118,"column":21}},"31":{"start":{"line":117,"column":24},"end":{"line":117,"column":36}},"32":{"start":{"line":120,"column":16},"end":{"line":122,"column":17}},"33":{"start":{"line":121,"column":20},"end":{"line":121,"column":33}},"34":{"start":{"line":124,"column":12},"end":{"line":124,"column":24}},"35":{"start":{"line":126,"column":8},"end":{"line":126,"column":21}},"36":{"start":{"line":132,"column":8},"end":{"line":132,"column":52}},"37":{"start":{"line":133,"column":8},"end":{"line":133,"column":38}},"38":{"start":{"line":134,"column":8},"end":{"line":136,"column":11}},"39":{"start":{"line":135,"column":12},"end":{"line":135,"column":44}},"40":{"start":{"line":137,"column":8},"end":{"line":137,"column":36}},"41":{"start":{"line":138,"column":8},"end":{"line":140,"column":11}},"42":{"start":{"line":139,"column":12},"end":{"line":139,"column":42}},"43":{"start":{"line":141,"column":8},"end":{"line":149,"column":9}},"44":{"start":{"line":142,"column":12},"end":{"line":142,"column":37}},"45":{"start":{"line":143,"column":12},"end":{"line":145,"column":15}},"46":{"start":{"line":144,"column":16},"end":{"line":144,"column":47}},"47":{"start":{"line":148,"column":12},"end":{"line":148,"column":70}},"48":{"start":{"line":150,"column":8},"end":{"line":150,"column":26}},"49":{"start":{"line":153,"column":8},"end":{"line":180,"column":9}},"50":{"start":{"line":154,"column":12},"end":{"line":158,"column":15}},"51":{"start":{"line":155,"column":16},"end":{"line":157,"column":17}},"52":{"start":{"line":156,"column":20},"end":{"line":156,"column":32}},"53":{"start":{"line":160,"column":13},"end":{"line":180,"column":9}},"54":{"start":{"line":161,"column":12},"end":{"line":165,"column":15}},"55":{"start":{"line":162,"column":16},"end":{"line":164,"column":17}},"56":{"start":{"line":163,"column":20},"end":{"line":163,"column":32}},"57":{"start":{"line":167,"column":13},"end":{"line":180,"column":9}},"58":{"start":{"line":168,"column":12},"end":{"line":172,"column":15}},"59":{"start":{"line":169,"column":16},"end":{"line":171,"column":17}},"60":{"start":{"line":170,"column":20},"end":{"line":170,"column":32}},"61":{"start":{"line":174,"column":13},"end":{"line":180,"column":9}},"62":{"start":{"line":175,"column":12},"end":{"line":179,"column":15}},"63":{"start":{"line":176,"column":16},"end":{"line":178,"column":17}},"64":{"start":{"line":177,"column":20},"end":{"line":177,"column":32}},"65":{"start":{"line":181,"column":8},"end":{"line":181,"column":21}},"66":{"start":{"line":184,"column":25},"end":{"line":184,"column":27}},"67":{"start":{"line":185,"column":8},"end":{"line":188,"column":11}},"68":{"start":{"line":186,"column":28},"end":{"line":186,"column":134}},"69":{"start":{"line":187,"column":12},"end":{"line":187,"column":35}},"70":{"start":{"line":189,"column":8},"end":{"line":189,"column":24}},"71":{"start":{"line":192,"column":0},"end":{"line":192,"column":22}}},"fnMap":{"0":{"name":"(anonymous_0)","decl":{"start":{"line":22,"column":4},"end":{"line":22,"column":5}},"loc":{"start":{"line":22,"column":86},"end":{"line":30,"column":5}},"line":22},"1":{"name":"(anonymous_1)","decl":{"start":{"line":35,"column":4},"end":{"line":35,"column":5}},"loc":{"start":{"line":35,"column":16},"end":{"line":37,"column":5}},"line":35},"2":{"name":"(anonymous_2)","decl":{"start":{"line":42,"column":4},"end":{"line":42,"column":5}},"loc":{"start":{"line":42,"column":14},"end":{"line":44,"column":5}},"line":42},"3":{"name":"(anonymous_3)","decl":{"start":{"line":49,"column":4},"end":{"line":49,"column":5}},"loc":{"start":{"line":49,"column":16},"end":{"line":51,"column":5}},"line":49},"4":{"name":"(anonymous_4)","decl":{"start":{"line":56,"column":4},"end":{"line":56,"column":5}},"loc":{"start":{"line":56,"column":14},"end":{"line":58,"column":5}},"line":56},"5":{"name":"(anonymous_5)","decl":{"start":{"line":63,"column":4},"end":{"line":63,"column":5}},"loc":{"start":{"line":63,"column":16},"end":{"line":65,"column":5}},"line":63},"6":{"name":"(anonymous_6)","decl":{"start":{"line":70,"column":4},"end":{"line":70,"column":5}},"loc":{"start":{"line":70,"column":15},"end":{"line":72,"column":5}},"line":70},"7":{"name":"(anonymous_7)","decl":{"start":{"line":77,"column":4},"end":{"line":77,"column":5}},"loc":{"start":{"line":77,"column":19},"end":{"line":79,"column":5}},"line":77},"8":{"name":"(anonymous_8)","decl":{"start":{"line":84,"column":4},"end":{"line":84,"column":5}},"loc":{"start":{"line":84,"column":23},"end":{"line":86,"column":5}},"line":84},"9":{"name":"(anonymous_9)","decl":{"start":{"line":91,"column":4},"end":{"line":91,"column":5}},"loc":{"start":{"line":91,"column":21},"end":{"line":93,"column":5}},"line":91},"10":{"name":"(anonymous_10)","decl":{"start":{"line":98,"column":4},"end":{"line":98,"column":5}},"loc":{"start":{"line":98,"column":23},"end":{"line":100,"column":5}},"line":98},"11":{"name":"(anonymous_11)","decl":{"start":{"line":105,"column":4},"end":{"line":105,"column":5}},"loc":{"start":{"line":105,"column":29},"end":{"line":107,"column":5}},"line":105},"12":{"name":"(anonymous_12)","decl":{"start":{"line":108,"column":4},"end":{"line":108,"column":5}},"loc":{"start":{"line":108,"column":16},"end":{"line":127,"column":5}},"line":108},"13":{"name":"(anonymous_13)","decl":{"start":{"line":113,"column":37},"end":{"line":113,"column":38}},"loc":{"start":{"line":113,"column":48},"end":{"line":123,"column":13}},"line":113},"14":{"name":"(anonymous_14)","decl":{"start":{"line":115,"column":42},"end":{"line":115,"column":43}},"loc":{"start":{"line":115,"column":53},"end":{"line":119,"column":17}},"line":115},"15":{"name":"(anonymous_15)","decl":{"start":{"line":131,"column":4},"end":{"line":131,"column":5}},"loc":{"start":{"line":131,"column":12},"end":{"line":151,"column":5}},"line":131},"16":{"name":"(anonymous_16)","decl":{"start":{"line":134,"column":33},"end":{"line":134,"column":34}},"loc":{"start":{"line":134,"column":45},"end":{"line":136,"column":9}},"line":134},"17":{"name":"(anonymous_17)","decl":{"start":{"line":138,"column":32},"end":{"line":138,"column":33}},"loc":{"start":{"line":138,"column":42},"end":{"line":140,"column":9}},"line":138},"18":{"name":"(anonymous_18)","decl":{"start":{"line":143,"column":37},"end":{"line":143,"column":38}},"loc":{"start":{"line":143,"column":48},"end":{"line":145,"column":13}},"line":143},"19":{"name":"(anonymous_19)","decl":{"start":{"line":152,"column":4},"end":{"line":152,"column":5}},"loc":{"start":{"line":152,"column":17},"end":{"line":182,"column":5}},"line":152},"20":{"name":"(anonymous_20)","decl":{"start":{"line":154,"column":37},"end":{"line":154,"column":38}},"loc":{"start":{"line":154,"column":46},"end":{"line":158,"column":13}},"line":154},"21":{"name":"(anonymous_21)","decl":{"start":{"line":161,"column":37},"end":{"line":161,"column":38}},"loc":{"start":{"line":161,"column":47},"end":{"line":165,"column":13}},"line":161},"22":{"name":"(anonymous_22)","decl":{"start":{"line":168,"column":37},"end":{"line":168,"column":38}},"loc":{"start":{"line":168,"column":46},"end":{"line":172,"column":13}},"line":168},"23":{"name":"(anonymous_23)","decl":{"start":{"line":175,"column":36},"end":{"line":175,"column":37}},"loc":{"start":{"line":175,"column":44},"end":{"line":179,"column":13}},"line":175},"24":{"name":"(anonymous_24)","decl":{"start":{"line":183,"column":4},"end":{"line":183,"column":5}},"loc":{"start":{"line":183,"column":31},"end":{"line":190,"column":5}},"line":183},"25":{"name":"(anonymous_25)","decl":{"start":{"line":185,"column":23},"end":{"line":185,"column":24}},"loc":{"start":{"line":185,"column":34},"end":{"line":188,"column":9}},"line":185}},"branchMap":{"0":{"loc":{"start":{"line":22,"column":48},"end":{"line":22,"column":59}},"type":"default-arg","locations":[{"start":{"line":22,"column":57},"end":{"line":22,"column":59}}],"line":22},"1":{"loc":{"start":{"line":22,"column":61},"end":{"line":22,"column":72}},"type":"default-arg","locations":[{"start":{"line":22,"column":70},"end":{"line":22,"column":72}}],"line":22},"2":{"loc":{"start":{"line":22,"column":74},"end":{"line":22,"column":84}},"type":"default-arg","locations":[{"start":{"line":22,"column":82},"end":{"line":22,"column":84}}],"line":22},"3":{"loc":{"start":{"line":109,"column":8},"end":{"line":111,"column":9}},"type":"if","locations":[{"start":{"line":109,"column":8},"end":{"line":111,"column":9}},{"start":{"line":109,"column":8},"end":{"line":111,"column":9}}],"line":109},"4":{"loc":{"start":{"line":112,"column":8},"end":{"line":125,"column":9}},"type":"if","locations":[{"start":{"line":112,"column":8},"end":{"line":125,"column":9}},{"start":{"line":112,"column":8},"end":{"line":125,"column":9}}],"line":112},"5":{"loc":{"start":{"line":112,"column":12},"end":{"line":112,"column":86}},"type":"binary-expr","locations":[{"start":{"line":112,"column":13},"end":{"line":112,"column":46}},{"start":{"line":112,"column":52},"end":{"line":112,"column":85}}],"line":112},"6":{"loc":{"start":{"line":116,"column":20},"end":{"line":118,"column":21}},"type":"if","locations":[{"start":{"line":116,"column":20},"end":{"line":118,"column":21}},{"start":{"line":116,"column":20},"end":{"line":118,"column":21}}],"line":116},"7":{"loc":{"start":{"line":120,"column":16},"end":{"line":122,"column":17}},"type":"if","locations":[{"start":{"line":120,"column":16},"end":{"line":122,"column":17}},{"start":{"line":120,"column":16},"end":{"line":122,"column":17}}],"line":120},"8":{"loc":{"start":{"line":141,"column":8},"end":{"line":149,"column":9}},"type":"if","locations":[{"start":{"line":141,"column":8},"end":{"line":149,"column":9}},{"start":{"line":141,"column":8},"end":{"line":149,"column":9}}],"line":141},"9":{"loc":{"start":{"line":153,"column":8},"end":{"line":180,"column":9}},"type":"if","locations":[{"start":{"line":153,"column":8},"end":{"line":180,"column":9}},{"start":{"line":153,"column":8},"end":{"line":180,"column":9}}],"line":153},"10":{"loc":{"start":{"line":155,"column":16},"end":{"line":157,"column":17}},"type":"if","locations":[{"start":{"line":155,"column":16},"end":{"line":157,"column":17}},{"start":{"line":155,"column":16},"end":{"line":157,"column":17}}],"line":155},"11":{"loc":{"start":{"line":160,"column":13},"end":{"line":180,"column":9}},"type":"if","locations":[{"start":{"line":160,"column":13},"end":{"line":180,"column":9}},{"start":{"line":160,"column":13},"end":{"line":180,"column":9}}],"line":160},"12":{"loc":{"start":{"line":162,"column":16},"end":{"line":164,"column":17}},"type":"if","locations":[{"start":{"line":162,"column":16},"end":{"line":164,"column":17}},{"start":{"line":162,"column":16},"end":{"line":164,"column":17}}],"line":162},"13":{"loc":{"start":{"line":167,"column":13},"end":{"line":180,"column":9}},"type":"if","locations":[{"start":{"line":167,"column":13},"end":{"line":180,"column":9}},{"start":{"line":167,"column":13},"end":{"line":180,"column":9}}],"line":167},"14":{"loc":{"start":{"line":169,"column":16},"end":{"line":171,"column":17}},"type":"if","locations":[{"start":{"line":169,"column":16},"end":{"line":171,"column":17}},{"start":{"line":169,"column":16},"end":{"line":171,"column":17}}],"line":169},"15":{"loc":{"start":{"line":174,"column":13},"end":{"line":180,"column":9}},"type":"if","locations":[{"start":{"line":174,"column":13},"end":{"line":180,"column":9}},{"start":{"line":174,"column":13},"end":{"line":180,"column":9}}],"line":174},"16":{"loc":{"start":{"line":176,"column":16},"end":{"line":178,"column":17}},"type":"if","locations":[{"start":{"line":176,"column":16},"end":{"line":178,"column":17}},{"start":{"line":176,"column":16},"end":{"line":178,"column":17}}],"line":176}},"s":{"0":1,"1":1,"2":1,"3":1,"4":1,"5":1,"6":89,"7":89,"8":89,"9":89,"10":89,"11":89,"12":89,"13":5,"14":2,"15":2,"16":99,"17":2,"18":2,"19":2,"20":2,"21":2,"22":0,"23":2,"24":0,"25":0,"26":0,"27":0,"28":0,"29":0,"30":0,"31":0,"32":0,"33":0,"34":0,"35":0,"36":0,"37":0,"38":0,"39":0,"40":0,"41":0,"42":0,"43":0,"44":0,"45":0,"46":0,"47":0,"48":0,"49":0,"50":0,"51":0,"52":0,"53":0,"54":0,"55":0,"56":0,"57":0,"58":0,"59":0,"60":0,"61":0,"62":0,"63":0,"64":0,"65":0,"66":27,"67":27,"68":81,"69":81,"70":27,"71":1},"f":{"0":89,"1":5,"2":2,"3":2,"4":99,"5":2,"6":2,"7":2,"8":2,"9":2,"10":0,"11":2,"12":0,"13":0,"14":0,"15":0,"16":0,"17":0,"18":0,"19":0,"20":0,"21":0,"22":0,"23":0,"24":27,"25":81},"b":{"0":[8],"1":[8],"2":[8],"3":[0,0],"4":[0,0],"5":[0,0],"6":[0,0],"7":[0,0],"8":[0,0],"9":[0,0],"10":[0,0],"11":[0,0],"12":[0,0],"13":[0,0],"14":[0,0],"15":[0,0],"16":[0,0]},"inputSourceMap":{"version":3,"file":"/home/usuario/ull-esit-inf-dsi-21-22-prct07-music-datamodel-grupo-z/src/group.ts","sources":["/home/usuario/ull-esit-inf-dsi-21-22-prct07-music-datamodel-grupo-z/src/group.ts"],"names":[],"mappings":";;;AAAA,mCAAgC;AAChC,qCAAkC;AAClC,mCAAgC;AAChC,iCAA8B;AAE9B;;GAEG;AACH,MAAa,KAAK;IAEd;;;;;;;;;OASG;IACH,YACY,IAAY,EACZ,IAAY,EACZ,OAAsB,EACtB,SAAiB,EACjB,SAAwB,EAAE,EAC1B,SAAwB,EAAE,EAC1B,QAAuB,EAAE;QANzB,SAAI,GAAJ,IAAI,CAAQ;QACZ,SAAI,GAAJ,IAAI,CAAQ;QACZ,YAAO,GAAP,OAAO,CAAe;QACtB,cAAS,GAAT,SAAS,CAAQ;QACjB,WAAM,GAAN,MAAM,CAAoB;QAC1B,WAAM,GAAN,MAAM,CAAoB;QAC1B,UAAK,GAAL,KAAK,CAAoB;IAClC,CAAC;IAEJ;;;OAGG;IACI,SAAS;QACZ,OAAO,IAAI,CAAC,OAAO,CAAC;IACxB,CAAC;IAED;;;OAGG;IACI,OAAO;QACV,OAAO,IAAI,CAAC,IAAI,CAAC;IACrB,CAAC;IAED;;;OAGG;IACI,SAAS;QACZ,OAAO,IAAI,CAAC,MAAM,CAAC;IACvB,CAAC;IAED;;;MAGE;IACK,OAAO;QACV,OAAO,IAAI,CAAC,IAAI,CAAC;IACrB,CAAC;IAED;;;OAGG;IACI,SAAS;QACZ,OAAO,IAAI,CAAC,MAAM,CAAC;IACvB,CAAC;IAED;;;OAGG;IACI,QAAQ;QACX,OAAO,IAAI,CAAC,KAAK,CAAC;IACtB,CAAC;IAED;;;OAGG;IACI,YAAY;QACf,OAAO,IAAI,CAAC,SAAS,CAAC;IAC1B,CAAC;IAED;;;OAGG;IACI,QAAQ,CAAC,QAAgB;QAC5B,IAAI,CAAC,MAAM,CAAC,IAAI,CAAC,QAAQ,CAAC,CAAC;IAC/B,CAAC;IAED;;;OAGG;IACI,OAAO,CAAC,OAAa;QACxB,IAAI,CAAC,KAAK,CAAC,IAAI,CAAC,OAAO,CAAC,OAAO,EAAE,CAAC,CAAC;IACvC,CAAC;IAED;;;OAGG;IACI,QAAQ,CAAC,QAAe;QAC3B,IAAI,CAAC,MAAM,CAAC,IAAI,CAAC,QAAQ,CAAC,OAAO,EAAE,CAAC,CAAC;IACzC,CAAC;IAED;;;OAGG;IACI,eAAe,CAAC,OAAe;QAClC,IAAI,CAAC,SAAS,IAAI,OAAO,CAAC;IAC9B,CAAC;IAEM,IAAI,CAAC,KAAqB;QAC7B,IAAI,KAAK,YAAY,eAAM,EAAE;YACzB,OAAO,KAAK,CAAC;SAChB;QAED,IAAI,CAAC,IAAI,CAAC,OAAO,EAAE,IAAI,KAAK,CAAC,OAAO,EAAE,CAAC,IAAI,CAAC,IAAI,CAAC,OAAO,EAAE,IAAI,KAAK,CAAC,OAAO,EAAE,CAAC,EAAE;YAC5E,IAAI,CAAC,SAAS,EAAE,CAAC,OAAO,CAAC,OAAO,CAAC,EAAE;gBAC/B,IAAI,IAAI,GAAY,KAAK,CAAC;gBAC1B,KAAK,CAAC,SAAS,EAAE,CAAC,OAAO,CAAC,OAAO,CAAC,EAAE;oBAChC,IAAI,OAAO,IAAI,OAAO,EAAE;wBACpB,IAAI,GAAG,IAAI,CAAC;qBACf;gBACL,CAAC,CAAC,CAAC;gBACH,IAAI,CAAC,IAAI,EAAE;oBACP,OAAO,KAAK,CAAC;iBAChB;YACL,CAAC,CAAC,CAAC;YACH,OAAO,IAAI,CAAC;SACf;QACD,OAAO,KAAK,CAAC;IACjB,CAAC;IAED;;OAEG;IACI,KAAK;QACR,OAAO,CAAC,GAAG,CAAC,YAAY,IAAI,CAAC,OAAO,EAAE,IAAI,CAAC,CAAC;QAC5C,OAAO,CAAC,GAAG,CAAC,gBAAgB,CAAC,CAAA;QAC7B,IAAI,CAAC,SAAS,EAAE,CAAC,OAAO,CAAC,CAAC,MAAM,EAAE,EAAE;YAChC,OAAO,CAAC,GAAG,CAAC,UAAU,MAAM,EAAE,CAAC,CAAC;QAEpC,CAAC,CAAC,CAAC;QAEH,OAAO,CAAC,GAAG,CAAC,cAAc,CAAC,CAAA;QAC3B,IAAI,CAAC,QAAQ,EAAE,CAAC,OAAO,CAAC,CAAC,IAAI,EAAE,EAAE;YAC7B,OAAO,CAAC,GAAG,CAAC,UAAU,IAAI,EAAE,CAAC,CAAC;QAElC,CAAC,CAAC,CAAC;QAEH,IAAI,IAAI,CAAC,SAAS,EAAE,CAAC,MAAM,GAAG,CAAC,EAAE;YAC7B,OAAO,CAAC,GAAG,CAAC,WAAW,CAAC,CAAA;YACxB,IAAI,CAAC,SAAS,EAAE,CAAC,OAAO,CAAC,CAAC,KAAK,EAAE,EAAE;gBAC/B,OAAO,CAAC,GAAG,CAAC,UAAU,KAAK,EAAE,CAAC,CAAC;YAEnC,CAAC,CAAC,CAAC;SACN;aAAM;YACH,OAAO,CAAC,GAAG,CAAC,4CAA4C,CAAC,CAAC;SAC7D;QAED,OAAO,CAAC,GAAG,CAAC,IAAI,CAAC,CAAC;IACtB,CAAC;IAEM,GAAG,CAAC,OAAsC;QAC7C,IAAI,OAAO,YAAY,aAAK,EAAE;YAC1B,IAAI,CAAC,SAAS,EAAE,CAAC,OAAO,CAAC,KAAK,CAAC,EAAE;gBAC7B,IAAG,KAAK,IAAI,OAAO,CAAC,OAAO,EAAE,EAAE;oBAC3B,OAAO,IAAI,CAAC;iBACf;YACL,CAAC,CAAC,CAAC;SACN;aAAM,IAAI,OAAO,YAAY,eAAM,EAAE;YAClC,IAAI,CAAC,SAAS,EAAE,CAAC,OAAO,CAAC,MAAM,CAAC,EAAE;gBAC9B,IAAG,MAAM,IAAI,OAAO,CAAC,OAAO,EAAE,EAAE;oBAC5B,OAAO,IAAI,CAAC;iBACf;YACL,CAAC,CAAC,CAAC;SACN;aAAM,IAAI,OAAO,YAAY,aAAK,EAAE;YACjC,IAAI,CAAC,SAAS,EAAE,CAAC,OAAO,CAAC,KAAK,CAAC,EAAE;gBAC7B,IAAI,KAAK,IAAI,OAAO,CAAC,OAAO,EAAE,EAAE;oBAC5B,OAAO,IAAI,CAAC;iBACf;YACL,CAAC,CAAC,CAAC;SACN;aAAM,IAAI,OAAO,YAAY,WAAI,EAAE;YAChC,IAAI,CAAC,QAAQ,EAAE,CAAC,OAAO,CAAC,IAAI,CAAC,EAAE;gBAC3B,IAAI,IAAI,IAAI,OAAO,CAAC,OAAO,EAAE,EAAE;oBAC3B,OAAO,IAAI,CAAC;iBACf;YACL,CAAC,CAAC,CAAC;SACN;QAED,OAAO,KAAK,CAAC;IACjB,CAAC;IAGM,MAAM,CAAC,WAAW,CAAC,MAAe;QAErC,MAAM,QAAQ,GAAY,EAAE,CAAC;QAE7B,MAAM,CAAC,OAAO,CAAC,CAAC,KAAK,EAAE,EAAE;YACrB,MAAM,OAAO,GAAG,IAAI,KAAK,CAAC,KAAK,CAAC,IAAI,EAAE,KAAK,CAAC,IAAI,EAAE,KAAK,CAAC,OAAO,EAC/D,KAAK,CAAC,SAAS,EAAE,KAAK,CAAC,MAAM,EAAE,KAAK,CAAC,MAAM,EAAE,KAAK,CAAC,KAAK,CAAC,CAAC;YAE1D,QAAQ,CAAC,IAAI,CAAC,OAAO,CAAC,CAAC;QAC3B,CAAC,CAAC,CAAC;QAEH,OAAO,QAAQ,CAAC;IACpB,CAAC;CACJ;AA9MD,sBA8MC;AAAA,CAAC","sourcesContent":["import { Album } from \"./album\";\nimport { Artist } from \"./artist\";\nimport { Genre } from \"./genre\";\nimport { Song } from \"./song\";\n\n/**\n * Clase que define un grupo de cantantes con sus atributos y métodos\n */\nexport class Group {\n\n    /**\n     * \n     * @param name \n     * @param year \n     * @param artists \n     * @param listeners \n     * @param genres \n     * @param albums \n     * @param songs \n     */\n    constructor(\n        private name: string,\n        private year: number,\n        private artists: Array<string>,\n        private listeners: number,\n        private genres: Array<string> = [],\n        private albums: Array<string> = [],\n        private songs: Array<string> = [],\n    ) {}\n\n    /**\n     * Devuelve los artistas que componen el grupo\n     * @returns Array<Artist>\n     */\n    public getArtist(): Array<string> {\n        return this.artists;\n    }\n\n    /**\n     * De
[...]
endentemente\n     */\n    public songSort(type: number): Array<Song> {\n        let sortedList: Array<Song> = Array.from(this.getSongs());\n\n        let a: Song;\n        let b: Song;\n        \n        sortedList.sort(function (a, b) {\n            if (type === 0) {\n                return a.getName() > b.getName() ? 1 : -1;\n            } else if (type == 1) {\n                return a.getName() > b.getName() ? -1 : 1;\n            } else if (type == 2) {\n                return a.getTimesListened() - b.getTimesListened();\n            } else {\n                return a.getTimesListened() > b.getTimesListened() ? -1 : 1;\n            }\n        });\n\n        return sortedList;\n    }\n\n\n    public albumSort(type: number = 0): Array<Album> {\n        let sortedList: Array<Album> = Array.from(this.getAlbums());\n\n        let a: Album;\n        let b: Album;\n        \n        sortedList.sort(function (a, b) {\n            if (type === 0) {\n                return a.getName() > b.getName() ? 1 : -1;\n            } else if (type === 1) {\n                return a.getName() > b.getName() ? -1 : 1;\n            } else if (type === 2) {\n                return a.getYear() > b.getYear() ? 1 : -1;\n            } else {\n                return a.getYear() > b.getYear() ? -1 : 1;\n            }\n        });\n\n        return sortedList;\n    }\n\n    public groupSort(asc: boolean = true): Array<Group> {\n        let sortedList: Array<Group> = Array.from(this.getGroups());\n\n        let a: Group;\n        let b: Group;\n        \n        sortedList.sort(function (a, b) {\n            if (asc) {\n                return a.getName() > b.getName() ? 1 : -1;\n            } else {\n                return a.getName() > b.getName() ? -1 : 1;\n            }\n        });\n\n        return sortedList;\n    }\n\n    /**\n     * Funcion que ordena los artistas\n     * En caso de que @type sea == 0 -> orden alfabetico ascentende\n     * En caso de que @type sea == 1 -> orden alfabetico descentente\n     * En caso de que @type sea == 2 -> orden por vistas ascentende\n     * En caso de que @type sea == 3 -> orden por vistas descendente\n     */\n    public artistSort(type: number = 0): Array<Artist> {\n        let sortedList: Array<Artist> = Array.from(this.getArtists());\n\n        let a: Artist;\n        let b: Artist;\n        \n        sortedList.sort(function (a, b) {\n            if (type == 0) {\n                return a.getName() > b.getName() ? 1 : -1;\n            } else if (type == 1) {\n                return a.getName() > b.getName() ? -1 : 1;\n            } else if (type == 2) {\n                return a.getListeners() - b.getListeners();\n            } else {\n                return a.getListeners() > b.getListeners() ? -1 : 1;\n            }\n        });\n\n        return sortedList;\n    }\n\n\n    public genreSort(asc: boolean = true): Array<Genre> {\n        let sortedList: Array<Genre> = this.getGenres();\n\n        sortedList.sort(function (a: Genre, b: Genre) {\n            if (asc) {\n                return a.getName() > b.getName() ? 1 : -1;\n            } else {\n                return a.getName() > b.getName() ? -1 : 1;\n            }\n        });\n\n        return sortedList;\n    }\n\n\n    public playListSort(asc: boolean = true, user: string = ''): Array<Playlist> {\n        let sortedList: Array<Playlist> = Array.from(this.getPlaylists(user));\n\n        let a: Playlist;\n        let b: Playlist;\n        \n        sortedList.sort(function (a, b) {\n            if (asc) {\n                return a.getName() > b.getName() ? 1 : -1;\n            } else {\n              return a.getName() > b.getName() ? -1 : 1;\n            }\n        });\n\n        return sortedList;\n    }\n\n\n    public defaultGenres() {\n        let Reggeton: Genre = new Genre(\"Reggeton\");\n        let Electronica: Genre = new Genre(\"Electronica\");\n        let Bachata: Genre = new Genre(\"Bachata\");\n        let Pop: Genre = new Genre(\"Pop\");\n        let Rock: Genre = new Genre(\"Rock\");\n        let HeavyMetal: Genre = new Genre(\"Heavy Metal\");\n        let Salsa: Genre = new Genre(\"Salsa\");\n        let Rap: Genre = new Genre(\"Rap\");\n        let Reggae: Genre = new Genre(\"Reggae\");\n        let Trap: Genre = new Genre(\"Trap\");\n\n        let defaultGenres: Array<Genre> = [\n            Reggeton, Electronica, Bachata, Pop, Rock, HeavyMetal, Salsa, Rap, Reggae, Trap \n        ];\n\n        defaultGenres.forEach((genre) => {\n            this.addGenre(genre);\n        });\n    }\n\n    public defaultArtists() {\n        let defaultArtists: Array<Artist> = [\n            new Artist(\"Bob Marley\"),\n            new Artist(\"Avicii\"),\n            new Artist(\"David Guetta\"),\n            new Artist(\"Celia Cruz\"),\n            new Artist(\"Anuel\"),\n            new Artist(\"Eminem\"),\n            new Artist(\"Maluma\"),\n            new Artist(\"Wisin\"),\n            new Artist(\"Yandel\"),\n            new Artist(\"David Muñoz\"),\n            new Artist(\"Jose Muñoz\"),\n            new Artist(\"Rihanna\"),\n            new Artist(\"Juan Magan\"),\n            new Artist(\"Ozuna\"),\n            new Artist(\"Freddy Mercury\"),\n            new Artist(\"John Lennon\"),\n            new Artist(\"Morad\"),\n            new Artist(\"Shakira\"),\n        ];\n\n        defaultArtists.forEach((artist) => {\n            this.addArtist(artist);\n        });\n    }\n\n    public defaultGroups() {\n        let defaultGroups: Array<Group> = [\n            new Group(\"Wisin & Yandel\", 2001, [\"Wisin\", \"Yandel\"], 12563),\n            new Group(\"Estopa\", 2006, [\"DavidMuñoz\", \"JoseMuñoz\"], 4123),\n            new Group(\"Queen\", 1970, [\"Freddy Mercury\"], 14520300),\n        ];\n\n        defaultGroups.forEach((group) => {\n            this.addGroup(group);\n        });\n    }\n\n    public defaultSongs() {\n        let defaultSongs: Array<Song> = [\n            new Song(\"China\", \"Anuel\", \"Reggeton\", true, 10000000, 120),\n            new Song(\"Sola\", \"Anuel\", \"Reggeton\", true, 50000000, 100),\n            new Song(\"Abusadora\", \"WisinYYandel\", \"Reggeton\", true, 1000025, 110),\n            new Song(\"Waka Waka\", \"Shakira\", \"Pop\", true, 4584684, 110),\n            new Song(\"La vida es un carnaval\", \"Celia Cruz\", \"Salsa\", true, 44711100, 140),\n            new Song(\"El farsante\", \"Ozuna\", \"Trap\", false, 47580000, 110),\n            new Song(\"Work\", \"Rihana\", \"Pop\", true, 23000000, 98),\n            new Song(\"Diamonds\", \"Rihana\", \"Pop\", true, 400000, 170),\n            new Song(\"Dile que tú me quieres\", \"Ozuna\", \"Reggeton\", false, 412000000, 146),\n            new Song(\"Without me\", \"Eminem\", \"Rap\", true, 7410000, 102),\n            new Song(\"Lose Yourself\", \"Eminem\", \"Rap\", true, 4705000, 103),\n            new Song(\"Stan\", \"Eminem\", \"Pop\", true, 5880000, 100),\n            new Song(\"La negra tiene tumbao\", \"Celia Cruz\", \"Salsa\", true, 45020000, 104),\n            new Song(\"Wake me Up\", \"Avicii\", \"Electronica\", false, 9900000, 88),\n            new Song(\"The nights\", \"Avicii\", \"Electronica\", false, 47500000, 148),\n            new Song(\"The days\", \"Avicii\", \"Electronica\", false, 63000000, 178),\n            new Song(\"Play Hard\", \"David Guetta\", \"Electronica\", true, 5000000, 133),\n            new Song(\"Sobredosis\", \"Ozuna\", \"Bachata\", true, 1300000, 155),\n            new Song(\"Smack that\", \"David Guetta\", \"Electronica\", false, 77778800, 144),\n            new Song(\"We are the Champions\", \"Queen\", \"Rock\", true, 77746000, 200),\n            new Song(\"Bohemian Raphsody\", \"Queen\", \"Rock\", true, 30000000, 220),\n        ];\n\n        defaultSongs.forEach((song) => {\n            this.addSong(song)\n        });\n    }\n    \n\n    public defaultAlbums() {\n        let defaultAlbums: Array<Album> = [\n            new Album(\"Real Hasta La Muerte\", \"Anuel\", 100, [\"Sola\", \"China\"], [\"Reggeton\"]),\n            new Album(\"Odisea\", \"Ozuna\", 2018, [\"El farsante\", \"Dile que tu me quieres\"], [\"Reggeton\", \"Trap\"]),\n            new Album(\"True\", \"Avicii\", 2013, [\"Wake me Up\", \"The nights\", \"The days\"], [\"Electronica\"]),\n        ];\n\n        defaultAlbums.forEach((album) => {\n            this.addAlbum(album);\n        });\n    }\n}\n"]},"_coverageSchema":"1a1c01bbd47fc00a2c39e90264f33305004495a9","hash":"fdfac679fd2b3ba068c650d6ed6b964b83d561f9","contentHash":"4b82b9e646069906aff13dcc0a20c9825794e8af25cc912720848a70b27cfb4a"},"/home/usuario/ull-esit-inf-dsi-21-22-prct07-music-datamodel-grupo-z/src/playlist.ts":{"path":"/home/usuario/ull-esit-inf-dsi-21-22-prct07-music-datamodel-grupo-z/src/playlist.ts","statementMap":{"0":{"start":{"line":2,"column":0},"end":{"line":2,"column":62}},"1":{"start":{"line":3,"column":0},"end":{"line":3,"column":26}},"2":{"start":{"line":16,"column":8},"end":{"line":16,"column":25}},"3":{"start":{"line":17,"column":8},"end":{"line":17,"column":25}},"4":{"start":{"line":18,"column":8},"end":{"line":18,"column":27}},"5":{"start":{"line":19,"column":8},"end":{"line":19,"column":33}},"6":{"start":{"line":20,"column":8},"end":{"line":20,"column":29}},"7":{"start":{"line":27,"column":8},"end":{"line":27,"column":25}},"8":{"start":{"line":30,"column":8},"end":{"line":30,"column":26}},"9":{"start":{"line":33,"column":8},"end":{"line":33,"column":29}},"10":{"start":{"line":40,"column":8},"end":{"line":40,"column":35}},"11":{"start":{"line":47,"column":8},"end":{"line":47,"column":37}},"12":{"start":{"line":50,"column":8},"end":{"line":50,"column":27}},"13":{"start":{"line":53,"column":8},"end":{"line":53,"column":25}},"14":{"start":{"line":56,"column":8},"end":{"line":56,"column":43}},"15":{"start":{"line":57,"column":8},"end":{"line":57,"column":45}},"16":{"start":{"line":58,"column":8},"end":{"line":58,"column":54}},"17":{"start":{"line":59,"column":8},"end":{"line":59,"column":54}},"18":{"start":{"line":60,"column":8},"end":{"line":60,"column":57}},"19":{"start":{"line":63,"column":28},"end":{"line":63,"column":30}},"20":{"start":{"line":64,"column":8},"end":{"line":67,"column":11}},"21":{"start":{"line":65,"column":31},"end":{"line":65,"column":125}},"22":{"start":{"line":66,"column":12},"end":{"line":66,"column":41}},"23":{"start":{"line":68,"column":8},"end":{"line":68,"column":27}},"24":{"start":{"line":71,"column":8},"end":{"line":71,"column":55}},"25":{"start":{"line":72,"column":8},"end":{"line":72,"column":57}},"26":{"start":{"line":73,"column":8},"end":{"line":73,"column":56}},"27":{"start":{"line":74,"column":8},"end":{"line":74,"column":36}},"28":{"start":{"line":75,"column":8},"end":{"line":77,"column":11}},"29":{"start":{"line":76,"column":12},"end":{"line":76,"column":42}},"30":{"start":{"line":78,"column":8},"end":{"line":78,"column":34}},"31":{"start":{"line":79,"column":8},"end":{"line":81,"column":11}},"32":{"start":{"line":80,"column":12},"end":{"line":80,"column":43}},"33":{"start":{"line":82,"column":8},"end":{"line":82,"column":26}},"34":{"start":{"line":85,"column":0},"end":{"line":85,"column":28}}},"fnMap":{"0":{"name":"(anonymous_0)","decl":{"start":{"line":15,"column":4},"end":{"line":15,"column":5}},"loc":{"start":{"line":15,"column":107},"end":{"line":21,"column":5}},"line":15},"1":{"name":"(anonymous_1)","decl":{"start":{"line":26,"column":4},"end":{"line":26,"column":5}},"loc":{"start":{"line":26,"column":14},"end":{"line":28,"column":5}},"line":26},"2":{"name":"(anonymous_2)","decl":{"start":{"line":29,"column":4},"end":{"line":29,"column":5}},"loc":{"start":{"line":29,"column":15},"end":{"line":31,"column":5}},"line":29},"3":{"name":"(anonymous_3)","decl":{"start":{"line":32,"column":4},"end":{"line":32,"column":5}},"loc":{"start":{"line":32,"column":18},"end":{"line":34,"column":5}},"line":32},"4":{"name":"(anonymous_4)","decl":{"start":{"line":39,"column":4},"end":{"line":39,"column":5}},"loc":{"start":{"line":39,"column":15},"end":{"line":41,"column":5}},"line":39},"5":{"name":"(anonymous_5)","decl":{"start":{"line":46,"column":4},"end":{"line":46,"column":5}},"loc":{"start":{"line":46,"column":17},"end":{"line":48,"column":5}},"line":46},"6":{"name":"(anonymous_6)","decl":{"start":{"line":49,"column":4},"end":{"line":49,"column":5}},"loc":{"start":{"line":49,"column":16},"end":{"line":51,"column":5}},"line":49},"7":{"name":"(anonymous_7)","decl":{"start":{"line":52,"column":4},"end":{"line":52,"column":5}},"loc":{"start":{"line":52,"column":14},"end":{"line":54,"column":5}},"line":52},"8":{"name":"(anonymous_8)","decl":{"start":{"line":55,"column":4},"end":{"line":55,"column":5}},"loc":{"start":{"line":55,"column":21},"end":{"line":61,"column":5}},"line":55},"9":{"name":"(anonymous_9)","decl":{"start":{"line":62,"column":4},"end":{"line":62,"column":5}},"loc":{"start":{"line":62,"column":34},"end":{"line":69,"column":5}},"line":62},"10":{"name":"(anonymous_10)","decl":{"start":{"line":64,"column":26},"end":{"line":64,"column":27}},"loc":{"start":{"line":64,"column":40},"end":{"line":67,"column":9}},"line":64},"11":{"name":"(anonymous_11)","decl":{"start":{"line":70,"column":4},"end":{"line":70,"column":5}},"loc":{"start":{"line":70,"column":12},"end":{"line":83,"column":5}},"line":70},"12":{"name":"(anonymous_12)","decl":{"start":{"line":75,"column":32},"end":{"line":75,"column":33}},"loc":{"start":{"line":75,"column":42},"end":{"line":77,"column":9}},"line":75},"13":{"name":"(anonymous_13)","decl":{"start":{"line":79,"column":33},"end":{"line":79,"column":34}},"loc":{"start":{"line":79,"column":44},"end":{"line":81,"column":9}},"line":79}},"branchMap":{"0":{"loc":{"start":{"line":15,"column":22},"end":{"line":15,"column":31}},"type":"default-arg","locations":[{"start":{"line":15,"column":29},"end":{"line":15,"column":31}}],"line":15},"1":{"loc":{"start":{"line":15,"column":33},"end":{"line":15,"column":43}},"type":"default-arg","locations":[{"start":{"line":15,"column":41},"end":{"line":15,"column":43}}],"line":15},"2":{"loc":{"start":{"line":15,"column":45},"end":{"line":15,"column":92}},"type":"default-arg","locations":[{"start":{"line":15,"column":56},"end":{"line":15,"column":92}}],"line":15},"3":{"loc":{"start":{"line":15,"column":94},"end":{"line":15,"column":105}},"type":"default-arg","locations":[{"start":{"line":15,"column":103},"end":{"line":15,"column":105}}],"line":15}},"s":{"0":1,"1":1,"2":0,"3":0,"4":0,"5":0,"6":0,"7":0,"8":0,"9":0,"10":0,"11":0,"12":0,"13":0,"14":0,"15":0,"16":0,"17":0,"18":0,"19":0,"20":0,"21":0,"22":0,"23":0,"24":0,"25":0,"26":0,"27":0,"28":0,"29":0,"30":0,"31":0,"32":0,"33":0,"34":1},"f":{"0":0,"1":0,"2":0,"3":0,"4":0,"5":0,"6":0,"7":0,"8":0,"9":0,"10":0,"11":0,"12":0,"13":0},"b":{"0":[0],"1":[0],"2":[0],"3":[0]},"inputSourceMap":{"version":3,"file":"/home/usuario/ull-esit-inf-dsi-21-22-prct07-music-datamodel-grupo-z/src/playlist.ts","sources":["/home/usuario/ull-esit-inf-dsi-21-22-prct07-music-datamodel-grupo-z/src/playlist.ts"],"names":[],"mappings":";;;AAIA;;GAEG;AACH,MAAa,QAAQ;IAEjB;;;;;;OAMG;IACH,YACY,IAAY,EACZ,OAAe,EAAE,EACjB,QAAuB,EAAE,EACzB,WAAiB,EAAC,OAAO,EAAE,CAAC,EAAE,OAAO,EAAE,CAAC,EAAE,KAAK,EAAE,CAAC,EAAC,EACnD,SAAwB,EAAE;QAJ1B,SAAI,GAAJ,IAAI,CAAQ;QACZ,SAAI,GAAJ,IAAI,CAAa;QACjB,UAAK,GAAL,KAAK,CAAoB;QACzB,aAAQ,GAAR,QAAQ,CAA2C;QACnD,WAAM,GAAN,MAAM,CAAoB;IACnC,CAAC;IAEJ;;;OAGG;IACI,OAAO;QACV,OAAO,IAAI,CAAC,IAAI,CAAC;IACrB,CAAC;IAEM,QAAQ;QACX,OAAO,IAAI,CAAC,KAAK,CAAC;IACtB,CAAC;IAEM,WAAW;QACd,OAAO,IAAI,CAAC,QAAQ,CAAC;IACzB,CAAC;IAED;;;OAGG;IACI,QAAQ;QACX,OAAO,IAAI,CAAC,QAAQ,CAAC,KAAK,CAAC;IAC/B,CAAC;IAED;;;OAGG;IACI,UAAU;QACb,OAAO,IAAI,CAAC,QAAQ,CAAC,OAAO,CAAC;IACjC,CAAC;IAEM,SAAS;QACZ,OAAO,IAAI,CAAC,MAAM,CAAC;IACvB,CAAC;IAEM,OAAO;QACV,OAAO,IAAI,CAAC,IAAI,CAAC;IACrB,CAAC;IAEM,OAAO,CAAC,OAAa;QACxB,IAAI,CAAC,KAAK,CAAC,IAAI,CAAC,OAAO,CAAC,OAAO,EAAE,CAAC,CAAC;QACnC,IAAI,CAAC,MAAM,CAAC,IAAI,CAAC,OAAO,CAAC,QAAQ,EAAE,CAAC,CAAA;QACpC,IAAI,CAAC,QAAQ,CAAC,OAAO,IAAI,OAAO,CAAC,UAAU,EAAE,CAAC;QAC9C,IAAI,CAAC,QAAQ,CAAC,OAAO,IAAI,OAAO,CAAC,UAAU,EAAE,CAAC;QAC9C,IAAI,CAAC,QAAQ,CAAC,KAAK,IAAI,OAAO,CAAC,UAAU,EAAE,GAAG,EAAE,CAAC;IACrD,CAAC;IAGM,MAAM,CAAC,WAAW,CAAC,SAAqB;QAC3C,MAAM,WAAW,GAAe,EAAE,CAAC;QAEnC,SAAS,CAAC,OAAO,CAAC,CAAC,QAAQ,EAAE,EAAE;YAC3B,MAAM,UAAU,GAAG,IAAI,QAAQ,CAAC,QAAQ,CAAC,IAAI,EAAG,QAAQ,CAAC,IAAI,EAAE,QAAQ,CAAC,KAAK,EACzE,QAAQ,CAAC,QAAQ,EAAE,QAAQ,CAAC,MAAM,CAAC,CAAC;YAExC,WAAW,CAAC,IAAI,CAAC,UAAU,CAAC,CAAC;QACjC,CAAC,CAAC,CAAC;QAEH,OAAO,WAAW,CAAC;IACvB,CAAC;IAEM,KAAK;QACR,OAAO,CAAC,GAAG,CAAC,eAAe,IAAI,CAAC,OAAO,EAAE,IAAI,CAAC,CAAC;QAC/C,OAAO,CAAC,GAAG,CAAC,mBAAmB,EAAE,IAAI,CAAC,OAAO,EAAE,CAAC,CAAC;QACjD,OAAO,CAAC,GAAG,CAAC,cAAc,EAAE,IAAI,CAAC,WAAW,EAAE,CAAC,CAAC;QAEhD,OAAO,CAAC,GAAG,CAAC,cAAc,CAAC,CAAA;QAC3B,IAAI,CAAC,QAAQ,EAAE,CAAC,OAAO,CAAC,CAAC,IAAI,EAAE,EAAE;YAC7B,OAAO,CAAC,GAAG,CAAC,UAAU,IAAI,EAAE,CAAC,CAAC;QAElC,CAAC,CAAC,CAAC;QAEH,OAAO,CAAC,GAAG,CAAC,YAAY,CAAC,CAAA;QACzB,IAAI,CAAC,SAAS,EAAE,CAAC,OAAO,CAAC,CAAC,KAAK,EAAE,EAAE;YAC/B,OAAO,CAAC,GAAG,CAAC,UAAU,KAAK,EAAE,CAAC,CAAC;QAEnC,CAAC,CAAC,CAAC;QAEH,OAAO,CAAC,GAAG,CAAC,IAAI,CAAC,CAAC;IACtB,CAAC;CACJ;AAlGD,4BAkGC","sourcesContent":["import { Time } from \"./durationType\";\nimport { Genre } from \"./genre\";\nimport { Song } from \"./song\";\n\n/**\n * Clase que define una playlist con sus atributos y métodos\n */\nexport class Playlist {\n\n    /**\n     * \n     * @param name \n     * @param songs \n     * @param duration \n     * @param genres \n     */\n    constructor(\n        private name: string,\n        private user: string = '',\n        private songs: Array<string> = [],\n        private duration: Time = {seconds: 0, minutes: 0, hours: 0},\n        private genres: Array<string> = [],\n    ) {}\n\n    /**\n     * Devuelve el nombre de la playlist\n     * @returns string\n     */\n    public getName(): string {\n        return this.name;\n    }\n\n    public getSongs(): Array<string> {\n        return this.songs;\n    }\n\n    public getDuration(): Time {\n        return this.duration;\n    }\n\n    /**\n     * Devuelve la duración de la playlist en horas\n     * @returns number\n     */\n    public getHours(): number {\n        return this.duration.hours;\n    }\n\n    /**\n     * Devuelve la duración de la playlist en minutos\n     * @returns number\n     */\n    public getMinutes(): number {\n        return this.duration.minutes;\n    }\n\n    public getGenres(): Array<string> {\n        return this.genres;\n    }\n\n    public getUser(): string {\n        return this.user;\n    }\n\n    public addSong(newSong: Song) {\n        this.songs.push(newSong.getName());\n        this.genres.push(newSong.getGenre())\n        this.duration.seconds += newSong.getSeconds();\n        this.duration.minutes += newSong.getMinutes();\n        this.duration.hours += newSong.getMinutes() / 60;\n    }\n\n\n    public static deserialize(playlists: Playlist[]): Playlist[] {\n        const myPlaylists: Playlist[] = [];\n\n        playlists.forEach((playlist) => {\n            const myPlaylist = new Playlist(playlist.name,  playlist.user, playlist.songs, \n                playlist.duration, playlist.genres);\n\n            myPlaylists.push(myPlaylist);\n        });\n\n        return myPlaylists;\n    }\n\n    public print() {\n        console.log(`PLAYLIST: **${this.getName()}**`);\n        console.log('\\tAdministrador: ', this.getUser());\n        console.log('\\tDuracion: ', this.getDuration());\n\n        console.log('\\tCanciones:')\n        this.getSongs().forEach((song) => {\n            console.log(`\\t   - ${song}`);\n  \n        });\n\n        console.log('\\tGeneros:')\n        this.getGenres().forEach((genre) => {\n            console.log(`\\t   - ${genre}`);\n  \n        });\n\n        console.log('\\n');\n    }\n} "]},"_coverageSchema":"1a1c01bbd47fc00a2c39e90264f33305004495a9","hash":"765ccaa6ce97e1ebb301cec0e916aa6932acdbcd","contentHash":"b997c9b6e5fe6dd058841f66c9d6605f572e12d0256058f68d40e1e12b1208d4"}}