{"/home/usuario/ull-esit-inf-dsi-21-22-prct07-music-datamodel-grupo-z/src/artist.ts":{"path":"/home/usuario/ull-esit-inf-dsi-21-22-prct07-music-datamodel-grupo-z/src/artist.ts","statementMap":{"0":{"start":{"line":2,"column":0},"end":{"line":2,"column":62}},"1":{"start":{"line":3,"column":0},"end":{"line":3,"column":24}},"2":{"start":{"line":4,"column":16},"end":{"line":4,"column":34}},"3":{"start":{"line":5,"column":16},"end":{"line":5,"column":34}},"4":{"start":{"line":6,"column":16},"end":{"line":6,"column":34}},"5":{"start":{"line":7,"column":15},"end":{"line":7,"column":32}},"6":{"start":{"line":22,"column":8},"end":{"line":22,"column":25}},"7":{"start":{"line":23,"column":8},"end":{"line":23,"column":29}},"8":{"start":{"line":24,"column":8},"end":{"line":24,"column":35}},"9":{"start":{"line":25,"column":8},"end":{"line":25,"column":29}},"10":{"start":{"line":26,"column":8},"end":{"line":26,"column":29}},"11":{"start":{"line":27,"column":8},"end":{"line":27,"column":27}},"12":{"start":{"line":34,"column":8},"end":{"line":34,"column":27}},"13":{"start":{"line":41,"column":8},"end":{"line":41,"column":27}},"14":{"start":{"line":48,"column":8},"end":{"line":48,"column":26}},"15":{"start":{"line":55,"column":8},"end":{"line":55,"column":25}},"16":{"start":{"line":62,"column":8},"end":{"line":62,"column":27}},"17":{"start":{"line":69,"column":8},"end":{"line":69,"column":30}},"18":{"start":{"line":76,"column":8},"end":{"line":77,"column":39}},"19":{"start":{"line":77,"column":12},"end":{"line":77,"column":39}},"20":{"start":{"line":84,"column":8},"end":{"line":84,"column":43}},"21":{"start":{"line":91,"column":8},"end":{"line":91,"column":45}},"22":{"start":{"line":98,"column":8},"end":{"line":98,"column":34}},"23":{"start":{"line":105,"column":8},"end":{"line":105,"column":45}},"24":{"start":{"line":113,"column":8},"end":{"line":115,"column":9}},"25":{"start":{"line":114,"column":12},"end":{"line":114,"column":25}},"26":{"start":{"line":116,"column":8},"end":{"line":116,"column":51}},"27":{"start":{"line":122,"column":8},"end":{"line":122,"column":54}},"28":{"start":{"line":123,"column":8},"end":{"line":131,"column":9}},"29":{"start":{"line":124,"column":12},"end":{"line":124,"column":37}},"30":{"start":{"line":125,"column":12},"end":{"line":127,"column":15}},"31":{"start":{"line":126,"column":16},"end":{"line":126,"column":47}},"32":{"start":{"line":130,"column":12},"end":{"line":130,"column":72}},"33":{"start":{"line":132,"column":8},"end":{"line":140,"column":9}},"34":{"start":{"line":133,"column":12},"end":{"line":133,"column":40}},"35":{"start":{"line":134,"column":12},"end":{"line":136,"column":15}},"36":{"start":{"line":135,"column":16},"end":{"line":135,"column":46}},"37":{"start":{"line":139,"column":12},"end":{"line":139,"column":65}},"38":{"start":{"line":141,"column":8},"end":{"line":149,"column":9}},"39":{"start":{"line":142,"column":12},"end":{"line":142,"column":39}},"40":{"start":{"line":143,"column":12},"end":{"line":145,"column":15}},"41":{"start":{"line":144,"column":16},"end":{"line":144,"column":47}},"42":{"start":{"line":148,"column":12},"end":{"line":148,"column":76}},"43":{"start":{"line":150,"column":8},"end":{"line":150,"column":24}},"44":{"start":{"line":158,"column":8},"end":{"line":185,"column":9}},"45":{"start":{"line":159,"column":12},"end":{"line":163,"column":15}},"46":{"start":{"line":160,"column":16},"end":{"line":162,"column":17}},"47":{"start":{"line":161,"column":20},"end":{"line":161,"column":32}},"48":{"start":{"line":165,"column":13},"end":{"line":185,"column":9}},"49":{"start":{"line":166,"column":12},"end":{"line":170,"column":15}},"50":{"start":{"line":167,"column":16},"end":{"line":169,"column":17}},"51":{"start":{"line":168,"column":20},"end":{"line":168,"column":32}},"52":{"start":{"line":172,"column":13},"end":{"line":185,"column":9}},"53":{"start":{"line":173,"column":12},"end":{"line":177,"column":15}},"54":{"start":{"line":174,"column":16},"end":{"line":176,"column":17}},"55":{"start":{"line":175,"column":20},"end":{"line":175,"column":32}},"56":{"start":{"line":179,"column":13},"end":{"line":185,"column":9}},"57":{"start":{"line":180,"column":12},"end":{"line":184,"column":15}},"58":{"start":{"line":181,"column":16},"end":{"line":183,"column":17}},"59":{"start":{"line":182,"column":20},"end":{"line":182,"column":32}},"60":{"start":{"line":186,"column":8},"end":{"line":186,"column":21}},"61":{"start":{"line":194,"column":26},"end":{"line":194,"column":28}},"62":{"start":{"line":195,"column":8},"end":{"line":198,"column":11}},"63":{"start":{"line":196,"column":29},"end":{"line":196,"column":129}},"64":{"start":{"line":197,"column":12},"end":{"line":197,"column":37}},"65":{"start":{"line":199,"column":8},"end":{"line":199,"column":25}},"66":{"start":{"line":202,"column":0},"end":{"line":202,"column":24}}},"fnMap":{"0":{"name":"(anonymous_0)","decl":{"start":{"line":21,"column":4},"end":{"line":21,"column":5}},"loc":{"start":{"line":21,"column":88},"end":{"line":28,"column":5}},"line":21},"1":{"name":"(anonymous_1)","decl":{"start":{"line":33,"column":4},"end":{"line":33,"column":5}},"loc":{"start":{"line":33,"column":16},"end":{"line":35,"column":5}},"line":33},"2":{"name":"(anonymous_2)","decl":{"start":{"line":40,"column":4},"end":{"line":40,"column":5}},"loc":{"start":{"line":40,"column":16},"end":{"line":42,"column":5}},"line":40},"3":{"name":"(anonymous_3)","decl":{"start":{"line":47,"column":4},"end":{"line":47,"column":5}},"loc":{"start":{"line":47,"column":15},"end":{"line":49,"column":5}},"line":47},"4":{"name":"(anonymous_4)","decl":{"start":{"line":54,"column":4},"end":{"line":54,"column":5}},"loc":{"start":{"line":54,"column":14},"end":{"line":56,"column":5}},"line":54},"5":{"name":"(anonymous_5)","decl":{"start":{"line":61,"column":4},"end":{"line":61,"column":5}},"loc":{"start":{"line":61,"column":16},"end":{"line":63,"column":5}},"line":61},"6":{"name":"(anonymous_6)","decl":{"start":{"line":68,"column":4},"end":{"line":68,"column":5}},"loc":{"start":{"line":68,"column":19},"end":{"line":70,"column":5}},"line":68},"7":{"name":"(anonymous_7)","decl":{"start":{"line":75,"column":4},"end":{"line":75,"column":5}},"loc":{"start":{"line":75,"column":23},"end":{"line":78,"column":5}},"line":75},"8":{"name":"(anonymous_8)","decl":{"start":{"line":83,"column":4},"end":{"line":83,"column":5}},"loc":{"start":{"line":83,"column":21},"end":{"line":85,"column":5}},"line":83},"9":{"name":"(anonymous_9)","decl":{"start":{"line":90,"column":4},"end":{"line":90,"column":5}},"loc":{"start":{"line":90,"column":23},"end":{"line":92,"column":5}},"line":90},"10":{"name":"(anonymous_10)","decl":{"start":{"line":97,"column":4},"end":{"line":97,"column":5}},"loc":{"start":{"line":97,"column":29},"end":{"line":99,"column":5}},"line":97},"11":{"name":"(anonymous_11)","decl":{"start":{"line":104,"column":4},"end":{"line":104,"column":5}},"loc":{"start":{"line":104,"column":23},"end":{"line":106,"column":5}},"line":104},"12":{"name":"(anonymous_12)","decl":{"start":{"line":112,"column":4},"end":{"line":112,"column":5}},"loc":{"start":{"line":112,"column":17},"end":{"line":117,"column":5}},"line":112},"13":{"name":"(anonymous_13)","decl":{"start":{"line":121,"column":4},"end":{"line":121,"column":5}},"loc":{"start":{"line":121,"column":12},"end":{"line":151,"column":5}},"line":121},"14":{"name":"(anonymous_14)","decl":{"start":{"line":125,"column":37},"end":{"line":125,"column":38}},"loc":{"start":{"line":125,"column":48},"end":{"line":127,"column":13}},"line":125},"15":{"name":"(anonymous_15)","decl":{"start":{"line":134,"column":36},"end":{"line":134,"column":37}},"loc":{"start":{"line":134,"column":46},"end":{"line":136,"column":13}},"line":134},"16":{"name":"(anonymous_16)","decl":{"start":{"line":143,"column":37},"end":{"line":143,"column":38}},"loc":{"start":{"line":143,"column":48},"end":{"line":145,"column":13}},"line":143},"17":{"name":"(anonymous_17)","decl":{"start":{"line":157,"column":4},"end":{"line":157,"column":5}},"loc":{"start":{"line":157,"column":17},"end":{"line":187,"column":5}},"line":157},"18":{"name":"(anonymous_18)","decl":{"start":{"line":159,"column":37},"end":{"line":159,"column":38}},"loc":{"start":{"line":159,"column":46},"end":{"line":163,"column":13}},"line":159},"19":{"name":"(anonymous_19)","decl":{"start":{"line":166,"column":37},"end":{"line":166,"column":38}},"loc":{"start":{"line":166,"column":50},"end":{"line":170,"column":13}},"line":166},"20":{"name":"(anonymous_20)","decl":{"start":{"line":173,"column":37},"end":{"line":173,"column":38}},"loc":{"start":{"line":173,"column":46},"end":{"line":177,"column":13}},"line":173},"21":{"name":"(anonymous_21)","decl":{"start":{"line":180,"column":36},"end":{"line":180,"column":37}},"loc":{"start":{"line":180,"column":44},"end":{"line":184,"column":13}},"line":180},"22":{"name":"(anonymous_22)","decl":{"start":{"line":193,"column":4},"end":{"line":193,"column":5}},"loc":{"start":{"line":193,"column":32},"end":{"line":200,"column":5}},"line":193},"23":{"name":"(anonymous_23)","decl":{"start":{"line":195,"column":24},"end":{"line":195,"column":25}},"loc":{"start":{"line":195,"column":36},"end":{"line":198,"column":9}},"line":195}},"branchMap":{"0":{"loc":{"start":{"line":21,"column":22},"end":{"line":21,"column":33}},"type":"default-arg","locations":[{"start":{"line":21,"column":31},"end":{"line":21,"column":33}}],"line":21},"1":{"loc":{"start":{"line":21,"column":35},"end":{"line":21,"column":48}},"type":"default-arg","locations":[{"start":{"line":21,"column":47},"end":{"line":21,"column":48}}],"line":21},"2":{"loc":{"start":{"line":21,"column":50},"end":{"line":21,"column":61}},"type":"default-arg","locations":[{"start":{"line":21,"column":59},"end":{"line":21,"column":61}}],"line":21},"3":{"loc":{"start":{"line":21,"column":63},"end":{"line":21,"column":74}},"type":"default-arg","locations":[{"start":{"line":21,"column":72},"end":{"line":21,"column":74}}],"line":21},"4":{"loc":{"start":{"line":21,"column":76},"end":{"line":21,"column":86}},"type":"default-arg","locations":[{"start":{"line":21,"column":84},"end":{"line":21,"column":86}}],"line":21},"5":{"loc":{"start":{"line":76,"column":8},"end":{"line":77,"column":39}},"type":"if","locations":[{"start":{"line":76,"column":8},"end":{"line":77,"column":39}},{"start":{"line":76,"column":8},"end":{"line":77,"column":39}}],"line":76},"6":{"loc":{"start":{"line":113,"column":8},"end":{"line":115,"column":9}},"type":"if","locations":[{"start":{"line":113,"column":8},"end":{"line":115,"column":9}},{"start":{"line":113,"column":8},"end":{"line":115,"column":9}}],"line":113},"7":{"loc":{"start":{"line":123,"column":8},"end":{"line":131,"column":9}},"type":"if","locations":[{"start":{"line":123,"column":8},"end":{"line":131,"column":9}},{"start":{"line":123,"column":8},"end":{"line":131,"column":9}}],"line":123},"8":{"loc":{"start":{"line":132,"column":8},"end":{"line":140,"column":9}},"type":"if","locations":[{"start":{"line":132,"column":8},"end":{"line":140,"column":9}},{"start":{"line":132,"column":8},"end":{"line":140,"column":9}}],"line":132},"9":{"loc":{"start":{"line":141,"column":8},"end":{"line":149,"column":9}},"type":"if","locations":[{"start":{"line":141,"column":8},"end":{"line":149,"column":9}},{"start":{"line":141,"column":8},"end":{"line":149,"column":9}}],"line":141},"10":{"loc":{"start":{"line":158,"column":8},"end":{"line":185,"column":9}},"type":"if","locations":[{"start":{"line":158,"column":8},"end":{"line":185,"column":9}},{"start":{"line":158,"column":8},"end":{"line":185,"column":9}}],"line":158},"11":{"loc":{"start":{"line":160,"column":16},"end":{"line":162,"column":17}},"type":"if","locations":[{"start":{"line":160,"column":16},"end":{"line":162,"column":17}},{"start":{"line":160,"column":16},"end":{"line":162,"column":17}}],"line":160},"12":{"loc":{"start":{"line":165,"column":13},"end":{"line":185,"column":9}},"type":"if","locations":[{"start":{"line":165,"column":13},"end":{"line":185,"column":9}},{"start":{"line":165,"column":13},"end":{"line":185,"column":9}}],"line":165},"13":{"loc":{"start":{"line":167,"column":16},"end":{"line":169,"column":17}},"type":"if","locations":[{"start":{"line":167,"column":16},"end":{"line":169,"column":17}},{"start":{"line":167,"column":16},"end":{"line":169,"column":17}}],"line":167},"14":{"loc":{"start":{"line":172,"column":13},"end":{"line":185,"column":9}},"type":"if","locations":[{"start":{"line":172,"column":13},"end":{"line":185,"column":9}},{"start":{"line":172,"column":13},"end":{"line":185,"column":9}}],"line":172},"15":{"loc":{"start":{"line":174,"column":16},"end":{"line":176,"column":17}},"type":"if","locations":[{"start":{"line":174,"column":16},"end":{"line":176,"column":17}},{"start":{"line":174,"column":16},"end":{"line":176,"column":17}}],"line":174},"16":{"loc":{"start":{"line":179,"column":13},"end":{"line":185,"column":9}},"type":"if","locations":[{"start":{"line":179,"column":13},"end":{"line":185,"column":9}},{"start":{"line":179,"column":13},"end":{"line":185,"column":9}}],"line":179},"17":{"loc":{"start":{"line":181,"column":16},"end":{"line":183,"column":17}},"type":"if","locations":[{"start":{"line":181,"column":16},"end":{"line":183,"column":17}},{"start":{"line":181,"column":16},"end":{"line":183,"column":17}}],"line":181}},"s":{"0":1,"1":1,"2":1,"3":1,"4":1,"5":1,"6":635,"7":635,"8":635,"9":635,"10":635,"11":635,"12":6,"13":6,"14":7,"15":618,"16":5,"17":6,"18":16,"19":10,"20":16,"21":3,"22":16,"23":3,"24":0,"25":0,"26":0,"27":0,"28":0,"29":0,"30":0,"31":0,"32":0,"33":0,"34":0,"35":0,"36":0,"37":0,"38":0,"39":0,"40":0,"41":0,"42":0,"43":0,"44":0,"45":0,"46":0,"47":0,"48":0,"49":0,"50":0,"51":0,"52":0,"53":0,"54":0,"55":0,"56":0,"57":0,"58":0,"59":0,"60":0,"61":33,"62":33,"63":594,"64":594,"65":33,"66":1},"f":{"0":635,"1":6,"2":6,"3":7,"4":618,"5":5,"6":6,"7":16,"8":16,"9":3,"10":16,"11":3,"12":0,"13":0,"14":0,"15":0,"16":0,"17":0,"18":0,"19":0,"20":0,"21":0,"22":33,"23":594},"b":{"0":[41],"1":[41],"2":[41],"3":[41],"4":[41],"5":[10,6],"6":[0,0],"7":[0,0],"8":[0,0],"9":[0,0],"10":[0,0],"11":[0,0],"12":[0,0],"13":[0,0],"14":[0,0],"15":[0,0],"16":[0,0],"17":[0,0]},"inputSourceMap":{"version":3,"file":"/home/usuario/ull-esit-inf-dsi-21-22-prct07-music-datamodel-grupo-z/src/artist.ts","sources":["/home/usuario/ull-esit-inf-dsi-21-22-prct07-music-datamodel-grupo-z/src/artist.ts"],"names":[],"mappings":";;;AAAA,mCAAgC;AAChC,mCAAgC;AAChC,mCAAgC;AAChC,iCAA8B;AAE9B;;GAEG;AACH,MAAa,MAAM;IAEf;;;;;;;;OAQG;IACH,YACY,IAAY,EACZ,SAAwB,EAAE,EAC1B,YAAoB,CAAC,EACrB,SAAwB,EAAE,EAC1B,SAAwB,EAAE,EAC1B,QAAuB,EAAE;QALzB,SAAI,GAAJ,IAAI,CAAQ;QACZ,WAAM,GAAN,MAAM,CAAoB;QAC1B,cAAS,GAAT,SAAS,CAAY;QACrB,WAAM,GAAN,MAAM,CAAoB;QAC1B,WAAM,GAAN,MAAM,CAAoB;QAC1B,UAAK,GAAL,KAAK,CAAoB;IAClC,CAAC;IAEJ;;;OAGG;IACI,SAAS;QACZ,OAAO,IAAI,CAAC,MAAM,CAAC;IACvB,CAAC;IAED;;;OAGG;IACI,SAAS;QACZ,OAAO,IAAI,CAAC,MAAM,CAAC;IACvB,CAAC;IAED;;;OAGG;IACI,QAAQ;QACX,OAAO,IAAI,CAAC,KAAK,CAAC;IACtB,CAAC;IAED;;;OAGG;IACI,OAAO;QACV,OAAO,IAAI,CAAC,IAAI,CAAC;IACrB,CAAC;IAED;;;OAGG;IACI,SAAS;QACZ,OAAO,IAAI,CAAC,MAAM,CAAC;IACvB,CAAC;IAED;;;OAGG;IACI,YAAY;QACf,OAAO,IAAI,CAAC,SAAS,CAAC;IAC1B,CAAC;IAED;;;OAGG;IACI,QAAQ,CAAC,QAAgB;QAC5B,IAAG,CAAC,IAAI,CAAC,MAAM,CAAC,QAAQ,CAAC,QAAQ,CAAC;YAC9B,IAAI,CAAC,MAAM,CAAC,IAAI,CAAC,QAAQ,CAAC,CAAC;IACnC,CAAC;IAED;;;OAGG;IACI,OAAO,CAAC,OAAa;QACxB,IAAI,CAAC,KAAK,CAAC,IAAI,CAAC,OAAO,CAAC,OAAO,EAAE,CAAC,CAAC;IACvC,CAAC;IAED;;;OAGG;IACI,QAAQ,CAAC,QAAe;QAC3B,IAAI,CAAC,MAAM,CAAC,IAAI,CAAC,QAAQ,CAAC,OAAO,EAAE,CAAC,CAAC;IACzC,CAAC;IAED;;;OAGG;IACI,eAAe,CAAC,OAAe;QAClC,IAAI,CAAC,SAAS,IAAI,OAAO,CAAC;IAC9B,CAAC;IAED;;;OAGG;IACI,QAAQ,CAAC,QAAe;QAC3B,IAAI,CAAC,MAAM,CAAC,IAAI,CAAC,QAAQ,CAAC,OAAO,EAAE,CAAC,CAAA;IACxC,CAAC;IAED;;;;OAIG;IACI,IAAI,CAAC,MAAsB;QAC9B,IAAI,MAAM,YAAY,aAAK,EAAE;YACzB,OAAO,KAAK,CAAC;SAChB;QACD,OAAO,IAAI,CAAC,OAAO,EAAE,KAAK,MAAM,CAAC,OAAO,EAAE,CAAC;IAC/C,CAAC;IAED;;OAEG;IACI,KAAK;QACR,OAAO,CAAC,GAAG,CAAC,cAAc,IAAI,CAAC,OAAO,EAAE,IAAI,CAAC,CAAC;QAC9C,IAAI,IAAI,CAAC,SAAS,EAAE,CAAC,MAAM,GAAG,CAAC,EAAE;YAC7B,OAAO,CAAC,GAAG,CAAC,WAAW,CAAC,CAAA;YACxB,IAAI,CAAC,SAAS,EAAE,CAAC,OAAO,CAAC,CAAC,KAAK,EAAE,EAAE;gBAC/B,OAAO,CAAC,GAAG,CAAC,UAAU,KAAK,EAAE,CAAC,CAAC;YAEnC,CAAC,CAAC,CAAC;SACN;aAAM;YACH,OAAO,CAAC,GAAG,CAAC,8CAA8C,CAAC,CAAC;SAC/D;QAED,IAAI,IAAI,CAAC,QAAQ,EAAE,CAAC,MAAM,GAAG,CAAC,EAAE;YAC5B,OAAO,CAAC,GAAG,CAAC,cAAc,CAAC,CAAA;YAC3B,IAAI,CAAC,QAAQ,EAAE,CAAC,OAAO,CAAC,CAAC,IAAI,EAAE,EAAE;gBAC7B,OAAO,CAAC,GAAG,CAAC,UAAU,IAAI,EAAE,CAAC,CAAC;YAElC,CAAC,CAAC,CAAC;SACN;aAAM;YACH,OAAO,CAAC,GAAG,CAAC,uCAAuC,CAAC,CAAC;SACxD;QAED,IAAI,IAAI,CAAC,SAAS,EAAE,CAAC,MAAM,GAAG,CAAC,EAAE;YAC7B,OAAO,CAAC,GAAG,CAAC,aAAa,CAAC,CAAA;YAC1B,IAAI,CAAC,SAAS,EAAE,CAAC,OAAO,CAAC,CAAC,KAAK,EAAE,EAAE;gBAC/B,OAAO,CAAC,GAAG,CAAC,UAAU,KAAK,EAAE,CAAC,CAAC;YAEnC,CAAC,CAAC,CAAC;SACN;aAAM;YACH,OAAO,CAAC,GAAG,CAAC,kDAAkD,CAAC,CAAC;SACnE;QAED,OAAO,CAAC,GAAG,CAAC,EAAE,CAAC,CAAC;IACpB,CAAC;IAED;;;;OAIG;IACI,GAAG,CAAC,OAAqC;QAC5C,IAAI,OAAO,YAAY,aAAK,EAAE;YAC1B,IAAI,CAAC,SAAS,EAAE,CAAC,OAAO,CAAC,KAAK,CAAC,EAAE;gBAC7B,IAAG,KAAK,IAAI,OAAO,CAAC,OAAO,EAAE,EAAE;oBAC3B,OAAO,IAAI,CAAC;iBACf;YACL,CAAC,CAAC,CAAC;SACN;aAAM,IAAI,OAAO,YAAY,aAAK,EAAE;YACjC,IAAI,CAAC,SAAS,EAAE,CAAC,OAAO,CAAC,SAAS,CAAC,EAAE;gBACjC,IAAG,SAAS,IAAI,OAAO,CAAC,OAAO,EAAE,EAAE;oBAC/B,OAAO,IAAI,CAAC;iBACf;YACL,CAAC,CAAC,CAAC;SACN;aAAM,IAAI,OAAO,YAAY,aAAK,EAAE;YACjC,IAAI,CAAC,SAAS,EAAE,CAAC,OAAO,CAAC,KAAK,CAAC,EAAE;gBAC7B,IAAI,KAAK,IAAI,OAAO,CAAC,OAAO,EAAE,EAAE;oBAC5B,OAAO,IAAI,CAAC;iBACf;YACL,CAAC,CAAC,CAAC;SACN;aAAM,IAAI,OAAO,YAAY,WAAI,EAAE;YAChC,IAAI,CAAC,QAAQ,EAAE,CAAC,OAAO,CAAC,IAAI,CAAC,EAAE;gBAC3B,IAAI,IAAI,IAAI,OAAO,CAAC,OAAO,EAAE,EAAE;oBAC3B,OAAO,IAAI,CAAC;iBACf;YACL,CAAC,CAAC,CAAC;SACN;QAED,OAAO,KAAK,CAAC;IACjB,CAAC;IAGD;;;;OAIG;IACI,MAAM,CAAC,WAAW,CAAC,OAAiB;QACvC,MAAM,SAAS,GAAa,EAAE,CAAC;QAE/B,OAAO,CAAC,OAAO,CAAC,CAAC,MAAM,EAAE,EAAE;YACvB,MAAM,QAAQ,GAAG,IAAI,MAAM,CAAC,MAAM,CAAC,IAAI,EAAE,MAAM,CAAC,MAAM,EACtD,MAAM,CAAC,SAAS,EAAE,MAAM,CAAC,MAAM,EAAE,MAAM,CAAC,MAAM,EAAE,MAAM,CAAC,KAAK,CAAC,CAAC;YAE9D,SAAS,CAAC,IAAI,CAAC,QAAQ,CAAC,CAAC;QAC7B,CAAC,CAAC,CAAC;QAEH,OAAO,SAAS,CAAC;IACrB,CAAC;CACJ;AApND,wBAoNC","sourcesContent":["import { Album } from \"./album\";\nimport { Genre } from \"./genre\";\nimport { Group } from \"./group\";\nimport { Song } from \"./song\";\n\n/**\n * Clase que define un artista con sus atributos y métodos\n */\nexport class Artist {\n\n    /**\n     * \n     * @param name \n     * @param genres \n     * @param listeners \n     * @param groups \n     * @param albums \n     * @param songs \n     */\n    constructor(\n        private name: string,\n        private genres: Array<string> = [],\n        private listeners: number = 0,\n        private groups: Array<string> = [],\n        private albums: Array<string> = [],\n        private songs: Array<string> = [],\n    ) {}\n\n    /**\n     * Devuelve los grupos de los que forma parte el artista\n     * @returns Array<string>\n     */\n    public getGroups(): Array<string> {\n        return this.groups;\n    }\n\n    /**\n     * Devuelve los albumes del artista\n     * @returns Array<Album>\n     */\n    public getAlbums(): Array<string> {\n        return this.albums;\n    }\n\n    /**\n     * Devuelve las canciones del artista\n     * @returns Array<string>\n     */\n    public getSongs(): Array<string> {\n        return this.songs;\n    }\n\n    /**\n     * Devuelve el nombre del artista\n     * @returns string\n     */\n    public getName(): string {\n        return this.name;\n    }\n\n    /**\n     * Devuelve los géneros asociados con el artista\n     * @returns \n     */\n    public getGenres(): Array<string> {\n        return this.genres;\n    }\n\n    /**\n     * Devuelve el número de oyentes\n     * @returns number\n     */\n    public getListeners(): number {\n        return this.listeners;\n    }\n\n    /**\n     * Añade un nuevo género a los asociados al artista cuando se añade a la base de datos una nueva canción.\n     * @param newGenre Genre\n     */\n    public addGenre(newGenre: string) {\n        if(!this.genres.includes(newGenre))\n            this.genres.push(newGenre);\n    }\n\n    /**\n     * Añade un nueva canción al artista cuando se añade una nueva canción suya a la base de datos. \n     * @param newSong \n     */\n    public addSong(newSong: Song) {\n        this.songs.push(newSong.getName());\n    }\n\n    /**\n     * Añade un nuevo grupo al artista cuando se añade un nuevo grupo al que pertenece a la base de datos. \n     * @param newSong \n     */\n    public addGroup(newGroup: Group) {\n        this.groups.push(newGroup.getName());\n    }\n\n    /**\n     * Suma los nuevos oyentes al artista cuando se añade una nueva canción\n     * @param newData number\n     */\n    public updateListeners(newData: number) {\n        this.listeners += newData;\n    }\n\n    /**\n     * Añade un album a los relacionados con el artista\n     * @param newAlbum Album\n     */\n    public addAlbum(newAlbum: Album) {\n        this.albums.push(newAlbum.getName())\n    }\n\n    /**\n     * Comprueba si this.artist es igual al artista introducido por parametros\n     * @param artist \n     * @returns \n     */\n    public same(artist: Artist | Group): boolean {\n        if (artist instanceof Group) {\n            return false;\n        }\n        return this.getName() === artist.getName();\n    }\n\n    /**\n     * Imprime por pantalla una cadena correctamente formateada con la canción del artista\n     */\n    public print() {\n        console.log(`ARTISTA: **${this.getName()}**`);\n        if (this.getAlbums().length > 0) {\n            console.log('\\tAlbums:')\n            this.getAlbums().forEach((album) => {\n                console.log(`\\t   - ${album}`);\n\n            });\n        } else {\n            console.log(`\\tEste artista no tiene albumes relacionados`);\n        }\n\n        if (this.getSongs().length > 0) {\n            console.log('\\tCanciones:')\n            this.getSongs().forEach((song) => {\n                console.log(`\\t   - ${song}`);\n\n            });\n        } else {\n            console.log(`\\tEste artista no tiene canciones aun`);\n        }\n\n        if (this.getGenres().length > 0) {\n            console.log('\\tGeneros::')\n            this.getGenres().forEach((genre) => {\n                console.log(`\\t   - ${genre}`);\n\n            });\n        } else {\n            console.log(`\\tEste artista no tiene generos relacionados aun`);\n        }\n\n        console.log('');\n    }\n\n    /**\n     * Comprueba si uno de los elementos pertenece al artista\n     * @param element \n     * @returns \n     */\n    public has(element: Genre | Group | Album | Song): boolean {\n        if (element instanceof Genre) {\n            this.getGenres().forEach(genre => {\n                if(genre == element.getName()) {\n                    return true;\n                }\n            });\n        } else if (element instanceof Group) {\n            this.getGroups().forEach(component => {\n                if(component == element.getName()) {\n                    return true;\n                }\n            });\n        } else if (element instanceof Album) {\n            this.getAlbums().forEach(album => {\n                if (album == element.getName()) {\n                    return true;\n                }\n            });\n        } else if (element instanceof Song) {\n            this.getSongs().forEach(song => {\n                if (song == element.getName()) {\n                    return true;\n                }\n            });\n        }\n        \n        return false;\n    }\n\n\n    /**\n     * Convierte un conjunto de artistas con formato json a un conjunto de artistas objeto\n     * @param artists \n     * @returns \n     */\n    public static deserialize(artists: Artist[]): Artist[] {\n        const myArtists: Artist[] = [];\n\n        artists.forEach((artist) => {\n            const myArtist = new Artist(artist.name, artist.genres, \n            artist.listeners, artist.groups, artist.albums, artist.songs);\n\n            myArtists.push(myArtist);\n        });\n\n        return myArtists;\n    }\n}\n"]},"_coverageSchema":"1a1c01bbd47fc00a2c39e90264f33305004495a9","hash":"d105238d21ed4b00e6aaa6135b8469a38190b94f","contentHash":"b5e2a1fc6c89f3c1083d89ee330b525344146cd60f4e95f0344d0ac197ba08e0"},"/home/usuario/ull-esit-inf-dsi-21-22-prct07-music-datamodel-grupo-z/src/album.ts":{"path":"/home/usuario/ull-esit-inf-dsi-21-22-prct07-music-datamodel-grupo-z/src/album.ts","statementMap":{"0":{"start":{"line":2,"column":0},"end":{"line":2,"column":62}},"1":{"start":{"line":3,"column":0},"end":{"line":3,"column":23}},"2":{"start":{"line":4,"column":17},"end":{"line":4,"column":36}},"3":{"start":{"line":5,"column":16},"end":{"line":5,"column":34}},"4":{"start":{"line":6,"column":16},"end":{"line":6,"column":34}},"5":{"start":{"line":7,"column":15},"end":{"line":7,"column":32}},"6":{"start":{"line":21,"column":8},"end":{"line":21,"column":25}},"7":{"start":{"line":22,"column":8},"end":{"line":22,"column":31}},"8":{"start":{"line":23,"column":8},"end":{"line":23,"column":25}},"9":{"start":{"line":24,"column":8},"end":{"line":24,"column":27}},"10":{"start":{"line":25,"column":8},"end":{"line":25,"column":29}},"11":{"start":{"line":32,"column":8},"end":{"line":32,"column":25}},"12":{"start":{"line":39,"column":8},"end":{"line":39,"column":28}},"13":{"start":{"line":46,"column":8},"end":{"line":46,"column":25}},"14":{"start":{"line":53,"column":8},"end":{"line":53,"column":27}},"15":{"start":{"line":60,"column":8},"end":{"line":60,"column":26}},"16":{"start":{"line":68,"column":8},"end":{"line":84,"column":9}},"17":{"start":{"line":69,"column":12},"end":{"line":79,"column":15}},"18":{"start":{"line":70,"column":27},"end":{"line":70,"column":32}},"19":{"start":{"line":71,"column":16},"end":{"line":75,"column":19}},"20":{"start":{"line":72,"column":20},"end":{"line":74,"column":21}},"21":{"start":{"line":73,"column":24},"end":{"line":73,"column":36}},"22":{"start":{"line":76,"column":16},"end":{"line":78,"column":17}},"23":{"start":{"line":77,"column":20},"end":{"line":77,"column":33}},"24":{"start":{"line":80,"column":12},"end":{"line":82,"column":13}},"25":{"start":{"line":81,"column":16},"end":{"line":81,"column":29}},"26":{"start":{"line":83,"column":12},"end":{"line":83,"column":24}},"27":{"start":{"line":85,"column":8},"end":{"line":85,"column":21}},"28":{"start":{"line":91,"column":8},"end":{"line":91,"column":52}},"29":{"start":{"line":92,"column":8},"end":{"line":92,"column":55}},"30":{"start":{"line":93,"column":8},"end":{"line":93,"column":48}},"31":{"start":{"line":94,"column":8},"end":{"line":94,"column":36}},"32":{"start":{"line":95,"column":8},"end":{"line":97,"column":11}},"33":{"start":{"line":96,"column":12},"end":{"line":96,"column":42}},"34":{"start":{"line":98,"column":8},"end":{"line":98,"column":22}},"35":{"start":{"line":106,"column":8},"end":{"line":124,"column":9}},"36":{"start":{"line":107,"column":12},"end":{"line":111,"column":15}},"37":{"start":{"line":108,"column":16},"end":{"line":110,"column":17}},"38":{"start":{"line":109,"column":20},"end":{"line":109,"column":32}},"39":{"start":{"line":113,"column":13},"end":{"line":124,"column":9}},"40":{"start":{"line":114,"column":12},"end":{"line":116,"column":13}},"41":{"start":{"line":115,"column":16},"end":{"line":115,"column":28}},"42":{"start":{"line":118,"column":13},"end":{"line":124,"column":9}},"43":{"start":{"line":119,"column":12},"end":{"line":123,"column":15}},"44":{"start":{"line":120,"column":16},"end":{"line":122,"column":17}},"45":{"start":{"line":121,"column":20},"end":{"line":121,"column":32}},"46":{"start":{"line":125,"column":8},"end":{"line":125,"column":21}},"47":{"start":{"line":133,"column":25},"end":{"line":133,"column":27}},"48":{"start":{"line":134,"column":8},"end":{"line":137,"column":11}},"49":{"start":{"line":135,"column":28},"end":{"line":135,"column":103}},"50":{"start":{"line":136,"column":12},"end":{"line":136,"column":35}},"51":{"start":{"line":138,"column":8},"end":{"line":138,"column":24}},"52":{"start":{"line":141,"column":0},"end":{"line":141,"column":22}}},"fnMap":{"0":{"name":"(anonymous_0)","decl":{"start":{"line":20,"column":4},"end":{"line":20,"column":5}},"loc":{"start":{"line":20,"column":52},"end":{"line":26,"column":5}},"line":20},"1":{"name":"(anonymous_1)","decl":{"start":{"line":31,"column":4},"end":{"line":31,"column":5}},"loc":{"start":{"line":31,"column":14},"end":{"line":33,"column":5}},"line":31},"2":{"name":"(anonymous_2)","decl":{"start":{"line":38,"column":4},"end":{"line":38,"column":5}},"loc":{"start":{"line":38,"column":17},"end":{"line":40,"column":5}},"line":38},"3":{"name":"(anonymous_3)","decl":{"start":{"line":45,"column":4},"end":{"line":45,"column":5}},"loc":{"start":{"line":45,"column":14},"end":{"line":47,"column":5}},"line":45},"4":{"name":"(anonymous_4)","decl":{"start":{"line":52,"column":4},"end":{"line":52,"column":5}},"loc":{"start":{"line":52,"column":16},"end":{"line":54,"column":5}},"line":52},"5":{"name":"(anonymous_5)","decl":{"start":{"line":59,"column":4},"end":{"line":59,"column":5}},"loc":{"start":{"line":59,"column":15},"end":{"line":61,"column":5}},"line":59},"6":{"name":"(anonymous_6)","decl":{"start":{"line":67,"column":4},"end":{"line":67,"column":5}},"loc":{"start":{"line":67,"column":16},"end":{"line":86,"column":5}},"line":67},"7":{"name":"(anonymous_7)","decl":{"start":{"line":69,"column":36},"end":{"line":69,"column":37}},"loc":{"start":{"line":69,"column":45},"end":{"line":79,"column":13}},"line":69},"8":{"name":"(anonymous_8)","decl":{"start":{"line":71,"column":41},"end":{"line":71,"column":42}},"loc":{"start":{"line":71,"column":50},"end":{"line":75,"column":17}},"line":71},"9":{"name":"(anonymous_9)","decl":{"start":{"line":90,"column":4},"end":{"line":90,"column":5}},"loc":{"start":{"line":90,"column":12},"end":{"line":99,"column":5}},"line":90},"10":{"name":"(anonymous_10)","decl":{"start":{"line":95,"column":32},"end":{"line":95,"column":33}},"loc":{"start":{"line":95,"column":40},"end":{"line":97,"column":9}},"line":95},"11":{"name":"(anonymous_11)","decl":{"start":{"line":105,"column":4},"end":{"line":105,"column":5}},"loc":{"start":{"line":105,"column":17},"end":{"line":126,"column":5}},"line":105},"12":{"name":"(anonymous_12)","decl":{"start":{"line":107,"column":37},"end":{"line":107,"column":38}},"loc":{"start":{"line":107,"column":46},"end":{"line":111,"column":13}},"line":107},"13":{"name":"(anonymous_13)","decl":{"start":{"line":119,"column":36},"end":{"line":119,"column":37}},"loc":{"start":{"line":119,"column":44},"end":{"line":123,"column":13}},"line":119},"14":{"name":"(anonymous_14)","decl":{"start":{"line":132,"column":4},"end":{"line":132,"column":5}},"loc":{"start":{"line":132,"column":31},"end":{"line":139,"column":5}},"line":132},"15":{"name":"(anonymous_15)","decl":{"start":{"line":134,"column":23},"end":{"line":134,"column":24}},"loc":{"start":{"line":134,"column":34},"end":{"line":137,"column":9}},"line":134}},"branchMap":{"0":{"loc":{"start":{"line":68,"column":8},"end":{"line":84,"column":9}},"type":"if","locations":[{"start":{"line":68,"column":8},"end":{"line":84,"column":9}},{"start":{"line":68,"column":8},"end":{"line":84,"column":9}}],"line":68},"1":{"loc":{"start":{"line":68,"column":12},"end":{"line":68,"column":88}},"type":"binary-expr","locations":[{"start":{"line":68,"column":13},"end":{"line":68,"column":47}},{"start":{"line":68,"column":53},"end":{"line":68,"column":87}}],"line":68},"2":{"loc":{"start":{"line":72,"column":20},"end":{"line":74,"column":21}},"type":"if","locations":[{"start":{"line":72,"column":20},"end":{"line":74,"column":21}},{"start":{"line":72,"column":20},"end":{"line":74,"column":21}}],"line":72},"3":{"loc":{"start":{"line":76,"column":16},"end":{"line":78,"column":17}},"type":"if","locations":[{"start":{"line":76,"column":16},"end":{"line":78,"column":17}},{"start":{"line":76,"column":16},"end":{"line":78,"column":17}}],"line":76},"4":{"loc":{"start":{"line":80,"column":12},"end":{"line":82,"column":13}},"type":"if","locations":[{"start":{"line":80,"column":12},"end":{"line":82,"column":13}},{"start":{"line":80,"column":12},"end":{"line":82,"column":13}}],"line":80},"5":{"loc":{"start":{"line":106,"column":8},"end":{"line":124,"column":9}},"type":"if","locations":[{"start":{"line":106,"column":8},"end":{"line":124,"column":9}},{"start":{"line":106,"column":8},"end":{"line":124,"column":9}}],"line":106},"6":{"loc":{"start":{"line":108,"column":16},"end":{"line":110,"column":17}},"type":"if","locations":[{"start":{"line":108,"column":16},"end":{"line":110,"column":17}},{"start":{"line":108,"column":16},"end":{"line":110,"column":17}}],"line":108},"7":{"loc":{"start":{"line":113,"column":13},"end":{"line":124,"column":9}},"type":"if","locations":[{"start":{"line":113,"column":13},"end":{"line":124,"column":9}},{"start":{"line":113,"column":13},"end":{"line":124,"column":9}}],"line":113},"8":{"loc":{"start":{"line":113,"column":37},"end":{"line":113,"column":69}},"type":"binary-expr","locations":[{"start":{"line":113,"column":37},"end":{"line":113,"column":52}},{"start":{"line":113,"column":56},"end":{"line":113,"column":69}}],"line":113},"9":{"loc":{"start":{"line":114,"column":12},"end":{"line":116,"column":13}},"type":"if","locations":[{"start":{"line":114,"column":12},"end":{"line":116,"column":13}},{"start":{"line":114,"column":12},"end":{"line":116,"column":13}}],"line":114},"10":{"loc":{"start":{"line":118,"column":13},"end":{"line":124,"column":9}},"type":"if","locations":[{"start":{"line":118,"column":13},"end":{"line":124,"column":9}},{"start":{"line":118,"column":13},"end":{"line":124,"column":9}}],"line":118},"11":{"loc":{"start":{"line":120,"column":16},"end":{"line":122,"column":17}},"type":"if","locations":[{"start":{"line":120,"column":16},"end":{"line":122,"column":17}},{"start":{"line":120,"column":16},"end":{"line":122,"column":17}}],"line":120}},"s":{"0":1,"1":1,"2":1,"3":1,"4":1,"5":1,"6":21,"7":21,"8":21,"9":21,"10":21,"11":37,"12":73,"13":10,"14":32,"15":11,"16":4,"17":3,"18":6,"19":6,"20":12,"21":6,"22":6,"23":0,"24":3,"25":1,"26":2,"27":1,"28":0,"29":0,"30":0,"31":0,"32":0,"33":0,"34":0,"35":2,"36":0,"37":0,"38":0,"39":2,"40":2,"41":1,"42":0,"43":0,"44":0,"45":0,"46":1,"47":3,"48":3,"49":9,"50":9,"51":3,"52":1},"f":{"0":21,"1":37,"2":73,"3":10,"4":32,"5":11,"6":4,"7":6,"8":12,"9":0,"10":0,"11":2,"12":0,"13":0,"14":3,"15":9},"b":{"0":[3,1],"1":[4,4],"2":[6,6],"3":[0,6],"4":[1,2],"5":[0,2],"6":[0,0],"7":[2,0],"8":[2,0],"9":[1,1],"10":[0,0],"11":[0,0]},"inputSourceMap":{"version":3,"file":"/home/usuario/ull-esit-inf-dsi-21-22-prct07-music-datamodel-grupo-z/src/album.ts","sources":["/home/usuario/ull-esit-inf-dsi-21-22-prct07-music-datamodel-grupo-z/src/album.ts"],"names":[],"mappings":";;;AAAA,qCAAkC;AAClC,mCAAgC;AAChC,mCAAgC;AAChC,iCAA8B;AAE9B;;GAEG;AACH,MAAa,KAAK;IACd;;;;;;;OAOG;IACH,YACY,IAAY,EACZ,OAAe,EACf,IAAY,EACZ,KAAoB,EACpB,MAAqB;QAJrB,SAAI,GAAJ,IAAI,CAAQ;QACZ,YAAO,GAAP,OAAO,CAAQ;QACf,SAAI,GAAJ,IAAI,CAAQ;QACZ,UAAK,GAAL,KAAK,CAAe;QACpB,WAAM,GAAN,MAAM,CAAe;IAC9B,CAAC;IAGJ;;;OAGG;IACI,OAAO;QACV,OAAO,IAAI,CAAC,IAAI,CAAC;IACrB,CAAC;IAED;;;OAGG;IACI,UAAU;QACb,OAAO,IAAI,CAAC,OAAO,CAAC;IACxB,CAAC;IAED;;;OAGG;IACI,OAAO;QACV,OAAO,IAAI,CAAC,IAAI,CAAC;IACrB,CAAC;IAED;;;OAGG;IACI,SAAS;QACZ,OAAO,IAAI,CAAC,MAAM,CAAC;IACvB,CAAC;IAED;;;OAGG;IACI,QAAQ;QACX,OAAO,IAAI,CAAC,KAAK,CAAC;IACtB,CAAC;IAED;;;;OAIG;IACI,IAAI,CAAC,KAAY;QACpB,IAAI,CAAC,IAAI,CAAC,OAAO,EAAE,KAAK,KAAK,CAAC,OAAO,EAAE,CAAC,IAAI,CAAC,IAAI,CAAC,OAAO,EAAE,KAAK,KAAK,CAAC,OAAO,EAAE,CAAC,EAAE;YAC9E,IAAI,CAAC,QAAQ,EAAE,CAAC,OAAO,CAAC,KAAK,CAAC,EAAE;gBAC5B,IAAI,IAAI,GAAY,KAAK,CAAC;gBAC1B,KAAK,CAAC,QAAQ,EAAE,CAAC,OAAO,CAAC,KAAK,CAAC,EAAE;oBAC7B,IAAI,KAAK,IAAI,KAAK,EAAE;wBAChB,IAAI,GAAG,IAAI,CAAC;qBACf;gBACL,CAAC,CAAC,CAAC;gBACH,IAAI,CAAC,IAAI,EAAE;oBACP,OAAO,KAAK,CAAC;iBAChB;YACL,CAAC,CAAC,CAAC;YAEH,IAAI,KAAK,CAAC,UAAU,EAAE,IAAI,IAAI,CAAC,UAAU,EAAE,EAAE;gBACzC,OAAO,KAAK,CAAC;aAChB;YAED,OAAO,IAAI,CAAC;SACf;QACD,OAAO,KAAK,CAAC;IACjB,CAAC;IAED;;OAEG;IACI,KAAK;QACR,OAAO,CAAC,GAAG,CAAC,YAAY,IAAI,CAAC,OAAO,EAAE,IAAI,CAAC,CAAC;QAC5C,OAAO,CAAC,GAAG,CAAC,cAAc,IAAI,CAAC,UAAU,EAAE,EAAE,CAAC,CAAC;QAE/C,OAAO,CAAC,GAAG,CAAC,UAAU,IAAI,CAAC,OAAO,EAAE,EAAE,CAAC,CAAC;QAExC,OAAO,CAAC,GAAG,CAAC,cAAc,CAAC,CAAA;QAC3B,IAAI,CAAC,QAAQ,EAAE,CAAC,OAAO,CAAC,IAAI,CAAC,EAAE;YAC3B,OAAO,CAAC,GAAG,CAAC,UAAU,IAAI,EAAE,CAAC,CAAC;QAClC,CAAC,CAAC,CAAC;QAEH,OAAO,CAAC,GAAG,EAAE,CAAC;IAClB,CAAC;IAED;;;;OAIG;IACI,GAAG,CAAC,OAAsC;QAC7C,IAAI,OAAO,YAAY,aAAK,EAAE;YAC1B,IAAI,CAAC,SAAS,EAAE,CAAC,OAAO,CAAC,KAAK,CAAC,EAAE;gBAC7B,IAAI,KAAK,IAAI,OAAO,CAAC,OAAO,EAAE,EAAE;oBAC5B,OAAO,IAAI,CAAC;iBACf;YACL,CAAC,CAAC,CAAC;SACN;aAAM,IAAI,OAAO,YAAY,CAAC,eAAM,IAAI,aAAK,CAAC,EAAE;YAC7C,IAAI,IAAI,CAAC,UAAU,EAAE,IAAI,OAAO,CAAC,OAAO,EAAE,EAAE;gBACpC,OAAO,IAAI,CAAC;aACnB;SACJ;aAAM,IAAI,OAAO,YAAY,WAAI,EAAE;YAChC,IAAI,CAAC,QAAQ,EAAE,CAAC,OAAO,CAAC,IAAI,CAAC,EAAE;gBAC3B,IAAI,IAAI,IAAI,OAAO,CAAC,OAAO,EAAE,EAAE;oBAC3B,OAAO,IAAI,CAAC;iBACf;YACL,CAAC,CAAC,CAAC;SACN;QAED,OAAO,KAAK,CAAC;IACjB,CAAC;IAED;;;;OAIG;IACI,MAAM,CAAC,WAAW,CAAC,MAAe;QACrC,MAAM,QAAQ,GAAY,EAAE,CAAC;QAE7B,MAAM,CAAC,OAAO,CAAC,CAAC,KAAK,EAAE,EAAE;YACrB,MAAM,OAAO,GAAG,IAAI,KAAK,CAAC,KAAK,CAAC,IAAI,EAAE,KAAK,CAAC,OAAO,EACnD,KAAK,CAAC,IAAI,EAAE,KAAK,CAAC,KAAK,EAAE,KAAK,CAAC,MAAM,CAAC,CAAC;YAEvC,QAAQ,CAAC,IAAI,CAAC,OAAO,CAAC,CAAC;QAC3B,CAAC,CAAC,CAAC;QAEH,OAAO,QAAQ,CAAC;IACpB,CAAC;CACJ;AAnJD,sBAmJC;AAAA,CAAC","sourcesContent":["import { Artist } from \"./artist\";\nimport { Genre } from \"./genre\";\nimport { Group } from \"./group\";\nimport { Song } from \"./song\";\n\n/**\n * Clase que define un album con sus atributos y métodos\n */\nexport class Album {\n    /**\n     * Constructor de la clase album. Recibe el nombre, creador, año y canciones. Los géneros asociados\n     * se calculan a partir de las canciones\n     * @param name string\n     * @param creator Artist | Group\n     * @param year number\n     * @param songs Array<Song>\n     */ \n    constructor(\n        private name: string,\n        private creator: string,\n        private year: number,\n        private songs: Array<string>,\n        private genres: Array<string>,\n    ) {}\n\n\n    /**\n     * Devuelve el nombre del album\n     * @returns string\n     */\n    public getName(): string {\n        return this.name;\n    }\n\n    /**\n     * Devuelve el creador del album. Albuma o grupo\n     * @returns \n     */\n    public getCreator(): string {\n        return this.creator;\n    }\n\n    /**\n     * Devuelve el año de lanzamiento del album\n     * @returns number\n     */\n    public getYear(): number {\n        return this.year;\n    }\n\n    /**\n     * Devuelve los géneros del album\n     * @returns Array<Genre>\n     */\n    public getGenres(): Array<string> {\n        return this.genres;\n    }\n\n    /**\n     * Devuelve las canciones del album\n     * @returns Array<Song>\n     */\n    public getSongs(): Array<string> {\n        return this.songs;\n    }\n\n    /**\n     * Comprueba si this.album es igual al album introducido por parametros\n     * @param album \n     * @returns \n     */\n    public same(album: Album): boolean {\n        if ((this.getName() === album.getName()) && (this.getYear() === album.getYear())) { \n            this.getSongs().forEach(song1 => {\n                let same: boolean = false;\n                album.getSongs().forEach(song2 => {\n                    if (song1 == song2) {\n                        same = true;\n                    }\n                });\n                if (!same) {\n                    return false;\n                }\n            });\n\n            if (album.getCreator() != this.getCreator()) {\n                return false;\n            }\n\n            return true;\n        }\n        return false;\n    }\n\n    /**\n     * Imprime una cadena correctamente formateada con la información del album\n     */\n    public print() {\n        console.log(`ALBUM: **${this.getName()}**`);\n        console.log(`\\tCreador: ${this.getCreator()}`);\n\n        console.log(`\\tAño: ${this.getYear()}`);\n\n        console.log(`\\tCanciones:`)\n        this.getSongs().forEach(song => {\n            console.log(`\\t   - ${song}`);\n        });\n\n        console.log();\n    }\n\n    /**\n     * Comprueba si uno de los elementos pertenece al album\n     * @param element \n     * @returns \n     */\n    public has(element: Genre | Artist | Group | Song): boolean {\n        if (element instanceof Genre) {\n            this.getGenres().forEach(genre => {\n                if (genre == element.getName()) {\n                    return true;\n                }\n            });\n        } else if (element instanceof (Artist || Group)) {\n            if (this.getCreator() == element.getName()) {\n                    return true;\n            }\n        } else if (element instanceof Song) {\n            this.getSongs().forEach(song => {\n                if (song == element.getName()) {\n                    return true;\n                }\n            });\n        } \n\n        return false;\n    }\n\n    /**\n     * Convierte un conjunto de albumes con formato json a un conjunto de albumes objeto\n     * @param albums \n     * @returns \n     */\n    public static deserialize(albums: Album[]): Album[] {\n        const myAlbums: Album[] = [];\n\n        albums.forEach((album) => {\n            const myAlbum = new Album(album.name, album.creator, \n            album.year, album.songs, album.genres);\n\n            myAlbums.push(myAlbum);\n        });\n\n        return myAlbums;\n    }\n};"]},"_coverageSchema":"1a1c01bbd47fc00a2c39e90264f33305004495a9","hash":"6dba64adac53b2a3af166eb6b1c2955ce76cd8d5","contentHash":"586f6cc3fd93420d515791d918446b63e6683e0f8a77f737a49a2c3a16f64e3c"},"/home/usuario/ull-esit-inf-dsi-21-22-prct07-music-datamodel-grupo-z/src/genre.ts":{"path":"/home/usuario/ull-esit-inf-dsi-21-22-prct07-music-datamodel-grupo-z/src/genre.ts","statementMap":{"0":{"start":{"line":2,"column":0},"end":{"line":2,"column":62}},"1":{"start":{"line":3,"column":0},"end":{"line":3,"column":23}},"2":{"start":{"line":4,"column":16},"end":{"line":4,"column":34}},"3":{"start":{"line":5,"column":17},"end":{"line":5,"column":36}},"4":{"start":{"line":6,"column":16},"end":{"line":6,"column":34}},"5":{"start":{"line":7,"column":15},"end":{"line":7,"column":32}},"6":{"start":{"line":17,"column":8},"end":{"line":17,"column":25}},"7":{"start":{"line":18,"column":8},"end":{"line":18,"column":37}},"8":{"start":{"line":19,"column":8},"end":{"line":19,"column":29}},"9":{"start":{"line":20,"column":8},"end":{"line":20,"column":27}},"10":{"start":{"line":27,"column":8},"end":{"line":27,"column":25}},"11":{"start":{"line":34,"column":8},"end":{"line":34,"column":31}},"12":{"start":{"line":41,"column":8},"end":{"line":41,"column":27}},"13":{"start":{"line":48,"column":8},"end":{"line":48,"column":26}},"14":{"start":{"line":51,"column":8},"end":{"line":51,"column":35}},"15":{"start":{"line":58,"column":8},"end":{"line":59,"column":44}},"16":{"start":{"line":59,"column":12},"end":{"line":59,"column":44}},"17":{"start":{"line":66,"column":8},"end":{"line":66,"column":43}},"18":{"start":{"line":74,"column":8},"end":{"line":74,"column":50}},"19":{"start":{"line":80,"column":8},"end":{"line":80,"column":53}},"20":{"start":{"line":81,"column":8},"end":{"line":89,"column":9}},"21":{"start":{"line":82,"column":12},"end":{"line":82,"column":39}},"22":{"start":{"line":83,"column":12},"end":{"line":85,"column":15}},"23":{"start":{"line":84,"column":16},"end":{"line":84,"column":46}},"24":{"start":{"line":88,"column":12},"end":{"line":88,"column":75}},"25":{"start":{"line":90,"column":8},"end":{"line":98,"column":9}},"26":{"start":{"line":91,"column":12},"end":{"line":91,"column":53}},"27":{"start":{"line":92,"column":12},"end":{"line":94,"column":15}},"28":{"start":{"line":93,"column":16},"end":{"line":93,"column":50}},"29":{"start":{"line":97,"column":12},"end":{"line":97,"column":76}},"30":{"start":{"line":99,"column":8},"end":{"line":107,"column":9}},"31":{"start":{"line":100,"column":12},"end":{"line":100,"column":41}},"32":{"start":{"line":101,"column":12},"end":{"line":103,"column":15}},"33":{"start":{"line":102,"column":16},"end":{"line":102,"column":45}},"34":{"start":{"line":106,"column":12},"end":{"line":106,"column":74}},"35":{"start":{"line":108,"column":8},"end":{"line":108,"column":22}},"36":{"start":{"line":116,"column":8},"end":{"line":136,"column":9}},"37":{"start":{"line":117,"column":12},"end":{"line":121,"column":15}},"38":{"start":{"line":118,"column":16},"end":{"line":120,"column":17}},"39":{"start":{"line":119,"column":20},"end":{"line":119,"column":32}},"40":{"start":{"line":123,"column":13},"end":{"line":136,"column":9}},"41":{"start":{"line":124,"column":12},"end":{"line":128,"column":15}},"42":{"start":{"line":125,"column":16},"end":{"line":127,"column":17}},"43":{"start":{"line":126,"column":20},"end":{"line":126,"column":32}},"44":{"start":{"line":130,"column":13},"end":{"line":136,"column":9}},"45":{"start":{"line":131,"column":12},"end":{"line":135,"column":15}},"46":{"start":{"line":132,"column":16},"end":{"line":134,"column":17}},"47":{"start":{"line":133,"column":20},"end":{"line":133,"column":32}},"48":{"start":{"line":137,"column":8},"end":{"line":137,"column":21}},"49":{"start":{"line":145,"column":25},"end":{"line":145,"column":27}},"50":{"start":{"line":146,"column":8},"end":{"line":149,"column":11}},"51":{"start":{"line":147,"column":28},"end":{"line":147,"column":94}},"52":{"start":{"line":148,"column":12},"end":{"line":148,"column":35}},"53":{"start":{"line":150,"column":8},"end":{"line":150,"column":24}},"54":{"start":{"line":153,"column":0},"end":{"line":153,"column":22}}},"fnMap":{"0":{"name":"(anonymous_0)","decl":{"start":{"line":16,"column":4},"end":{"line":16,"column":5}},"loc":{"start":{"line":16,"column":64},"end":{"line":21,"column":5}},"line":16},"1":{"name":"(anonymous_1)","decl":{"start":{"line":26,"column":4},"end":{"line":26,"column":5}},"loc":{"start":{"line":26,"column":14},"end":{"line":28,"column":5}},"line":26},"2":{"name":"(anonymous_2)","decl":{"start":{"line":33,"column":4},"end":{"line":33,"column":5}},"loc":{"start":{"line":33,"column":20},"end":{"line":35,"column":5}},"line":33},"3":{"name":"(anonymous_3)","decl":{"start":{"line":40,"column":4},"end":{"line":40,"column":5}},"loc":{"start":{"line":40,"column":16},"end":{"line":42,"column":5}},"line":40},"4":{"name":"(anonymous_4)","decl":{"start":{"line":47,"column":4},"end":{"line":47,"column":5}},"loc":{"start":{"line":47,"column":15},"end":{"line":49,"column":5}},"line":47},"5":{"name":"(anonymous_5)","decl":{"start":{"line":50,"column":4},"end":{"line":50,"column":5}},"loc":{"start":{"line":50,"column":23},"end":{"line":52,"column":5}},"line":50},"6":{"name":"(anonymous_6)","decl":{"start":{"line":57,"column":4},"end":{"line":57,"column":5}},"loc":{"start":{"line":57,"column":25},"end":{"line":60,"column":5}},"line":57},"7":{"name":"(anonymous_7)","decl":{"start":{"line":65,"column":4},"end":{"line":65,"column":5}},"loc":{"start":{"line":65,"column":21},"end":{"line":67,"column":5}},"line":65},"8":{"name":"(anonymous_8)","decl":{"start":{"line":73,"column":4},"end":{"line":73,"column":5}},"loc":{"start":{"line":73,"column":16},"end":{"line":75,"column":5}},"line":73},"9":{"name":"(anonymous_9)","decl":{"start":{"line":79,"column":4},"end":{"line":79,"column":5}},"loc":{"start":{"line":79,"column":12},"end":{"line":109,"column":5}},"line":79},"10":{"name":"(anonymous_10)","decl":{"start":{"line":83,"column":37},"end":{"line":83,"column":38}},"loc":{"start":{"line":83,"column":46},"end":{"line":85,"column":13}},"line":83},"11":{"name":"(anonymous_11)","decl":{"start":{"line":92,"column":41},"end":{"line":92,"column":42}},"loc":{"start":{"line":92,"column":54},"end":{"line":94,"column":13}},"line":92},"12":{"name":"(anonymous_12)","decl":{"start":{"line":101,"column":36},"end":{"line":101,"column":37}},"loc":{"start":{"line":101,"column":44},"end":{"line":103,"column":13}},"line":101},"13":{"name":"(anonymous_13)","decl":{"start":{"line":115,"column":4},"end":{"line":115,"column":5}},"loc":{"start":{"line":115,"column":17},"end":{"line":138,"column":5}},"line":115},"14":{"name":"(anonymous_14)","decl":{"start":{"line":117,"column":41},"end":{"line":117,"column":42}},"loc":{"start":{"line":117,"column":54},"end":{"line":121,"column":13}},"line":117},"15":{"name":"(anonymous_15)","decl":{"start":{"line":124,"column":37},"end":{"line":124,"column":38}},"loc":{"start":{"line":124,"column":46},"end":{"line":128,"column":13}},"line":124},"16":{"name":"(anonymous_16)","decl":{"start":{"line":131,"column":36},"end":{"line":131,"column":37}},"loc":{"start":{"line":131,"column":44},"end":{"line":135,"column":13}},"line":131},"17":{"name":"(anonymous_17)","decl":{"start":{"line":144,"column":4},"end":{"line":144,"column":5}},"loc":{"start":{"line":144,"column":31},"end":{"line":151,"column":5}},"line":144},"18":{"name":"(anonymous_18)","decl":{"start":{"line":146,"column":23},"end":{"line":146,"column":24}},"loc":{"start":{"line":146,"column":34},"end":{"line":149,"column":9}},"line":146}},"branchMap":{"0":{"loc":{"start":{"line":16,"column":22},"end":{"line":16,"column":37}},"type":"default-arg","locations":[{"start":{"line":16,"column":35},"end":{"line":16,"column":37}}],"line":16},"1":{"loc":{"start":{"line":16,"column":39},"end":{"line":16,"column":50}},"type":"default-arg","locations":[{"start":{"line":16,"column":48},"end":{"line":16,"column":50}}],"line":16},"2":{"loc":{"start":{"line":16,"column":52},"end":{"line":16,"column":62}},"type":"default-arg","locations":[{"start":{"line":16,"column":60},"end":{"line":16,"column":62}}],"line":16},"3":{"loc":{"start":{"line":58,"column":8},"end":{"line":59,"column":44}},"type":"if","locations":[{"start":{"line":58,"column":8},"end":{"line":59,"column":44}},{"start":{"line":58,"column":8},"end":{"line":59,"column":44}}],"line":58},"4":{"loc":{"start":{"line":81,"column":8},"end":{"line":89,"column":9}},"type":"if","locations":[{"start":{"line":81,"column":8},"end":{"line":89,"column":9}},{"start":{"line":81,"column":8},"end":{"line":89,"column":9}}],"line":81},"5":{"loc":{"start":{"line":90,"column":8},"end":{"line":98,"column":9}},"type":"if","locations":[{"start":{"line":90,"column":8},"end":{"line":98,"column":9}},{"start":{"line":90,"column":8},"end":{"line":98,"column":9}}],"line":90},"6":{"loc":{"start":{"line":99,"column":8},"end":{"line":107,"column":9}},"type":"if","locations":[{"start":{"line":99,"column":8},"end":{"line":107,"column":9}},{"start":{"line":99,"column":8},"end":{"line":107,"column":9}}],"line":99},"7":{"loc":{"start":{"line":116,"column":8},"end":{"line":136,"column":9}},"type":"if","locations":[{"start":{"line":116,"column":8},"end":{"line":136,"column":9}},{"start":{"line":116,"column":8},"end":{"line":136,"column":9}}],"line":116},"8":{"loc":{"start":{"line":116,"column":32},"end":{"line":116,"column":64}},"type":"binary-expr","locations":[{"start":{"line":116,"column":32},"end":{"line":116,"column":47}},{"start":{"line":116,"column":51},"end":{"line":116,"column":64}}],"line":116},"9":{"loc":{"start":{"line":118,"column":16},"end":{"line":120,"column":17}},"type":"if","locations":[{"start":{"line":118,"column":16},"end":{"line":120,"column":17}},{"start":{"line":118,"column":16},"end":{"line":120,"column":17}}],"line":118},"10":{"loc":{"start":{"line":123,"column":13},"end":{"line":136,"column":9}},"type":"if","locations":[{"start":{"line":123,"column":13},"end":{"line":136,"column":9}},{"start":{"line":123,"column":13},"end":{"line":136,"column":9}}],"line":123},"11":{"loc":{"start":{"line":125,"column":16},"end":{"line":127,"column":17}},"type":"if","locations":[{"start":{"line":125,"column":16},"end":{"line":127,"column":17}},{"start":{"line":125,"column":16},"end":{"line":127,"column":17}}],"line":125},"12":{"loc":{"start":{"line":130,"column":13},"end":{"line":136,"column":9}},"type":"if","locations":[{"start":{"line":130,"column":13},"end":{"line":136,"column":9}},{"start":{"line":130,"column":13},"end":{"line":136,"column":9}}],"line":130},"13":{"loc":{"start":{"line":132,"column":16},"end":{"line":134,"column":17}},"type":"if","locations":[{"start":{"line":132,"column":16},"end":{"line":134,"column":17}},{"start":{"line":132,"column":16},"end":{"line":134,"column":17}}],"line":132}},"s":{"0":1,"1":1,"2":1,"3":1,"4":1,"5":1,"6":294,"7":294,"8":294,"9":294,"10":352,"11":4,"12":4,"13":4,"14":4,"15":21,"16":13,"17":21,"18":0,"19":0,"20":0,"21":0,"22":0,"23":0,"24":0,"25":0,"26":0,"27":0,"28":0,"29":0,"30":0,"31":0,"32":0,"33":0,"34":0,"35":0,"36":0,"37":0,"38":0,"39":0,"40":0,"41":0,"42":0,"43":0,"44":0,"45":0,"46":0,"47":0,"48":0,"49":27,"50":27,"51":270,"52":270,"53":27,"54":1},"f":{"0":294,"1":352,"2":4,"3":4,"4":4,"5":4,"6":21,"7":21,"8":0,"9":0,"10":0,"11":0,"12":0,"13":0,"14":0,"15":0,"16":0,"17":27,"18":270},"b":{"0":[24],"1":[24],"2":[24],"3":[13,8],"4":[0,0],"5":[0,0],"6":[0,0],"7":[0,0],"8":[0,0],"9":[0,0],"10":[0,0],"11":[0,0],"12":[0,0],"13":[0,0]},"inputSourceMap":{"version":3,"file":"/home/usuario/ull-esit-inf-dsi-21-22-prct07-music-datamodel-grupo-z/src/genre.ts","sources":["/home/usuario/ull-esit-inf-dsi-21-22-prct07-music-datamodel-grupo-z/src/genre.ts"],"names":[],"mappings":";;;AAAA,mCAAgC;AAChC,qCAAkC;AAClC,mCAAgC;AAChC,iCAA8B;AAE9B;;GAEG;AACH,MAAa,KAAK;IAEd;;;OAGG;IACH,YACY,IAAY,EACZ,aAA4B,EAAE,EAC9B,SAAwB,EAAE,EAC1B,QAAuB,EAAE;QAHzB,SAAI,GAAJ,IAAI,CAAQ;QACZ,eAAU,GAAV,UAAU,CAAoB;QAC9B,WAAM,GAAN,MAAM,CAAoB;QAC1B,UAAK,GAAL,KAAK,CAAoB;IAClC,CAAC;IAEJ;;;OAGG;IACI,OAAO;QACV,OAAO,IAAI,CAAC,IAAI,CAAC;IACrB,CAAC;IAED;;;OAGG;IACI,aAAa;QAChB,OAAO,IAAI,CAAC,UAAU,CAAC;IAC3B,CAAC;IAED;;;OAGG;IACI,SAAS;QACZ,OAAO,IAAI,CAAC,MAAM,CAAC;IACvB,CAAC;IAED;;;OAGG;IACI,QAAQ;QACX,OAAO,IAAI,CAAC,KAAK,CAAA;IACrB,CAAC;IAEM,QAAQ,CAAC,QAAgB;QAC5B,IAAI,CAAC,MAAM,CAAC,IAAI,CAAC,QAAQ,CAAC,CAAA;IAC9B,CAAC;IAED;;;OAGG;IACI,SAAS,CAAC,SAAiB;QAC9B,IAAI,CAAC,IAAI,CAAC,UAAU,CAAC,QAAQ,CAAC,SAAS,CAAC;YACpC,IAAI,CAAC,UAAU,CAAC,IAAI,CAAC,SAAS,CAAC,CAAA;IACvC,CAAC;IAED;;;OAGG;IACI,OAAO,CAAC,OAAa;QACxB,IAAI,CAAC,KAAK,CAAC,IAAI,CAAC,OAAO,CAAC,OAAO,EAAE,CAAC,CAAC;IACvC,CAAC;IAED;;;;OAIG;IACI,IAAI,CAAC,KAAY;QACpB,OAAO,IAAI,CAAC,OAAO,EAAE,KAAK,KAAK,CAAC,OAAO,EAAE,CAAC;IAC9C,CAAC;IAED;;OAEG;IACI,KAAK;QACR,OAAO,CAAC,GAAG,CAAC,aAAa,IAAI,CAAC,OAAO,EAAE,IAAI,CAAC,CAAC;QAC7C,IAAI,IAAI,CAAC,SAAS,EAAE,CAAC,MAAM,GAAG,CAAC,EAAE;YAC7B,OAAO,CAAC,GAAG,CAAC,aAAa,CAAC,CAAA;YAC1B,IAAI,CAAC,SAAS,EAAE,CAAC,OAAO,CAAC,KAAK,CAAC,EAAE;gBAC7B,OAAO,CAAC,GAAG,CAAC,SAAS,KAAK,EAAE,CAAC,CAAC;YAClC,CAAC,CAAC,CAAC;SACN;aAAM;YACH,OAAO,CAAC,GAAG,CAAC,iDAAiD,CAAC,CAAC;SAClE;QAED,IAAI,IAAI,CAAC,aAAa,EAAE,CAAC,MAAM,GAAG,CAAC,EAAE;YACjC,OAAO,CAAC,GAAG,CAAC,2BAA2B,CAAC,CAAC;YACzC,IAAI,CAAC,aAAa,EAAE,CAAC,OAAO,CAAC,SAAS,CAAC,EAAE;gBACrC,OAAO,CAAC,GAAG,CAAC,SAAS,SAAS,EAAE,CAAC,CAAC;YACtC,CAAC,CAAC,CAAC;SACN;aAAM;YACH,OAAO,CAAC,GAAG,CAAC,kDAAkD,CAAC,CAAC;SACnE;QAED,IAAI,IAAI,CAAC,QAAQ,EAAE,CAAC,MAAM,GAAG,CAAC,EAAE;YAC5B,OAAO,CAAC,GAAG,CAAC,eAAe,CAAC,CAAC;YAC7B,IAAI,CAAC,QAAQ,EAAE,CAAC,OAAO,CAAC,IAAI,CAAC,EAAE;gBAC3B,OAAO,CAAC,GAAG,CAAC,SAAS,IAAI,EAAE,CAAC,CAAC;YACjC,CAAC,CAAC,CAAC;SACN;aAAM;YACH,OAAO,CAAC,GAAG,CAAC,gDAAgD,CAAC,CAAC;SACjE;QAED,OAAO,CAAC,GAAG,EAAE,CAAC;IAClB,CAAC;IAED;;;;OAIG;IACI,GAAG,CAAC,OAAsC;QAC7C,IAAI,OAAO,YAAY,CAAC,eAAM,IAAI,aAAK,CAAC,EAAE;YACtC,IAAI,CAAC,aAAa,EAAE,CAAC,OAAO,CAAC,SAAS,CAAC,EAAE;gBACrC,IAAG,SAAS,IAAI,OAAO,CAAC,OAAO,EAAE,EAAE;oBAC/B,OAAO,IAAI,CAAC;iBACf;YACL,CAAC,CAAC,CAAC;SACN;aAAM,IAAI,OAAO,YAAY,aAAK,EAAE;YACjC,IAAI,CAAC,SAAS,EAAE,CAAC,OAAO,CAAC,KAAK,CAAC,EAAE;gBAC7B,IAAI,KAAK,IAAI,OAAO,CAAC,OAAO,EAAE,EAAE;oBAC5B,OAAO,IAAI,CAAC;iBACf;YACL,CAAC,CAAC,CAAC;SACN;aAAM,IAAI,OAAO,YAAY,WAAI,EAAE;YAChC,IAAI,CAAC,QAAQ,EAAE,CAAC,OAAO,CAAC,IAAI,CAAC,EAAE;gBAC3B,IAAI,IAAI,IAAI,OAAO,CAAC,OAAO,EAAE,EAAE;oBAC3B,OAAO,IAAI,CAAC;iBACf;YACL,CAAC,CAAC,CAAC;SACN;QAED,OAAO,KAAK,CAAC;IACjB,CAAC;IAED;;;;OAIG;IACI,MAAM,CAAC,WAAW,CAAC,MAAe;QACrC,MAAM,QAAQ,GAAY,EAAE,CAAC;QAE7B,MAAM,CAAC,OAAO,CAAC,CAAC,KAAK,EAAE,EAAE;YACzB,MAAM,OAAO,GAAG,IAAI,KAAK,CAAC,KAAK,CAAC,IAAI,EAAE,KAAK,CAAC,UAAU,EAAE,KAAK,CAAC,MAAM,EAAE,KAAK,CAAC,KAAK,CAAC,CAAC;YACnF,QAAQ,CAAC,IAAI,CAAC,OAAO,CAAC,CAAC;QACvB,CAAC,CAAC,CAAC;QAEH,OAAO,QAAQ,CAAC;IACpB,CAAC;CAEJ;AA3JD,sBA2JC","sourcesContent":["import { Album } from \"./album\";\nimport { Artist } from \"./artist\";\nimport { Group } from \"./group\";\nimport { Song } from \"./song\";\n\n/**\n * Clase que define un género musical con sus atributos y métodos\n */\nexport class Genre {\n\n    /**\n     * Constructor de la clase Genre. Recibe el nombre del género\n     * @param name string\n     */\n    constructor(\n        private name: string,\n        private components: Array<string> = [],\n        private albums: Array<string> = [],\n        private songs: Array<string> = [],\n    ) {}\n\n    /**\n     * Devuelve el nombre del género musical\n     * @returns \n     */\n    public getName(): string {\n        return this.name;\n    }\n\n    /**\n     * Devuelve un conjunto con los artistas y grupos que han lanzado canciones del género\n     * @returns Array<Artist | Group>\n     */\n    public getComponents(): Array<string> {\n        return this.components;\n    }\n\n    /**\n     * Devuelve los albums del género\n     * @returns Array<Album>\n     */\n    public getAlbums(): Array<string> {\n        return this.albums;\n    }\n\n    /**\n     * Devuelve las canciones de el género\n     * @returns Array<Song>\n     */\n    public getSongs(): Array<string> {\n        return this.songs\n    }\n\n    public addAlbum(newAlbum: string) {\n        this.albums.push(newAlbum)\n    }\n\n    /**\n     * Añade a la lista de artistas el recibido por parámetro cuando se añade a la base de datos una canción de este género\n     * @param newArtit Artist | Group\n     */\n    public addArtist(newArtist: string) {\n        if (!this.components.includes(newArtist))\n            this.components.push(newArtist)\n    }\n\n    /**\n     * Añade a la lista de canciones la recibida por parámetro cuando se añade a la base de datos una canción de este género\n     * @param newSong Song\n     */\n    public addSong(newSong: Song) {\n        this.songs.push(newSong.getName());\n    }\n    \n    /**\n     * Compara dos géneros por su nombre. Devuelve true en caso que sean iguales y false en el contrario\n     * @param genre Genre\n     * @returns boolean\n     */\n    public same(genre: Genre): boolean {\n        return this.getName() === genre.getName();\n    }\n\n    /**\n     * Imprime por pantalla una cadena correctamente formateada en la que se muestra toda la información relativa a un género\n     */\n    public print() {\n        console.log(`GENERO: **${this.getName()}**`);\n        if (this.getAlbums().length > 0) {\n            console.log(`\\tAlbumes: `)\n            this.getAlbums().forEach(album => {\n                console.log(`\\t  - ${album}`);\n            });\n        } else {\n            console.log(`\\tEste genero aun no tiene albumes relacionados`);\n        }\n\n        if (this.getComponents().length > 0) {\n            console.log(`\\tArtistas Relacionados: `);\n            this.getComponents().forEach(component => {\n                console.log(`\\t  - ${component}`);\n            });\n        } else {\n            console.log(`\\tEste genero aun no tiene artistas relacionados`);\n        }   \n\n        if (this.getSongs().length > 0) {\n            console.log(`\\tCanciones: `);\n            this.getSongs().forEach(song => {\n                console.log(`\\t  - ${song}`);\n            });\n        } else {\n            console.log(`\\tEste genero aun no tiene canciones asociadas`);\n        }\n\n        console.log();\n    }\n\n    /**\n     * Comprueba si uno de los elementos pertenece al genero\n     * @param element \n     * @returns \n     */\n    public has(element: Artist | Group | Album | Song): boolean {\n        if (element instanceof (Artist || Group)) {\n            this.getComponents().forEach(component => {\n                if(component == element.getName()) {\n                    return true;\n                }\n            });\n        } else if (element instanceof Album) {\n            this.getAlbums().forEach(album => {\n                if (album == element.getName()) {\n                    return true;\n                }\n            });\n        } else if (element instanceof Song) {\n            this.getSongs().forEach(song => {\n                if (song == element.getName()) {\n                    return true;\n                }\n            });\n        }\n        \n        return false;\n    }\n\n    /**\n     * Convierte un conjunto de generos con formato json a un conjunto de generos objeto\n     * @param genres \n     * @returns \n     */\n    public static deserialize(genres: Genre[]): Genre[] {\n        const myGenres: Genre[] = [];\n\n        genres.forEach((genre) => {\n        const myGenre = new Genre(genre.name, genre.components, genre.albums, genre.songs);\n        myGenres.push(myGenre);\n        });\n\n        return myGenres;\n    } \n\n}\n"]},"_coverageSchema":"1a1c01bbd47fc00a2c39e90264f33305004495a9","hash":"db7b9c2aea298f9228ab10fcd11475940a3a52a2","contentHash":"4a6b278e289b51bce6ca08b4e5508c4702ff1543ded23ad7470904702fa2eedd"},"/home/usuario/ull-esit-inf-dsi-21-22-prct07-music-datamodel-grupo-z/src/group.ts":{"path":"/home/usuario/ull-esit-inf-dsi-21-22-prct07-music-datamodel-grupo-z/src/group.ts","statementMap":{"0":{"start":{"line":2,"column":0},"end":{"line":2,"column":62}},"1":{"start":{"line":3,"column":0},"end":{"line":3,"column":23}},"2":{"start":{"line":4,"column":16},"end":{"line":4,"column":34}},"3":{"start":{"line":5,"column":17},"end":{"line":5,"column":36}},"4":{"start":{"line":6,"column":16},"end":{"line":6,"column":34}},"5":{"start":{"line":7,"column":15},"end":{"line":7,"column":32}},"6":{"start":{"line":23,"column":8},"end":{"line":23,"column":25}},"7":{"start":{"line":24,"column":8},"end":{"line":24,"column":25}},"8":{"start":{"line":25,"column":8},"end":{"line":25,"column":31}},"9":{"start":{"line":26,"column":8},"end":{"line":26,"column":35}},"10":{"start":{"line":27,"column":8},"end":{"line":27,"column":29}},"11":{"start":{"line":28,"column":8},"end":{"line":28,"column":29}},"12":{"start":{"line":29,"column":8},"end":{"line":29,"column":27}},"13":{"start":{"line":36,"column":8},"end":{"line":36,"column":28}},"14":{"start":{"line":43,"column":8},"end":{"line":43,"column":25}},"15":{"start":{"line":50,"column":8},"end":{"line":50,"column":27}},"16":{"start":{"line":57,"column":8},"end":{"line":57,"column":25}},"17":{"start":{"line":64,"column":8},"end":{"line":64,"column":27}},"18":{"start":{"line":71,"column":8},"end":{"line":71,"column":26}},"19":{"start":{"line":78,"column":8},"end":{"line":78,"column":30}},"20":{"start":{"line":85,"column":8},"end":{"line":85,"column":35}},"21":{"start":{"line":92,"column":8},"end":{"line":92,"column":43}},"22":{"start":{"line":99,"column":8},"end":{"line":99,"column":45}},"23":{"start":{"line":106,"column":8},"end":{"line":106,"column":34}},"24":{"start":{"line":114,"column":8},"end":{"line":116,"column":9}},"25":{"start":{"line":115,"column":12},"end":{"line":115,"column":25}},"26":{"start":{"line":117,"column":8},"end":{"line":130,"column":9}},"27":{"start":{"line":118,"column":12},"end":{"line":128,"column":15}},"28":{"start":{"line":119,"column":27},"end":{"line":119,"column":32}},"29":{"start":{"line":120,"column":16},"end":{"line":124,"column":19}},"30":{"start":{"line":121,"column":20},"end":{"line":123,"column":21}},"31":{"start":{"line":122,"column":24},"end":{"line":122,"column":36}},"32":{"start":{"line":125,"column":16},"end":{"line":127,"column":17}},"33":{"start":{"line":126,"column":20},"end":{"line":126,"column":33}},"34":{"start":{"line":129,"column":12},"end":{"line":129,"column":24}},"35":{"start":{"line":131,"column":8},"end":{"line":131,"column":21}},"36":{"start":{"line":137,"column":8},"end":{"line":137,"column":52}},"37":{"start":{"line":138,"column":8},"end":{"line":138,"column":38}},"38":{"start":{"line":139,"column":8},"end":{"line":141,"column":11}},"39":{"start":{"line":140,"column":12},"end":{"line":140,"column":44}},"40":{"start":{"line":142,"column":8},"end":{"line":142,"column":36}},"41":{"start":{"line":143,"column":8},"end":{"line":145,"column":11}},"42":{"start":{"line":144,"column":12},"end":{"line":144,"column":42}},"43":{"start":{"line":146,"column":8},"end":{"line":154,"column":9}},"44":{"start":{"line":147,"column":12},"end":{"line":147,"column":37}},"45":{"start":{"line":148,"column":12},"end":{"line":150,"column":15}},"46":{"start":{"line":149,"column":16},"end":{"line":149,"column":47}},"47":{"start":{"line":153,"column":12},"end":{"line":153,"column":70}},"48":{"start":{"line":155,"column":8},"end":{"line":155,"column":26}},"49":{"start":{"line":163,"column":8},"end":{"line":190,"column":9}},"50":{"start":{"line":164,"column":12},"end":{"line":168,"column":15}},"51":{"start":{"line":165,"column":16},"end":{"line":167,"column":17}},"52":{"start":{"line":166,"column":20},"end":{"line":166,"column":32}},"53":{"start":{"line":170,"column":13},"end":{"line":190,"column":9}},"54":{"start":{"line":171,"column":12},"end":{"line":175,"column":15}},"55":{"start":{"line":172,"column":16},"end":{"line":174,"column":17}},"56":{"start":{"line":173,"column":20},"end":{"line":173,"column":32}},"57":{"start":{"line":177,"column":13},"end":{"line":190,"column":9}},"58":{"start":{"line":178,"column":12},"end":{"line":182,"column":15}},"59":{"start":{"line":179,"column":16},"end":{"line":181,"column":17}},"60":{"start":{"line":180,"column":20},"end":{"line":180,"column":32}},"61":{"start":{"line":184,"column":13},"end":{"line":190,"column":9}},"62":{"start":{"line":185,"column":12},"end":{"line":189,"column":15}},"63":{"start":{"line":186,"column":16},"end":{"line":188,"column":17}},"64":{"start":{"line":187,"column":20},"end":{"line":187,"column":32}},"65":{"start":{"line":191,"column":8},"end":{"line":191,"column":21}},"66":{"start":{"line":199,"column":25},"end":{"line":199,"column":27}},"67":{"start":{"line":200,"column":8},"end":{"line":203,"column":11}},"68":{"start":{"line":201,"column":28},"end":{"line":201,"column":134}},"69":{"start":{"line":202,"column":12},"end":{"line":202,"column":35}},"70":{"start":{"line":204,"column":8},"end":{"line":204,"column":24}},"71":{"start":{"line":207,"column":0},"end":{"line":207,"column":22}}},"fnMap":{"0":{"name":"(anonymous_0)","decl":{"start":{"line":22,"column":4},"end":{"line":22,"column":5}},"loc":{"start":{"line":22,"column":86},"end":{"line":30,"column":5}},"line":22},"1":{"name":"(anonymous_1)","decl":{"start":{"line":35,"column":4},"end":{"line":35,"column":5}},"loc":{"start":{"line":35,"column":16},"end":{"line":37,"column":5}},"line":35},"2":{"name":"(anonymous_2)","decl":{"start":{"line":42,"column":4},"end":{"line":42,"column":5}},"loc":{"start":{"line":42,"column":14},"end":{"line":44,"column":5}},"line":42},"3":{"name":"(anonymous_3)","decl":{"start":{"line":49,"column":4},"end":{"line":49,"column":5}},"loc":{"start":{"line":49,"column":16},"end":{"line":51,"column":5}},"line":49},"4":{"name":"(anonymous_4)","decl":{"start":{"line":56,"column":4},"end":{"line":56,"column":5}},"loc":{"start":{"line":56,"column":14},"end":{"line":58,"column":5}},"line":56},"5":{"name":"(anonymous_5)","decl":{"start":{"line":63,"column":4},"end":{"line":63,"column":5}},"loc":{"start":{"line":63,"column":16},"end":{"line":65,"column":5}},"line":63},"6":{"name":"(anonymous_6)","decl":{"start":{"line":70,"column":4},"end":{"line":70,"column":5}},"loc":{"start":{"line":70,"column":15},"end":{"line":72,"column":5}},"line":70},"7":{"name":"(anonymous_7)","decl":{"start":{"line":77,"column":4},"end":{"line":77,"column":5}},"loc":{"start":{"line":77,"column":19},"end":{"line":79,"column":5}},"line":77},"8":{"name":"(anonymous_8)","decl":{"start":{"line":84,"column":4},"end":{"line":84,"column":5}},"loc":{"start":{"line":84,"column":23},"end":{"line":86,"column":5}},"line":84},"9":{"name":"(anonymous_9)","decl":{"start":{"line":91,"column":4},"end":{"line":91,"column":5}},"loc":{"start":{"line":91,"column":21},"end":{"line":93,"column":5}},"line":91},"10":{"name":"(anonymous_10)","decl":{"start":{"line":98,"column":4},"end":{"line":98,"column":5}},"loc":{"start":{"line":98,"column":23},"end":{"line":100,"column":5}},"line":98},"11":{"name":"(anonymous_11)","decl":{"start":{"line":105,"column":4},"end":{"line":105,"column":5}},"loc":{"start":{"line":105,"column":29},"end":{"line":107,"column":5}},"line":105},"12":{"name":"(anonymous_12)","decl":{"start":{"line":113,"column":4},"end":{"line":113,"column":5}},"loc":{"start":{"line":113,"column":16},"end":{"line":132,"column":5}},"line":113},"13":{"name":"(anonymous_13)","decl":{"start":{"line":118,"column":37},"end":{"line":118,"column":38}},"loc":{"start":{"line":118,"column":48},"end":{"line":128,"column":13}},"line":118},"14":{"name":"(anonymous_14)","decl":{"start":{"line":120,"column":42},"end":{"line":120,"column":43}},"loc":{"start":{"line":120,"column":53},"end":{"line":124,"column":17}},"line":120},"15":{"name":"(anonymous_15)","decl":{"start":{"line":136,"column":4},"end":{"line":136,"column":5}},"loc":{"start":{"line":136,"column":12},"end":{"line":156,"column":5}},"line":136},"16":{"name":"(anonymous_16)","decl":{"start":{"line":139,"column":33},"end":{"line":139,"column":34}},"loc":{"start":{"line":139,"column":45},"end":{"line":141,"column":9}},"line":139},"17":{"name":"(anonymous_17)","decl":{"start":{"line":143,"column":32},"end":{"line":143,"column":33}},"loc":{"start":{"line":143,"column":42},"end":{"line":145,"column":9}},"line":143},"18":{"name":"(anonymous_18)","decl":{"start":{"line":148,"column":37},"end":{"line":148,"column":38}},"loc":{"start":{"line":148,"column":48},"end":{"line":150,"column":13}},"line":148},"19":{"name":"(anonymous_19)","decl":{"start":{"line":162,"column":4},"end":{"line":162,"column":5}},"loc":{"start":{"line":162,"column":17},"end":{"line":192,"column":5}},"line":162},"20":{"name":"(anonymous_20)","decl":{"start":{"line":164,"column":37},"end":{"line":164,"column":38}},"loc":{"start":{"line":164,"column":46},"end":{"line":168,"column":13}},"line":164},"21":{"name":"(anonymous_21)","decl":{"start":{"line":171,"column":37},"end":{"line":171,"column":38}},"loc":{"start":{"line":171,"column":47},"end":{"line":175,"column":13}},"line":171},"22":{"name":"(anonymous_22)","decl":{"start":{"line":178,"column":37},"end":{"line":178,"column":38}},"loc":{"start":{"line":178,"column":46},"end":{"line":182,"column":13}},"line":178},"23":{"name":"(anonymous_23)","decl":{"start":{"line":185,"column":36},"end":{"line":185,"column":37}},"loc":{"start":{"line":185,"column":44},"end":{"line":189,"column":13}},"line":185},"24":{"name":"(anonymous_24)","decl":{"start":{"line":198,"column":4},"end":{"line":198,"column":5}},"loc":{"start":{"line":198,"column":31},"end":{"line":205,"column":5}},"line":198},"25":{"name":"(anonymous_25)","decl":{"start":{"line":200,"column":23},"end":{"line":200,"column":24}},"loc":{"start":{"line":200,"column":34},"end":{"line":203,"column":9}},"line":200}},"branchMap":{"0":{"loc":{"start":{"line":22,"column":48},"end":{"line":22,"column":59}},"type":"default-arg","locations":[{"start":{"line":22,"column":57},"end":{"line":22,"column":59}}],"line":22},"1":{"loc":{"start":{"line":22,"column":61},"end":{"line":22,"column":72}},"type":"default-arg","locations":[{"start":{"line":22,"column":70},"end":{"line":22,"column":72}}],"line":22},"2":{"loc":{"start":{"line":22,"column":74},"end":{"line":22,"column":84}},"type":"default-arg","locations":[{"start":{"line":22,"column":82},"end":{"line":22,"column":84}}],"line":22},"3":{"loc":{"start":{"line":114,"column":8},"end":{"line":116,"column":9}},"type":"if","locations":[{"start":{"line":114,"column":8},"end":{"line":116,"column":9}},{"start":{"line":114,"column":8},"end":{"line":116,"column":9}}],"line":114},"4":{"loc":{"start":{"line":117,"column":8},"end":{"line":130,"column":9}},"type":"if","locations":[{"start":{"line":117,"column":8},"end":{"line":130,"column":9}},{"start":{"line":117,"column":8},"end":{"line":130,"column":9}}],"line":117},"5":{"loc":{"start":{"line":117,"column":12},"end":{"line":117,"column":86}},"type":"binary-expr","locations":[{"start":{"line":117,"column":13},"end":{"line":117,"column":46}},{"start":{"line":117,"column":52},"end":{"line":117,"column":85}}],"line":117},"6":{"loc":{"start":{"line":121,"column":20},"end":{"line":123,"column":21}},"type":"if","locations":[{"start":{"line":121,"column":20},"end":{"line":123,"column":21}},{"start":{"line":121,"column":20},"end":{"line":123,"column":21}}],"line":121},"7":{"loc":{"start":{"line":125,"column":16},"end":{"line":127,"column":17}},"type":"if","locations":[{"start":{"line":125,"column":16},"end":{"line":127,"column":17}},{"start":{"line":125,"column":16},"end":{"line":127,"column":17}}],"line":125},"8":{"loc":{"start":{"line":146,"column":8},"end":{"line":154,"column":9}},"type":"if","locations":[{"start":{"line":146,"column":8},"end":{"line":154,"column":9}},{"start":{"line":146,"column":8},"end":{"line":154,"column":9}}],"line":146},"9":{"loc":{"start":{"line":163,"column":8},"end":{"line":190,"column":9}},"type":"if","locations":[{"start":{"line":163,"column":8},"end":{"line":190,"column":9}},{"start":{"line":163,"column":8},"end":{"line":190,"column":9}}],"line":163},"10":{"loc":{"start":{"line":165,"column":16},"end":{"line":167,"column":17}},"type":"if","locations":[{"start":{"line":165,"column":16},"end":{"line":167,"column":17}},{"start":{"line":165,"column":16},"end":{"line":167,"column":17}}],"line":165},"11":{"loc":{"start":{"line":170,"column":13},"end":{"line":190,"column":9}},"type":"if","locations":[{"start":{"line":170,"column":13},"end":{"line":190,"column":9}},{"start":{"line":170,"column":13},"end":{"line":190,"column":9}}],"line":170},"12":{"loc":{"start":{"line":172,"column":16},"end":{"line":174,"column":17}},"type":"if","locations":[{"start":{"line":172,"column":16},"end":{"line":174,"column":17}},{"start":{"line":172,"column":16},"end":{"line":174,"column":17}}],"line":172},"13":{"loc":{"start":{"line":177,"column":13},"end":{"line":190,"column":9}},"type":"if","locations":[{"start":{"line":177,"column":13},"end":{"line":190,"column":9}},{"start":{"line":177,"column":13},"end":{"line":190,"column":9}}],"line":177},"14":{"loc":{"start":{"line":179,"column":16},"end":{"line":181,"column":17}},"type":"if","locations":[{"start":{"line":179,"column":16},"end":{"line":181,"column":17}},{"start":{"line":179,"column":16},"end":{"line":181,"column":17}}],"line":179},"15":{"loc":{"start":{"line":184,"column":13},"end":{"line":190,"column":9}},"type":"if","locations":[{"start":{"line":184,"column":13},"end":{"line":190,"column":9}},{"start":{"line":184,"column":13},"end":{"line":190,"column":9}}],"line":184},"16":{"loc":{"start":{"line":186,"column":16},"end":{"line":188,"column":17}},"type":"if","locations":[{"start":{"line":186,"column":16},"end":{"line":188,"column":17}},{"start":{"line":186,"column":16},"end":{"line":188,"column":17}}],"line":186}},"s":{"0":1,"1":1,"2":1,"3":1,"4":1,"5":1,"6":89,"7":89,"8":89,"9":89,"10":89,"11":89,"12":89,"13":5,"14":2,"15":2,"16":99,"17":2,"18":2,"19":2,"20":2,"21":2,"22":0,"23":2,"24":0,"25":0,"26":0,"27":0,"28":0,"29":0,"30":0,"31":0,"32":0,"33":0,"34":0,"35":0,"36":0,"37":0,"38":0,"39":0,"40":0,"41":0,"42":0,"43":0,"44":0,"45":0,"46":0,"47":0,"48":0,"49":0,"50":0,"51":0,"52":0,"53":0,"54":0,"55":0,"56":0,"57":0,"58":0,"59":0,"60":0,"61":0,"62":0,"63":0,"64":0,"65":0,"66":27,"67":27,"68":81,"69":81,"70":27,"71":1},"f":{"0":89,"1":5,"2":2,"3":2,"4":99,"5":2,"6":2,"7":2,"8":2,"9":2,"10":0,"11":2,"12":0,"13":0,"14":0,"15":0,"16":0,"17":0,"18":0,"19":0,"20":0,"21":0,"22":0,"23":0,"24":27,"25":81},"b":{"0":[8],"1":[8],"2":[8],"3":[0,0],"4":[0,0],"5":[0,0],"6":[0,0],"7":[0,0],"8":[0,0],"9":[0,0],"10":[0,0],"11":[0,0],"12":[0,0],"13":[0,0],"14":[0,0],"15":[0,0],"16":[0,0]},"inputSourceMap":{"version":3,"file":"/home/usuario/ull-esit-inf-dsi-21-22-prct07-music-datamodel-grupo-z/src/group.ts","sources":["/home/usuario/ull-esit-inf-dsi-21-22-prct07-music-datamodel-grupo-z/src/group.ts"],"names":[],"mappings":";;;AAAA,mCAAgC;AAChC,qCAAkC;AAClC,mCAAgC;AAChC,iCAA8B;AAE9B;;GAEG;AACH,MAAa,KAAK;IAEd;;;;;;;;;OASG;IACH,YACY,IAAY,EACZ,IAAY,EACZ,OAAsB,EACtB,SAAiB,EACjB,SAAwB,EAAE,EAC1B,SAAwB,EAAE,EAC1B,QAAuB,EAAE;QANzB,SAAI,GAAJ,IAAI,CAAQ;QACZ,SAAI,GAAJ,IAAI,CAAQ;QACZ,YAAO,GAAP,OAAO,CAAe;QACtB,cAAS,GAAT,SAAS,CAAQ;QACjB,WAAM,GAAN,MAAM,CAAoB;QAC1B,WAAM,GAAN,MAAM,CAAoB;QAC1B,UAAK,GAAL,KAAK,CAAoB;IAClC,CAAC;IAEJ;;;OAGG;IACI,SAAS;QACZ,OAAO,IAAI,CAAC,OAAO,CAAC;IACxB,CAAC;IAED;;;OAGG;IACI,OAAO;QACV,OAAO,IAAI,CAAC,IAAI,CAAC;IACrB,CAAC;IAED;;;OAGG;IACI,SAAS;QACZ,OAAO,IAAI,CAAC,MAAM,CAAC;IACvB,CAAC;IAED;;;MAGE;IACK,OAAO;QACV,OAAO,IAAI,CAAC,IAAI,CAAC;IACrB,CAAC;IAED;;;OAGG;IACI,SAAS;QACZ,OAAO,IAAI,CAAC,MAAM,CAAC;IACvB,CAAC;IAED;;;OAGG;IACI,QAAQ;QACX,OAAO,IAAI,CAAC,KAAK,CAAC;IACtB,CAAC;IAED;;;OAGG;IACI,YAAY;QACf,OAAO,IAAI,CAAC,SAAS,CAAC;IAC1B,CAAC;IAED;;;OAGG;IACI,QAAQ,CAAC,QAAgB;QAC5B,IAAI,CAAC,MAAM,CAAC,IAAI,CAAC,QAAQ,CAAC,CAAC;IAC/B,CAAC;IAED;;;OAGG;IACI,OAAO,CAAC,OAAa;QACxB,IAAI,CAAC,KAAK,CAAC,IAAI,CAAC,OAAO,CAAC,OAAO,EAAE,CAAC,CAAC;IACvC,CAAC;IAED;;;OAGG;IACI,QAAQ,CAAC,QAAe;QAC3B,IAAI,CAAC,MAAM,CAAC,IAAI,CAAC,QAAQ,CAAC,OAAO,EAAE,CAAC,CAAC;IACzC,CAAC;IAED;;;OAGG;IACI,eAAe,CAAC,OAAe;QAClC,IAAI,CAAC,SAAS,IAAI,OAAO,CAAC;IAC9B,CAAC;IAED;;;;OAIG;IACI,IAAI,CAAC,KAAqB;QAC7B,IAAI,KAAK,YAAY,eAAM,EAAE;YACzB,OAAO,KAAK,CAAC;SAChB;QAED,IAAI,CAAC,IAAI,CAAC,OAAO,EAAE,IAAI,KAAK,CAAC,OAAO,EAAE,CAAC,IAAI,CAAC,IAAI,CAAC,OAAO,EAAE,IAAI,KAAK,CAAC,OAAO,EAAE,CAAC,EAAE;YAC5E,IAAI,CAAC,SAAS,EAAE,CAAC,OAAO,CAAC,OAAO,CAAC,EAAE;gBAC/B,IAAI,IAAI,GAAY,KAAK,CAAC;gBAC1B,KAAK,CAAC,SAAS,EAAE,CAAC,OAAO,CAAC,OAAO,CAAC,EAAE;oBAChC,IAAI,OAAO,IAAI,OAAO,EAAE;wBACpB,IAAI,GAAG,IAAI,CAAC;qBACf;gBACL,CAAC,CAAC,CAAC;gBACH,IAAI,CAAC,IAAI,EAAE;oBACP,OAAO,KAAK,CAAC;iBAChB;YACL,CAAC,CAAC,CAAC;YACH,OAAO,IAAI,CAAC;SACf;QACD,OAAO,KAAK,CAAC;IACjB,CAAC;IAED;;OAEG;IACI,KAAK;QACR,OAAO,CAAC,GAAG,CAAC,YAAY,IAAI,CAAC,OAAO,EAAE,IAAI,CAAC,CAAC;QAC5C,OAAO,CAAC,GAAG,CAAC,gBAAgB,CAAC,CAAA;QAC7B,IAAI,CAAC,SAAS,EAAE,CAAC,OAAO,CAAC,CAAC,MAAM,EAAE,EAAE;YAChC,OAAO,CAAC,GAAG,CAAC,UAAU,MAAM,EAAE,CAAC,CAAC;QAEpC,CAAC,CAAC,CAAC;QAEH,OAAO,CAAC,GAAG,CAAC,cAAc,CAAC,CAAA;QAC3B,IAAI,CAAC,QAAQ,EAAE,CAAC,OAAO,CAAC,CAAC,IAAI,EAAE,EAAE;YAC7B,OAAO,CAAC,GAAG,CAAC,UAAU,IAAI,EAAE,CAAC,CAAC;QAElC,CAAC,CAAC,CAAC;QAEH,IAAI,IAAI,CAAC,SAAS,EAAE,CAAC,MAAM,GAAG,CAAC,EAAE;YAC7B,OAAO,CAAC,GAAG,CAAC,WAAW,CAAC,CAAA;YACxB,IAAI,CAAC,SAAS,EAAE,CAAC,OAAO,CAAC,CAAC,KAAK,EAAE,EAAE;gBAC/B,OAAO,CAAC,GAAG,CAAC,UAAU,KAAK,EAAE,CAAC,CAAC;YAEnC,CAAC,CAAC,CAAC;SACN;aAAM;YACH,OAAO,CAAC,GAAG,CAAC,4CAA4C,CAAC,CAAC;SAC7D;QAED,OAAO,CAAC,GAAG,CAAC,IAAI,CAAC,CAAC;IACtB,CAAC;IAED;;;;OAIG;IACI,GAAG,CAAC,OAAsC;QAC7C,IAAI,OAAO,YAAY,aAAK,EAAE;YAC1B,IAAI,CAAC,SAAS,EAAE,CAAC,OAAO,CAAC,KAAK,CAAC,EAAE;gBAC7B,IAAG,KAAK,IAAI,OAAO,CAAC,OAAO,EAAE,EAAE;oBAC3B,OAAO,IAAI,CAAC;iBACf;YACL,CAAC,CAAC,CAAC;SACN;aAAM,IAAI,OAAO,YAAY,eAAM,EAAE;YAClC,IAAI,CAAC,SAAS,EAAE,CAAC,OAAO,CAAC,MAAM,CAAC,EAAE;gBAC9B,IAAG,MAAM,IAAI,OAAO,CAAC,OAAO,EAAE,EAAE;oBAC5B,OAAO,IAAI,CAAC;iBACf;YACL,CAAC,CAAC,CAAC;SACN;aAAM,IAAI,OAAO,YAAY,aAAK,EAAE;YACjC,IAAI,CAAC,SAAS,EAAE,CAAC,OAAO,CAAC,KAAK,CAAC,EAAE;gBAC7B,IAAI,KAAK,IAAI,OAAO,CAAC,OAAO,EAAE,EAAE;oBAC5B,OAAO,IAAI,CAAC;iBACf;YACL,CAAC,CAAC,CAAC;SACN;aAAM,IAAI,OAAO,YAAY,WAAI,EAAE;YAChC,IAAI,CAAC,QAAQ,EAAE,CAAC,OAAO,CAAC,IAAI,CAAC,EAAE;gBAC3B,IAAI,IAAI,IAAI,OAAO,CAAC,OAAO,EAAE,EAAE;oBAC3B,OAAO,IAAI,CAAC;iBACf;YACL,CAAC,CAAC,CAAC;SACN;QAED,OAAO,KAAK,CAAC;IACjB,CAAC;IAGD;;;;OAIG;IACI,MAAM,CAAC,WAAW,CAAC,MAAe;QAErC,MAAM,QAAQ,GAAY,EAAE,CAAC;QAE7B,MAAM,CAAC,OAAO,CAAC,CAAC,KAAK,EAAE,EAAE;YACrB,MAAM,
[...]
t":{"line":5,"column":15},"end":{"line":5,"column":32}},"4":{"start":{"line":18,"column":8},"end":{"line":18,"column":25}},"5":{"start":{"line":19,"column":8},"end":{"line":19,"column":25}},"6":{"start":{"line":20,"column":8},"end":{"line":20,"column":27}},"7":{"start":{"line":21,"column":8},"end":{"line":21,"column":33}},"8":{"start":{"line":22,"column":8},"end":{"line":22,"column":29}},"9":{"start":{"line":29,"column":8},"end":{"line":29,"column":25}},"10":{"start":{"line":36,"column":8},"end":{"line":36,"column":26}},"11":{"start":{"line":43,"column":8},"end":{"line":43,"column":29}},"12":{"start":{"line":50,"column":8},"end":{"line":50,"column":35}},"13":{"start":{"line":57,"column":8},"end":{"line":57,"column":37}},"14":{"start":{"line":64,"column":8},"end":{"line":64,"column":27}},"15":{"start":{"line":71,"column":8},"end":{"line":71,"column":25}},"16":{"start":{"line":78,"column":8},"end":{"line":80,"column":9}},"17":{"start":{"line":79,"column":12},"end":{"line":79,"column":47}},"18":{"start":{"line":81,"column":8},"end":{"line":83,"column":9}},"19":{"start":{"line":82,"column":12},"end":{"line":82,"column":49}},"20":{"start":{"line":84,"column":8},"end":{"line":84,"column":54}},"21":{"start":{"line":85,"column":8},"end":{"line":85,"column":54}},"22":{"start":{"line":86,"column":8},"end":{"line":86,"column":57}},"23":{"start":{"line":93,"column":16},"end":{"line":93,"column":58}},"24":{"start":{"line":94,"column":8},"end":{"line":94,"column":32}},"25":{"start":{"line":95,"column":8},"end":{"line":95,"column":54}},"26":{"start":{"line":96,"column":8},"end":{"line":96,"column":54}},"27":{"start":{"line":97,"column":8},"end":{"line":97,"column":57}},"28":{"start":{"line":100,"column":28},"end":{"line":100,"column":30}},"29":{"start":{"line":101,"column":8},"end":{"line":104,"column":11}},"30":{"start":{"line":102,"column":31},"end":{"line":102,"column":125}},"31":{"start":{"line":103,"column":12},"end":{"line":103,"column":41}},"32":{"start":{"line":105,"column":8},"end":{"line":105,"column":27}},"33":{"start":{"line":111,"column":8},"end":{"line":111,"column":55}},"34":{"start":{"line":112,"column":8},"end":{"line":112,"column":57}},"35":{"start":{"line":113,"column":8},"end":{"line":113,"column":56}},"36":{"start":{"line":114,"column":8},"end":{"line":114,"column":36}},"37":{"start":{"line":115,"column":8},"end":{"line":117,"column":11}},"38":{"start":{"line":116,"column":12},"end":{"line":116,"column":42}},"39":{"start":{"line":118,"column":8},"end":{"line":118,"column":34}},"40":{"start":{"line":119,"column":8},"end":{"line":121,"column":11}},"41":{"start":{"line":120,"column":12},"end":{"line":120,"column":43}},"42":{"start":{"line":122,"column":8},"end":{"line":122,"column":26}},"43":{"start":{"line":130,"column":25},"end":{"line":130,"column":40}},"44":{"start":{"line":133,"column":8},"end":{"line":140,"column":11}},"45":{"start":{"line":134,"column":12},"end":{"line":139,"column":13}},"46":{"start":{"line":135,"column":16},"end":{"line":135,"column":38}},"47":{"start":{"line":138,"column":16},"end":{"line":138,"column":38}},"48":{"start":{"line":141,"column":8},"end":{"line":141,"column":26}},"49":{"start":{"line":149,"column":8},"end":{"line":162,"column":9}},"50":{"start":{"line":150,"column":12},"end":{"line":154,"column":15}},"51":{"start":{"line":151,"column":16},"end":{"line":153,"column":17}},"52":{"start":{"line":152,"column":20},"end":{"line":152,"column":32}},"53":{"start":{"line":156,"column":13},"end":{"line":162,"column":9}},"54":{"start":{"line":157,"column":12},"end":{"line":161,"column":15}},"55":{"start":{"line":158,"column":16},"end":{"line":160,"column":17}},"56":{"start":{"line":159,"column":20},"end":{"line":159,"column":32}},"57":{"start":{"line":163,"column":8},"end":{"line":163,"column":21}},"58":{"start":{"line":166,"column":0},"end":{"line":166,"column":28}}},"fnMap":{"0":{"name":"(anonymous_0)","decl":{"start":{"line":17,"column":4},"end":{"line":17,"column":5}},"loc":{"start":{"line":17,"column":107},"end":{"line":23,"column":5}},"line":17},"1":{"name":"(anonymous_1)","decl":{"start":{"line":28,"column":4},"end":{"line":28,"column":5}},"loc":{"start":{"line":28,"column":14},"end":{"line":30,"column":5}},"line":28},"2":{"name":"(anonymous_2)","decl":{"start":{"line":35,"column":4},"end":{"line":35,"column":5}},"loc":{"start":{"line":35,"column":15},"end":{"line":37,"column":5}},"line":35},"3":{"name":"(anonymous_3)","decl":{"start":{"line":42,"column":4},"end":{"line":42,"column":5}},"loc":{"start":{"line":42,"column":18},"end":{"line":44,"column":5}},"line":42},"4":{"name":"(anonymous_4)","decl":{"start":{"line":49,"column":4},"end":{"line":49,"column":5}},"loc":{"start":{"line":49,"column":15},"end":{"line":51,"column":5}},"line":49},"5":{"name":"(anonymous_5)","decl":{"start":{"line":56,"column":4},"end":{"line":56,"column":5}},"loc":{"start":{"line":56,"column":17},"end":{"line":58,"column":5}},"line":56},"6":{"name":"(anonymous_6)","decl":{"start":{"line":63,"column":4},"end":{"line":63,"column":5}},"loc":{"start":{"line":63,"column":16},"end":{"line":65,"column":5}},"line":63},"7":{"name":"(anonymous_7)","decl":{"start":{"line":70,"column":4},"end":{"line":70,"column":5}},"loc":{"start":{"line":70,"column":14},"end":{"line":72,"column":5}},"line":70},"8":{"name":"(anonymous_8)","decl":{"start":{"line":77,"column":4},"end":{"line":77,"column":5}},"loc":{"start":{"line":77,"column":21},"end":{"line":87,"column":5}},"line":77},"9":{"name":"(anonymous_9)","decl":{"start":{"line":92,"column":4},"end":{"line":92,"column":5}},"loc":{"start":{"line":92,"column":24},"end":{"line":98,"column":5}},"line":92},"10":{"name":"(anonymous_10)","decl":{"start":{"line":99,"column":4},"end":{"line":99,"column":5}},"loc":{"start":{"line":99,"column":34},"end":{"line":106,"column":5}},"line":99},"11":{"name":"(anonymous_11)","decl":{"start":{"line":101,"column":26},"end":{"line":101,"column":27}},"loc":{"start":{"line":101,"column":40},"end":{"line":104,"column":9}},"line":101},"12":{"name":"(anonymous_12)","decl":{"start":{"line":110,"column":4},"end":{"line":110,"column":5}},"loc":{"start":{"line":110,"column":12},"end":{"line":123,"column":5}},"line":110},"13":{"name":"(anonymous_13)","decl":{"start":{"line":115,"column":32},"end":{"line":115,"column":33}},"loc":{"start":{"line":115,"column":42},"end":{"line":117,"column":9}},"line":115},"14":{"name":"(anonymous_14)","decl":{"start":{"line":119,"column":33},"end":{"line":119,"column":34}},"loc":{"start":{"line":119,"column":44},"end":{"line":121,"column":9}},"line":119},"15":{"name":"(anonymous_15)","decl":{"start":{"line":129,"column":4},"end":{"line":129,"column":5}},"loc":{"start":{"line":129,"column":18},"end":{"line":142,"column":5}},"line":129},"16":{"name":"(anonymous_16)","decl":{"start":{"line":133,"column":24},"end":{"line":133,"column":25}},"loc":{"start":{"line":133,"column":40},"end":{"line":140,"column":9}},"line":133},"17":{"name":"(anonymous_17)","decl":{"start":{"line":148,"column":4},"end":{"line":148,"column":5}},"loc":{"start":{"line":148,"column":17},"end":{"line":164,"column":5}},"line":148},"18":{"name":"(anonymous_18)","decl":{"start":{"line":150,"column":31},"end":{"line":150,"column":32}},"loc":{"start":{"line":150,"column":39},"end":{"line":154,"column":13}},"line":150},"19":{"name":"(anonymous_19)","decl":{"start":{"line":157,"column":32},"end":{"line":157,"column":33}},"loc":{"start":{"line":157,"column":41},"end":{"line":161,"column":13}},"line":157}},"branchMap":{"0":{"loc":{"start":{"line":17,"column":22},"end":{"line":17,"column":31}},"type":"default-arg","locations":[{"start":{"line":17,"column":29},"end":{"line":17,"column":31}}],"line":17},"1":{"loc":{"start":{"line":17,"column":33},"end":{"line":17,"column":43}},"type":"default-arg","locations":[{"start":{"line":17,"column":41},"end":{"line":17,"column":43}}],"line":17},"2":{"loc":{"start":{"line":17,"column":45},"end":{"line":17,"column":92}},"type":"default-arg","locations":[{"start":{"line":17,"column":56},"end":{"line":17,"column":92}}],"line":17},"3":{"loc":{"start":{"line":17,"column":94},"end":{"line":17,"column":105}},"type":"default-arg","locations":[{"start":{"line":17,"column":103},"end":{"line":17,"column":105}}],"line":17},"4":{"loc":{"start":{"line":78,"column":8},"end":{"line":80,"column":9}},"type":"if","locations":[{"start":{"line":78,"column":8},"end":{"line":80,"column":9}},{"start":{"line":78,"column":8},"end":{"line":80,"column":9}}],"line":78},"5":{"loc":{"start":{"line":81,"column":8},"end":{"line":83,"column":9}},"type":"if","locations":[{"start":{"line":81,"column":8},"end":{"line":83,"column":9}},{"start":{"line":81,"column":8},"end":{"line":83,"column":9}}],"line":81},"6":{"loc":{"start":{"line":134,"column":12},"end":{"line":139,"column":13}},"type":"if","locations":[{"start":{"line":134,"column":12},"end":{"line":139,"column":13}},{"start":{"line":134,"column":12},"end":{"line":139,"column":13}}],"line":134},"7":{"loc":{"start":{"line":135,"column":23},"end":{"line":135,"column":37}},"type":"cond-expr","locations":[{"start":{"line":135,"column":31},"end":{"line":135,"column":32}},{"start":{"line":135,"column":35},"end":{"line":135,"column":37}}],"line":135},"8":{"loc":{"start":{"line":138,"column":23},"end":{"line":138,"column":37}},"type":"cond-expr","locations":[{"start":{"line":138,"column":31},"end":{"line":138,"column":33}},{"start":{"line":138,"column":36},"end":{"line":138,"column":37}}],"line":138},"9":{"loc":{"start":{"line":149,"column":8},"end":{"line":162,"column":9}},"type":"if","locations":[{"start":{"line":149,"column":8},"end":{"line":162,"column":9}},{"start":{"line":149,"column":8},"end":{"line":162,"column":9}}],"line":149},"10":{"loc":{"start":{"line":151,"column":16},"end":{"line":153,"column":17}},"type":"if","locations":[{"start":{"line":151,"column":16},"end":{"line":153,"column":17}},{"start":{"line":151,"column":16},"end":{"line":153,"column":17}}],"line":151},"11":{"loc":{"start":{"line":156,"column":13},"end":{"line":162,"column":9}},"type":"if","locations":[{"start":{"line":156,"column":13},"end":{"line":162,"column":9}},{"start":{"line":156,"column":13},"end":{"line":162,"column":9}}],"line":156},"12":{"loc":{"start":{"line":158,"column":16},"end":{"line":160,"column":17}},"type":"if","locations":[{"start":{"line":158,"column":16},"end":{"line":160,"column":17}},{"start":{"line":158,"column":16},"end":{"line":160,"column":17}}],"line":158}},"s":{"0":1,"1":1,"2":1,"3":1,"4":0,"5":0,"6":0,"7":0,"8":0,"9":0,"10":0,"11":0,"12":0,"13":0,"14":0,"15":0,"16":0,"17":0,"18":0,"19":0,"20":0,"21":0,"22":0,"23":0,"24":0,"25":0,"26":0,"27":0,"28":0,"29":0,"30":0,"31":0,"32":0,"33":0,"34":0,"35":0,"36":0,"37":0,"38":0,"39":0,"40":0,"41":0,"42":0,"43":0,"44":0,"45":0,"46":0,"47":0,"48":0,"49":0,"50":0,"51":0,"52":0,"53":0,"54":0,"55":0,"56":0,"57":0,"58":1},"f":{"0":0,"1":0,"2":0,"3":0,"4":0,"5":0,"6":0,"7":0,"8":0,"9":0,"10":0,"11":0,"12":0,"13":0,"14":0,"15":0,"16":0,"17":0,"18":0,"19":0},"b":{"0":[0],"1":[0],"2":[0],"3":[0],"4":[0,0],"5":[0,0],"6":[0,0],"7":[0,0],"8":[0,0],"9":[0,0],"10":[0,0],"11":[0,0],"12":[0,0]},"inputSourceMap":{"version":3,"file":"/home/usuario/ull-esit-inf-dsi-21-22-prct07-music-datamodel-grupo-z/src/playlist.ts","sources":["/home/usuario/ull-esit-inf-dsi-21-22-prct07-music-datamodel-grupo-z/src/playlist.ts"],"names":[],"mappings":";;;AACA,mCAAgC;AAChC,iCAA8B;AAE9B;;GAEG;AACH,MAAa,QAAQ;IAEjB;;;;;;OAMG;IACH,YACY,IAAY,EACZ,OAAe,EAAE,EACjB,QAAuB,EAAE,EACzB,WAAiB,EAAC,OAAO,EAAE,CAAC,EAAE,OAAO,EAAE,CAAC,EAAE,KAAK,EAAE,CAAC,EAAC,EACnD,SAAwB,EAAE;QAJ1B,SAAI,GAAJ,IAAI,CAAQ;QACZ,SAAI,GAAJ,IAAI,CAAa;QACjB,UAAK,GAAL,KAAK,CAAoB;QACzB,aAAQ,GAAR,QAAQ,CAA2C;QACnD,WAAM,GAAN,MAAM,CAAoB;IACnC,CAAC;IAEJ;;;OAGG;IACI,OAAO;QACV,OAAO,IAAI,CAAC,IAAI,CAAC;IACrB,CAAC;IAED;;;OAGG;IACI,QAAQ;QACX,OAAO,IAAI,CAAC,KAAK,CAAC;IACtB,CAAC;IAED;;;OAGG;IACI,WAAW;QACd,OAAO,IAAI,CAAC,QAAQ,CAAC;IACzB,CAAC;IAED;;;OAGG;IACI,QAAQ;QACX,OAAO,IAAI,CAAC,QAAQ,CAAC,KAAK,CAAC;IAC/B,CAAC;IAED;;;OAGG;IACI,UAAU;QACb,OAAO,IAAI,CAAC,QAAQ,CAAC,OAAO,CAAC;IACjC,CAAC;IAED;;;OAGG;IACI,SAAS;QACZ,OAAO,IAAI,CAAC,MAAM,CAAC;IACvB,CAAC;IAED;;;OAGG;IACI,OAAO;QACV,OAAO,IAAI,CAAC,IAAI,CAAC;IACrB,CAAC;IAED;;;OAGG;IACI,OAAO,CAAC,OAAa;QACxB,IAAI,CAAC,IAAI,CAAC,GAAG,CAAC,OAAO,CAAC,EAAE;YACpB,IAAI,CAAC,KAAK,CAAC,IAAI,CAAC,OAAO,CAAC,OAAO,EAAE,CAAC,CAAC;SACtC;QACD,IAAI,CAAC,IAAI,CAAC,GAAG,CAAC,IAAI,aAAK,CAAC,OAAO,CAAC,QAAQ,EAAE,CAAC,CAAC,EAAE;YAC1C,IAAI,CAAC,MAAM,CAAC,IAAI,CAAC,OAAO,CAAC,QAAQ,EAAE,CAAC,CAAA;SACvC;QACD,IAAI,CAAC,QAAQ,CAAC,OAAO,IAAI,OAAO,CAAC,UAAU,EAAE,CAAC;QAC9C,IAAI,CAAC,QAAQ,CAAC,OAAO,IAAI,OAAO,CAAC,UAAU,EAAE,CAAC;QAC9C,IAAI,CAAC,QAAQ,CAAC,KAAK,IAAI,OAAO,CAAC,UAAU,EAAE,GAAG,EAAE,CAAC;IACrD,CAAC;IAED;;;OAGG;IACI,UAAU,CAAC,OAAa;QAC3B,IAAI,CAAC,GAAW,IAAI,CAAC,QAAQ,EAAE,CAAC,OAAO,CAAC,OAAO,CAAC,OAAO,EAAE,CAAC,CAAA;QAC1D,IAAI,CAAC,KAAK,CAAC,MAAM,CAAC,CAAC,EAAE,CAAC,CAAC,CAAC;QACxB,IAAI,CAAC,QAAQ,CAAC,OAAO,IAAI,OAAO,CAAC,UAAU,EAAE,CAAC;QAC9C,IAAI,CAAC,QAAQ,CAAC,OAAO,IAAI,OAAO,CAAC,UAAU,EAAE,CAAC;QAC9C,IAAI,CAAC,QAAQ,CAAC,KAAK,IAAI,OAAO,CAAC,UAAU,EAAE,GAAG,EAAE,CAAC;IACrD,CAAC;IAGM,MAAM,CAAC,WAAW,CAAC,SAAqB;QAC3C,MAAM,WAAW,GAAe,EAAE,CAAC;QAEnC,SAAS,CAAC,OAAO,CAAC,CAAC,QAAQ,EAAE,EAAE;YAC3B,MAAM,UAAU,GAAG,IAAI,QAAQ,CAAC,QAAQ,CAAC,IAAI,EAAG,QAAQ,CAAC,IAAI,EAAE,QAAQ,CAAC,KAAK,EACzE,QAAQ,CAAC,QAAQ,EAAE,QAAQ,CAAC,MAAM,CAAC,CAAC;YAExC,WAAW,CAAC,IAAI,CAAC,UAAU,CAAC,CAAC;QACjC,CAAC,CAAC,CAAC;QAEH,OAAO,WAAW,CAAC;IACvB,CAAC;IAED;;OAEG;IACI,KAAK;QACR,OAAO,CAAC,GAAG,CAAC,eAAe,IAAI,CAAC,OAAO,EAAE,IAAI,CAAC,CAAC;QAC/C,OAAO,CAAC,GAAG,CAAC,mBAAmB,EAAE,IAAI,CAAC,OAAO,EAAE,CAAC,CAAC;QACjD,OAAO,CAAC,GAAG,CAAC,cAAc,EAAE,IAAI,CAAC,WAAW,EAAE,CAAC,CAAC;QAEhD,OAAO,CAAC,GAAG,CAAC,cAAc,CAAC,CAAA;QAC3B,IAAI,CAAC,QAAQ,EAAE,CAAC,OAAO,CAAC,CAAC,IAAI,EAAE,EAAE;YAC7B,OAAO,CAAC,GAAG,CAAC,UAAU,IAAI,EAAE,CAAC,CAAC;QAElC,CAAC,CAAC,CAAC;QAEH,OAAO,CAAC,GAAG,CAAC,YAAY,CAAC,CAAA;QACzB,IAAI,CAAC,SAAS,EAAE,CAAC,OAAO,CAAC,CAAC,KAAK,EAAE,EAAE;YAC/B,OAAO,CAAC,GAAG,CAAC,UAAU,KAAK,EAAE,CAAC,CAAC;QAEnC,CAAC,CAAC,CAAC;QAEH,OAAO,CAAC,GAAG,CAAC,IAAI,CAAC,CAAC;IACtB,CAAC;IAED;;;;OAIG;IACI,QAAQ,CAAC,GAAY;QACxB,IAAI,UAAU,GAAkB,IAAI,CAAC,QAAQ,EAAE,CAAC;QAEhD,IAAI,CAAO,CAAC;QACZ,IAAI,CAAO,CAAC;QAEZ,UAAU,CAAC,IAAI,CAAC,UAAU,CAAC,EAAE,CAAC;YAC1B,IAAI,GAAG,EAAE;gBACL,OAAO,CAAC,GAAG,CAAC,CAAC,CAAC,CAAC,CAAC,CAAC,CAAC,CAAC,CAAC,CAAC,CAAC;aACzB;iBAAM;gBACH,OAAO,CAAC,GAAG,CAAC,CAAC,CAAC,CAAC,CAAC,CAAC,CAAC,CAAC,CAAC,CAAC,CAAC;aACzB;QACL,CAAC,CAAC,CAAC;QAEH,OAAO,UAAU,CAAC;IACtB,CAAC;IAGD;;;;OAIG;IACI,GAAG,CAAC,OAAqB;QAC5B,IAAI,OAAO,YAAY,WAAI,EAAE;YACzB,IAAI,CAAC,KAAK,CAAC,OAAO,CAAC,IAAI,CAAC,EAAE;gBACtB,IAAI,IAAI,IAAI,OAAO,CAAC,OAAO,EAAE,EAAE;oBAC3B,OAAO,IAAI,CAAC;iBACf;YACL,CAAC,CAAC,CAAC;SACN;aAAM,IAAI,OAAO,YAAY,aAAK,EAAE;YACjC,IAAI,CAAC,MAAM,CAAC,OAAO,CAAC,KAAK,CAAC,EAAE;gBACxB,IAAI,KAAK,IAAI,OAAO,CAAC,OAAO,EAAE,EAAE;oBAC5B,OAAO,IAAI,CAAC;iBACf;YACL,CAAC,CAAC,CAAA;SACL;QAED,OAAO,KAAK,CAAC;IACjB,CAAC;CACJ;AAvLD,4BAuLC","sourcesContent":["import { Time } from \"./durationType\";\nimport { Genre } from \"./genre\";\nimport { Song } from \"./song\";\n\n/**\n * Clase que define una playlist con sus atributos y métodos\n */\nexport class Playlist {\n\n    /**\n     * \n     * @param name \n     * @param songs \n     * @param duration \n     * @param genres \n     */\n    constructor(\n        private name: string,\n        private user: string = '',\n        private songs: Array<string> = [],\n        private duration: Time = {seconds: 0, minutes: 0, hours: 0},\n        private genres: Array<string> = [],\n    ) {}\n\n    /**\n     * Devuelve el nombre de la playlist\n     * @returns string\n     */\n    public getName(): string {\n        return this.name;\n    }\n\n    /**\n     * Devuelve las canciones de la playlist\n     * @returns Array<string>\n     */\n    public getSongs(): Array<string> {\n        return this.songs;\n    }\n\n    /**\n     * Devuelve la duración de la playlist\n     * @returns Time\n     */\n    public getDuration(): Time {\n        return this.duration;\n    }\n\n    /**\n     * Devuelve la duración de la playlist en horas\n     * @returns number\n     */\n    public getHours(): number {\n        return this.duration.hours;\n    }\n\n    /**\n     * Devuelve la duración de la playlist en minutos\n     * @returns number\n     */\n    public getMinutes(): number {\n        return this.duration.minutes;\n    }\n\n    /**\n     * Devuelve los géneros de la playlist\n     * @returns Array<string>\n     */\n    public getGenres(): Array<string> {\n        return this.genres;\n    }\n\n    /**\n     * Devuelve el usuario propietario de la playlist\n     * @returns string\n     */\n    public getUser(): string {\n        return this.user;\n    }\n\n    /**\n     * Añade una canción a la playlist\n     * @param newSong \n     */\n    public addSong(newSong: Song) {\n        if (!this.has(newSong)) {\n            this.songs.push(newSong.getName());\n        }\n        if (!this.has(new Genre(newSong.getGenre()))) {\n            this.genres.push(newSong.getGenre())\n        }\n        this.duration.seconds += newSong.getSeconds();\n        this.duration.minutes += newSong.getMinutes();\n        this.duration.hours += newSong.getMinutes() / 60;\n    }\n\n    /**\n     * Elimina una canción de la playlist\n     * @param newSong \n     */\n    public removeSong(newSong: Song) {\n        let n: number = this.getSongs().indexOf(newSong.getName())\n        this.songs.splice(n, 1);\n        this.duration.seconds -= newSong.getSeconds();\n        this.duration.minutes -= newSong.getMinutes();\n        this.duration.hours -= newSong.getMinutes() / 60;\n    }\n\n\n    public static deserialize(playlists: Playlist[]): Playlist[] {\n        const myPlaylists: Playlist[] = [];\n\n        playlists.forEach((playlist) => {\n            const myPlaylist = new Playlist(playlist.name,  playlist.user, playlist.songs, \n                playlist.duration, playlist.genres);\n\n            myPlaylists.push(myPlaylist);\n        });\n\n        return myPlaylists;\n    }\n\n    /**\n     * Imprime por pantalla la información de la playlist correctamente formateada\n     */\n    public print() {\n        console.log(`PLAYLIST: **${this.getName()}**`);\n        console.log('\\tAdministrador: ', this.getUser());\n        console.log('\\tDuracion: ', this.getDuration());\n\n        console.log('\\tCanciones:')\n        this.getSongs().forEach((song) => {\n            console.log(`\\t   - ${song}`);\n  \n        });\n\n        console.log('\\tGeneros:')\n        this.getGenres().forEach((genre) => {\n            console.log(`\\t   - ${genre}`);\n  \n        });\n\n        console.log('\\n');\n    }\n\n    /**\n     * Devuelve las canciones ordenadas\n     * @param asc \n     * @returns \n     */\n    public songSort(asc: boolean): Array<string> {\n        let sortedList: Array<string> = this.getSongs();\n\n        let a: Song;\n        let b: Song;\n        \n        sortedList.sort(function (a, b) {\n            if (asc) {\n                return a > b ? 1 : -1;\n            } else {\n                return a > b ? -1 : 1;\n            } \n        });\n\n        return sortedList;\n    }\n\n\n    /**\n     * Comprueba si el elemento se encuentra ya en la playlist antes de añadirlo\n     * @param element \n     * @returns \n     */\n    public has(element: Song | Genre): boolean {\n        if (element instanceof Song) {\n            this.songs.forEach(song => {\n                if (song == element.getName()) {\n                    return true;\n                }\n            });\n        } else if (element instanceof Genre) {\n            this.genres.forEach(genre => {\n                if (genre == element.getName()) {\n                    return true;\n                }\n            })\n        }\n\n        return false;\n    }\n} "]},"_coverageSchema":"1a1c01bbd47fc00a2c39e90264f33305004495a9","hash":"2816ba1bd3f03d6a25cbe5b1ffa7a1d0fe15bcd8","contentHash":"57e91fb887d4b6e7e7a69e62d9325973172621525a32b9bfb24bdb7ad0313981"}}