TN:
SF:src/album.ts
FN:12,(anonymous_0)
FN:18,(anonymous_1)
FN:27,(anonymous_2)
FN:31,(anonymous_3)
FN:39,(anonymous_4)
FN:43,(anonymous_5)
FN:47,(anonymous_6)
FNF:7
FNH:7
FNDA:2,(anonymous_0)
FNDA:4,(anonymous_1)
FNDA:2,(anonymous_2)
FNDA:2,(anonymous_3)
FNDA:2,(anonymous_4)
FNDA:2,(anonymous_5)
FNDA:2,(anonymous_6)
DA:9,1
DA:10,2
DA:13,2
DA:14,2
DA:15,2
DA:16,2
DA:18,2
DA:19,4
DA:28,2
DA:32,2
DA:40,2
DA:44,2
DA:48,2
LF:13
LH:13
BRDA:16,0,0,0
BRF:1
BRH:0
end_of_record
TN:
SF:src/artist.ts
FN:16,(anonymous_0)
FN:20,(anonymous_1)
FN:24,(anonymous_2)
FN:28,(anonymous_3)
FN:31,(anonymous_4)
FN:35,(anonymous_5)
FN:43,(anonymous_6)
FN:47,(anonymous_7)
FN:51,(anonymous_8)
FN:55,(anonymous_9)
FNF:10
FNH:7
FNDA:12,(anonymous_0)
FNDA:4,(anonymous_1)
FNDA:4,(anonymous_2)
FNDA:4,(anonymous_3)
FNDA:4,(anonymous_4)
FNDA:4,(anonymous_5)
FNDA:4,(anonymous_6)
FNDA:0,(anonymous_7)
FNDA:0,(anonymous_8)
FNDA:0,(anonymous_9)
DA:9,1
DA:10,12
DA:11,12
DA:12,12
DA:13,12
DA:14,12
DA:17,12
DA:21,4
DA:25,4
DA:29,4
DA:32,4
DA:36,4
DA:44,4
DA:48,0
DA:52,0
DA:56,0
LF:16
LH:13
BRF:0
BRH:0
end_of_record
TN:
SF:src/compareSet.ts
FN:1,compareSets
FN:8,(anonymous_1)
FN:12,(anonymous_2)
FN:14,(anonymous_3)
FNF:4
FNH:4
FNDA:22,compareSets
FNDA:10,(anonymous_1)
FNDA:10,(anonymous_2)
FNDA:18,(anonymous_3)
DA:1,1
DA:2,22
DA:3,0
DA:6,22
DA:8,22
DA:9,10
DA:12,22
DA:13,10
DA:14,10
DA:15,18
DA:16,9
DA:21,22
LF:12
LH:11
BRDA:2,0,0,0
BRDA:2,0,1,22
BRDA:15,1,0,9
BRDA:15,1,1,9
BRF:4
BRH:3
end_of_record
TN:
SF:src/genre.ts
FN:15,(anonymous_0)
FN:23,(anonymous_1)
FN:27,(anonymous_2)
FN:31,(anonymous_3)
FN:35,(anonymous_4)
FN:39,(anonymous_5)
FN:43,(anonymous_6)
FNF:7
FNH:5
FNDA:8,(anonymous_0)
FNDA:4,(anonymous_1)
FNDA:4,(anonymous_2)
FNDA:4,(anonymous_3)
FNDA:4,(anonymous_4)
FNDA:0,(anonymous_5)
FNDA:0,(anonymous_6)
DA:9,1
DA:11,8
DA:12,8
DA:13,8
DA:16,8
DA:24,4
DA:28,4
DA:32,4
DA:36,4
DA:40,0
DA:44,0
LF:11
LH:9
BRF:0
BRH:0
end_of_record
TN:
SF:src/group.ts
FN:14,(anonymous_0)
FN:21,(anonymous_1)
FN:29,(anonymous_2)
FN:33,(anonymous_3)
FN:41,(anonymous_4)
FN:45,(anonymous_5)
FN:49,(anonymous_6)
FN:57,(anonymous_7)
FN:61,(anonymous_8)
FN:65,(anonymous_9)
FN:69,(anonymous_10)
FNF:11
FNH:6
FNDA:2,(anonymous_0)
FNDA:2,(anonymous_1)
FNDA:0,(anonymous_2)
FNDA:2,(anonymous_3)
FNDA:2,(anonymous_4)
FNDA:0,(anonymous_5)
FNDA:2,(anonymous_6)
FNDA:2,(anonymous_7)
FNDA:0,(anonymous_8)
FNDA:0,(anonymous_9)
FNDA:0,(anonymous_10)
DA:9,1
DA:10,2
DA:11,2
DA:12,2
DA:15,2
DA:16,2
DA:17,2
DA:18,2
DA:22,2
DA:30,0
DA:34,2
DA:42,2
DA:46,0
DA:50,2
DA:58,2
DA:62,0
DA:66,0
DA:70,0
LF:18
LH:13
BRDA:17,0,0,0
BRF:1
BRH:0
end_of_record
TN:
SF:src/song.ts
FN:12,(anonymous_0)
FN:27,(anonymous_1)
FN:31,(anonymous_2)
FN:35,(anonymous_3)
FN:43,(anonymous_4)
FN:51,(anonymous_5)
FN:59,(anonymous_6)
FN:67,(anonymous_7)
FNF:8
FNH:8
FNDA:7,(anonymous_0)
FNDA:3,(anonymous_1)
FNDA:3,(anonymous_2)
FNDA:7,(anonymous_3)
FNDA:3,(anonymous_4)
FNDA:3,(anonymous_5)
FNDA:3,(anonymous_6)
FNDA:3,(anonymous_7)
DA:9,1
DA:13,7
DA:14,7
DA:15,7
DA:16,7
DA:17,7
DA:20,7
DA:28,3
DA:32,3
DA:36,7
DA:44,3
DA:52,3
DA:60,3
DA:68,3
LF:14
LH:14
BRF:0
BRH:0
end_of_record
