TN:
SF:src/album.ts
FN:18,(anonymous_0)
FN:31,(anonymous_1)
FN:39,(anonymous_2)
FN:47,(anonymous_3)
FN:55,(anonymous_4)
FN:63,(anonymous_5)
FN:67,(anonymous_6)
FN:69,(anonymous_7)
FN:71,(anonymous_8)
FN:93,(anonymous_9)
FN:100,(anonymous_10)
FN:107,(anonymous_11)
FN:109,(anonymous_12)
FN:119,(anonymous_13)
FN:129,(anonymous_14)
FN:132,(anonymous_15)
FNF:16
FNH:12
FNDA:24,(anonymous_0)
FNDA:44,(anonymous_1)
FNDA:136,(anonymous_2)
FNDA:10,(anonymous_3)
FNDA:62,(anonymous_4)
FNDA:11,(anonymous_5)
FNDA:4,(anonymous_6)
FNDA:6,(anonymous_7)
FNDA:12,(anonymous_8)
FNDA:0,(anonymous_9)
FNDA:0,(anonymous_10)
FNDA:2,(anonymous_11)
FNDA:0,(anonymous_12)
FNDA:0,(anonymous_13)
FNDA:3,(anonymous_14)
FNDA:9,(anonymous_15)
DA:1,1
DA:2,1
DA:3,1
DA:4,1
DA:9,1
DA:19,24
DA:20,24
DA:21,24
DA:22,24
DA:23,24
DA:32,44
DA:40,136
DA:48,10
DA:56,62
DA:64,11
DA:68,4
DA:69,3
DA:70,6
DA:71,6
DA:72,12
DA:73,6
DA:76,6
DA:77,0
DA:81,3
DA:82,1
DA:85,2
DA:87,1
DA:94,0
DA:95,0
DA:97,0
DA:99,0
DA:100,0
DA:101,0
DA:104,0
DA:108,2
DA:109,0
DA:110,0
DA:111,0
DA:114,2
DA:115,2
DA:116,1
DA:118,0
DA:119,0
DA:120,0
DA:121,0
DA:126,1
DA:130,3
DA:132,3
DA:133,9
DA:136,9
DA:139,3
LF:51
LH:36
BRDA:68,0,0,3
BRDA:68,0,1,1
BRDA:68,1,0,4
BRDA:68,1,1,4
BRDA:72,2,0,6
BRDA:72,2,1,6
BRDA:76,3,0,0
BRDA:76,3,1,6
BRDA:81,4,0,1
BRDA:81,4,1,2
BRDA:108,5,0,0
BRDA:108,5,1,2
BRDA:110,6,0,0
BRDA:110,6,1,0
BRDA:114,7,0,2
BRDA:114,7,1,0
BRDA:114,8,0,2
BRDA:114,8,1,0
BRDA:115,9,0,1
BRDA:115,9,1,1
BRDA:118,10,0,0
BRDA:118,10,1,0
BRDA:120,11,0,0
BRDA:120,11,1,0
BRF:24
BRH:14
end_of_record
TN:
SF:src/artist.ts
FN:20,(anonymous_0)
FN:33,(anonymous_1)
FN:41,(anonymous_2)
FN:49,(anonymous_3)
FN:57,(anonymous_4)
FN:65,(anonymous_5)
FN:73,(anonymous_6)
FN:81,(anonymous_7)
FN:90,(anonymous_8)
FN:98,(anonymous_9)
FN:106,(anonymous_10)
FN:114,(anonymous_11)
FN:118,(anonymous_12)
FN:128,(anonymous_13)
FN:132,(anonymous_14)
FN:142,(anonymous_15)
FN:152,(anonymous_16)
FN:163,(anonymous_17)
FN:165,(anonymous_18)
FN:171,(anonymous_19)
FN:177,(anonymous_20)
FN:183,(anonymous_21)
FN:194,(anonymous_22)
FN:197,(anonymous_23)
FNF:24
FNH:14
FNDA:1139,(anonymous_0)
FNDA:6,(anonymous_1)
FNDA:6,(anonymous_2)
FNDA:7,(anonymous_3)
FNDA:1140,(anonymous_4)
FNDA:5,(anonymous_5)
FNDA:6,(anonymous_6)
FNDA:32,(anonymous_7)
FNDA:32,(anonymous_8)
FNDA:6,(anonymous_9)
FNDA:32,(anonymous_10)
FNDA:6,(anonymous_11)
FNDA:0,(anonymous_12)
FNDA:0,(anonymous_13)
FNDA:0,(anonymous_14)
FNDA:0,(anonymous_15)
FNDA:0,(anonymous_16)
FNDA:0,(anonymous_17)
FNDA:0,(anonymous_18)
FNDA:0,(anonymous_19)
FNDA:0,(anonymous_20)
FNDA:0,(anonymous_21)
FNDA:60,(anonymous_22)
FNDA:1080,(anonymous_23)
DA:1,1
DA:2,1
DA:3,1
DA:4,1
DA:9,1
DA:21,1139
DA:22,1139
DA:23,1139
DA:24,1139
DA:25,1139
DA:26,1139
DA:34,6
DA:42,6
DA:50,7
DA:58,1140
DA:66,5
DA:74,6
DA:82,32
DA:83,20
DA:91,32
DA:99,6
DA:107,32
DA:115,6
DA:119,0
DA:120,0
DA:122,0
DA:129,0
DA:130,0
DA:131,0
DA:132,0
DA:133,0
DA:137,0
DA:140,0
DA:141,0
DA:142,0
DA:143,0
DA:147,0
DA:150,0
DA:151,0
DA:152,0
DA:153,0
DA:157,0
DA:160,0
DA:164,0
DA:165,0
DA:166,0
DA:167,0
DA:170,0
DA:171,0
DA:172,0
DA:173,0
DA:176,0
DA:177,0
DA:178,0
DA:179,0
DA:182,0
DA:183,0
DA:184,0
DA:185,0
DA:190,0
DA:195,60
DA:197,60
DA:198,1080
DA:201,1080
DA:204,60
LF:65
LH:28
BRDA:22,0,0,59
BRDA:23,1,0,59
BRDA:24,2,0,59
BRDA:25,3,0,59
BRDA:26,4,0,59
BRDA:82,5,0,20
BRDA:82,5,1,12
BRDA:119,6,0,0
BRDA:119,6,1,0
BRDA:130,7,0,0
BRDA:130,7,1,0
BRDA:140,8,0,0
BRDA:140,8,1,0
BRDA:150,9,0,0
BRDA:150,9,1,0
BRDA:164,10,0,0
BRDA:164,10,1,0
BRDA:166,11,0,0
BRDA:166,11,1,0
BRDA:170,12,0,0
BRDA:170,12,1,0
BRDA:172,13,0,0
BRDA:172,13,1,0
BRDA:176,14,0,0
BRDA:176,14,1,0
BRDA:178,15,0,0
BRDA:178,15,1,0
BRDA:182,16,0,0
BRDA:182,16,1,0
BRDA:184,17,0,0
BRDA:184,17,1,0
BRF:31
BRH:7
end_of_record
TN:
SF:src/compareSet.ts
FN:8,areEqual
FN:15,(anonymous_1)
FN:19,(anonymous_2)
FN:21,(anonymous_3)
FNF:4
FNH:4
FNDA:29,areEqual
FNDA:65,(anonymous_1)
FNDA:65,(anonymous_2)
FNDA:901,(anonymous_3)
DA:8,1
DA:9,29
DA:10,0
DA:13,29
DA:15,29
DA:16,65
DA:19,29
DA:20,65
DA:21,65
DA:22,901
DA:23,856
DA:28,29
LF:12
LH:11
BRDA:9,0,0,0
BRDA:9,0,1,29
BRDA:22,1,0,856
BRDA:22,1,1,45
BRF:4
BRH:3
end_of_record
TN:
SF:src/genre.ts
FN:15,(anonymous_0)
FN:26,(anonymous_1)
FN:34,(anonymous_2)
FN:42,(anonymous_3)
FN:50,(anonymous_4)
FN:54,(anonymous_5)
FN:62,(anonymous_6)
FN:71,(anonymous_7)
FN:80,(anonymous_8)
FN:87,(anonymous_9)
FN:91,(anonymous_10)
FN:100,(anonymous_11)
FN:109,(anonymous_12)
FN:120,(anonymous_13)
FN:122,(anonymous_14)
FN:128,(anonymous_15)
FN:134,(anonymous_16)
FN:144,(anonymous_17)
FN:147,(anonymous_18)
FNF:19
FNH:10
FNDA:544,(anonymous_0)
FNDA:592,(anonymous_1)
FNDA:4,(anonymous_2)
FNDA:4,(anonymous_3)
FNDA:4,(anonymous_4)
FNDA:8,(anonymous_5)
FNDA:42,(anonymous_6)
FNDA:42,(anonymous_7)
FNDA:0,(anonymous_8)
FNDA:0,(anonymous_9)
FNDA:0,(anonymous_10)
FNDA:0,(anonymous_11)
FNDA:0,(anonymous_12)
FNDA:0,(anonymous_13)
FNDA:0,(anonymous_14)
FNDA:0,(anonymous_15)
FNDA:0,(anonymous_16)
FNDA:51,(anonymous_17)
FNDA:510,(anonymous_18)
DA:1,1
DA:2,1
DA:3,1
DA:4,1
DA:9,1
DA:16,544
DA:17,544
DA:18,544
DA:19,544
DA:27,592
DA:35,4
DA:43,4
DA:51,4
DA:55,8
DA:63,42
DA:64,26
DA:72,42
DA:81,0
DA:88,0
DA:89,0
DA:90,0
DA:91,0
DA:92,0
DA:95,0
DA:98,0
DA:99,0
DA:100,0
DA:101,0
DA:104,0
DA:107,0
DA:108,0
DA:109,0
DA:110,0
DA:113,0
DA:116,0
DA:121,0
DA:122,0
DA:123,0
DA:124,0
DA:127,0
DA:128,0
DA:129,0
DA:130,0
DA:133,0
DA:134,0
DA:135,0
DA:136,0
DA:141,0
DA:145,51
DA:147,51
DA:148,510
DA:149,510
DA:152,51
LF:53
LH:22
BRDA:17,0,0,34
BRDA:18,1,0,34
BRDA:19,2,0,34
BRDA:63,3,0,26
BRDA:63,3,1,16
BRDA:89,4,0,0
BRDA:89,4,1,0
BRDA:98,5,0,0
BRDA:98,5,1,0
BRDA:107,6,0,0
BRDA:107,6,1,0
BRDA:121,7,0,0
BRDA:121,7,1,0
BRDA:121,8,0,0
BRDA:121,8,1,0
BRDA:123,9,0,0
BRDA:123,9,1,0
BRDA:127,10,0,0
BRDA:127,10,1,0
BRDA:129,11,0,0
BRDA:129,11,1,0
BRDA:133,12,0,0
BRDA:133,12,1,0
BRDA:135,13,0,0
BRDA:135,13,1,0
BRF:25
BRH:5
end_of_record
TN:
SF:src/group.ts
FN:21,(anonymous_0)
FN:35,(anonymous_1)
FN:43,(anonymous_2)
FN:51,(anonymous_3)
FN:59,(anonymous_4)
FN:67,(anonymous_5)
FN:75,(anonymous_6)
FN:83,(anonymous_7)
FN:91,(anonymous_8)
FN:99,(anonymous_9)
FN:107,(anonymous_10)
FN:115,(anonymous_11)
FN:119,(anonymous_12)
FN:125,(anonymous_13)
FN:127,(anonymous_14)
FN:144,(anonymous_15)
FN:147,(anonymous_16)
FN:153,(anonymous_17)
FN:160,(anonymous_18)
FN:171,(anonymous_19)
FN:173,(anonymous_20)
FN:179,(anonymous_21)
FN:185,(anonymous_22)
FN:191,(anonymous_23)
FN:202,(anonymous_24)
FN:206,(anonymous_25)
FNF:26
FNH:13
FNDA:164,(anonymous_0)
FNDA:8,(anonymous_1)
FNDA:2,(anonymous_2)
FNDA:2,(anonymous_3)
FNDA:174,(anonymous_4)
FNDA:2,(anonymous_5)
FNDA:2,(anonymous_6)
FNDA:2,(anonymous_7)
FNDA:4,(anonymous_8)
FNDA:4,(anonymous_9)
FNDA:0,(anonymous_10)
FNDA:4,(anonymous_11)
FNDA:0,(anonymous_12)
FNDA:0,(anonymous_13)
FNDA:0,(anonymous_14)
FNDA:0,(anonymous_15)
FNDA:0,(anonymous_16)
FNDA:0,(anonymous_17)
FNDA:0,(anonymous_18)
FNDA:0,(anonymous_19)
FNDA:0,(anonymous_20)
FNDA:0,(anonymous_21)
FNDA:0,(anonymous_22)
FNDA:0,(anonymous_23)
FNDA:51,(anonymous_24)
FNDA:153,(anonymous_25)
DA:1,1
DA:2,1
DA:3,1
DA:4,1
DA:9,1
DA:22,164
DA:23,164
DA:24,164
DA:25,164
DA:26,164
DA:27,164
DA:28,164
DA:36,8
DA:44,2
DA:52,2
DA:60,174
DA:68,2
DA:76,2
DA:84,2
DA:92,4
DA:100,4
DA:108,0
DA:116,4
DA:120,0
DA:121,0
DA:124,0
DA:125,0
DA:126,0
DA:127,0
DA:128,0
DA:129,0
DA:132,0
DA:133,0
DA:136,0
DA:138,0
DA:145,0
DA:146,0
DA:147,0
DA:148,0
DA:152,0
DA:153,0
DA:154,0
DA:158,0
DA:159,0
DA:160,0
DA:161,0
DA:165,0
DA:168,0
DA:172,0
DA:173,0
DA:174,0
DA:175,0
DA:178,0
DA:179,0
DA:180,0
DA:181,0
DA:184,0
DA:185,0
DA:186,0
DA:187,0
DA:190,0
DA:191,0
DA:192,0
DA:193,0
DA:198,0
DA:204,51
DA:206,51
DA:207,153
DA:210,153
DA:213,51
LF:70
LH:27
BRDA:26,0,0,11
BRDA:27,1,0,11
BRDA:28,2,0,11
BRDA:120,3,0,0
BRDA:120,3,1,0
BRDA:124,4,0,0
BRDA:124,4,1,0
BRDA:124,5,0,0
BRDA:124,5,1,0
BRDA:128,6,0,0
BRDA:128,6,1,0
BRDA:132,7,0,0
BRDA:132,7,1,0
BRDA:158,8,0,0
BRDA:158,8,1,0
BRDA:172,9,0,0
BRDA:172,9,1,0
BRDA:174,10,0,0
BRDA:174,10,1,0
BRDA:178,11,0,0
BRDA:178,11,1,0
BRDA:180,12,0,0
BRDA:180,12,1,0
BRDA:184,13,0,0
BRDA:184,13,1,0
BRDA:186,14,0,0
BRDA:186,14,1,0
BRDA:190,15,0,0
BRDA:190,15,1,0
BRDA:192,16,0,0
BRDA:192,16,1,0
BRF:31
BRH:3
end_of_record
TN:
SF:src/musicDataBase.ts
FN:52,(anonymous_0)
FN:30,(anonymous_1)
FN:89,(anonymous_2)
FN:99,(anonymous_3)
FN:109,(anonymous_4)
FN:119,(anonymous_5)
FN:129,(anonymous_6)
FN:140,(anonymous_7)
FN:147,(anonymous_8)
FN:161,(anonymous_9)
FN:164,(anonymous_10)
FN:189,(anonymous_11)
FN:203,(anonymous_12)
FN:205,(anonymous_13)
FN:211,(anonymous_14)
FN:224,(anonymous_15)
FN:232,(anonymous_16)
FN:240,(anonymous_17)
FN:246,(anonymous_18)
FN:247,(anonymous_19)
FN:260,(anonymous_20)
FN:268,(anonymous_21)
FN:272,(anonymous_22)
FN:283,(anonymous_23)
FN:293,(anonymous_24)
FN:306,(anonymous_25)
FN:310,(anonymous_26)
FN:319,(anonymous_27)
FN:327,(anonymous_28)
FN:340,(anonymous_29)
FN:346,(anonymous_30)
FN:366,(anonymous_31)
FN:372,(anonymous_32)
FN:392,(anonymous_33)
FN:398,(anonymous_34)
FN:414,(anonymous_35)
FN:420,(anonymous_36)
FN:436,(anonymous_37)
FN:439,(anonymous_38)
FN:456,(anonymous_39)
FN:462,(anonymous_40)
FN:476,(anonymous_41)
FN:492,(anonymous_42)
FN:500,(anonymous_43)
FN:522,(anonymous_44)
FN:530,(anonymous_45)
FN:537,(anonymous_46)
FN:545,(anonymous_47)
FN:570,(anonymous_48)
FN:578,(anonymous_49)
FN:585,(anonymous_50)
FNF:51
FNH:38
FNDA:1,(anonymous_0)
FNDA:1,(anonymous_1)
FNDA:3,(anonymous_2)
FNDA:3,(anonymous_3)
FNDA:60,(anonymous_4)
FNDA:51,(anonymous_5)
FNDA:51,(anonymous_6)
FNDA:0,(anonymous_7)
FNDA:0,(anonymous_8)
FNDA:0,(anonymous_9)
FNDA:0,(anonymous_10)
FNDA:0,(anonymous_11)
FNDA:0,(anonymous_12)
FNDA:0,(anonymous_13)
FNDA:0,(anonymous_14)
FNDA:20,(anonymous_15)
FNDA:36,(anonymous_16)
FNDA:6,(anonymous_17)
FNDA:108,(anonymous_18)
FNDA:180,(anonymous_19)
FNDA:0,(anonymous_20)
FNDA:42,(anonymous_21)
FNDA:756,(anonymous_22)
FNDA:126,(anonymous_23)
FNDA:420,(anonymous_24)
FNDA:6,(anonymous_25)
FNDA:108,(anonymous_26)
FNDA:18,(anonymous_27)
FNDA:60,(anonymous_28)
FNDA:2,(anonymous_29)
FNDA:133,(anonymous_30)
FNDA:2,(anonymous_31)
FNDA:7,(anonymous_32)
FNDA:2,(anonymous_33)
FNDA:8,(anonymous_34)
FNDA:0,(anonymous_35)
FNDA:0,(anonymous_36)
FNDA:2,(anonymous_37)
FNDA:44,(anonymous_38)
FNDA:0,(anonymous_39)
FNDA:0,(anonymous_40)
FNDA:2,(anonymous_41)
FNDA:20,(anonymous_42)
FNDA:2,(anonymous_43)
FNDA:36,(anonymous_44)
FNDA:2,(anonymous_45)
FNDA:6,(anonymous_46)
FNDA:2,(anonymous_47)
FNDA:42,(anonymous_48)
FNDA:2,(anonymous_49)
FNDA:6,(anonymous_50)
DA:1,1
DA:2,1
DA:3,1
DA:4,1
DA:5,1
DA:6,1
DA:8,1
DA:10,1
DA:11,1
DA:23,1
DA:31,1
DA:32,1
DA:34,1
DA:35,1
DA:37,1
DA:38,1
DA:40,1
DA:41,1
DA:43,1
DA:44,1
DA:46,1
DA:53,1
DA:55,1
DA:56,1
DA:57,1
DA:60,1
DA:61,1
DA:62,1
DA:65,1
DA:66,1
DA:67,1
DA:70,1
DA:71,1
DA:72,1
DA:75,1
DA:76,1
DA:77,1
DA:80,1
DA:81,1
DA:90,3
DA:91,3
DA:92,3
DA:100,3
DA:101,3
DA:102,3
DA:110,60
DA:111,60
DA:112,60
DA:120,51
DA:121,51
DA:122,51
DA:130,51
DA:131,51
DA:132,51
DA:141,0
DA:142,0
DA:143,0
DA:144,0
DA:146,0
DA:147,0
DA:148,0
DA:149,0
DA:152,0
DA:163,0
DA:164,0
DA:165,0
DA:166,0
DA:167,0
DA:171,0
DA:172,0
DA:173,0
DA:174,0
DA:175,0
DA:176,0
DA:177,0
DA:178,0
DA:179,0
DA:180,0
DA:181,0
DA:182,0
DA:183,0
DA:184,0
DA:188,0
DA:189,0
DA:190,0
DA:191,0
DA:195,0
DA:205,0
DA:206,0
DA:207,0
DA:210,0
DA:211,0
DA:212,0
DA:213,0
DA:217,0
DA:225,20
DA:233,36
DA:241,6
DA:243,6
DA:244,6
DA:246,6
DA:247,108
DA:248,180
DA:249,6
DA:253,6
DA:261,0
DA:269,42
DA:271,42
DA:272,42
DA:273,756
DA:274,32
DA:275,32
DA:276,32
DA:279,42
DA:282,42
DA:283,42
DA:284,126
DA:285,4
DA:286,4
DA:287,4
DA:290,42
DA:292,42
DA:293,42
DA:294,420
DA:295,42
DA:296,42
DA:299,42
DA:307,6
DA:309,6
DA:310,6
DA:311,108
DA:312,6
DA:315,6
DA:318,6
DA:319,6
DA:320,18
DA:321,0
DA:324,6
DA:326,6
DA:327,6
DA:328,60
DA:329,8
DA:332,6
DA:341,2
DA:346,2
DA:347,133
DA:348,66
DA:349,67
DA:350,67
DA:351,0
DA:352,0
DA:354,0
DA:358,2
DA:367,2
DA:372,2
DA:373,7
DA:374,3
DA:375,4
DA:376,4
DA:377,0
DA:378,0
DA:380,0
DA:384,2
DA:393,2
DA:398,2
DA:399,8
DA:400,4
DA:402,4
DA:406,2
DA:415,0
DA:420,0
DA:421,0
DA:422,0
DA:423,0
DA:424,0
DA:425,0
DA:426,0
DA:428,0
DA:432,0
DA:437,2
DA:439,2
DA:440,44
DA:441,20
DA:443,24
DA:447,2
DA:457,0
DA:462,0
DA:463,0
DA:464,0
DA:466,0
DA:470,0
DA:477,2
DA:478,2
DA:479,2
DA:480,2
DA:481,2
DA:482,2
DA:483,2
DA:484,2
DA:485,2
DA:486,2
DA:488,2
DA:492,2
DA:493,20
DA:501,2
DA:522,2
DA:523,36
DA:531,2
DA:537,2
DA:538,6
DA:546,2
DA:570,2
DA:571,42
DA:579,2
DA:585,2
DA:586,6
LF:216
LH:151
BRDA:55,0,0,1
BRDA:55,0,1,0
BRDA:60,1,0,1
BRDA:60,1,1,0
BRDA:65,2,0,1
BRDA:65,2,1,0
BRDA:70,3,0,1
BRDA:70,3,1,0
BRDA:75,4,0,1
BRDA:75,4,1,0
BRDA:80,5,0,1
BRDA:80,5,1,0
BRDA:140,6,0,0
BRDA:143,7,0,0
BRDA:143,7,1,0
BRDA:148,8,0,0
BRDA:148,8,1,0
BRDA:165,9,0,0
BRDA:165,9,1,0
BRDA:171,10,0,0
BRDA:171,10,1,0
BRDA:183,11,0,0
BRDA:183,11,1,0
BRDA:190,12,0,0
BRDA:190,12,1,0
BRDA:206,13,0,0
BRDA:206,13,1,0
BRDA:212,14,0,0
BRDA:212,14,1,0
BRDA:248,15,0,6
BRDA:248,15,1,174
BRDA:273,16,0,32
BRDA:273,16,1,724
BRDA:284,17,0,4
BRDA:284,17,1,122
BRDA:294,18,0,42
BRDA:294,18,1,378
BRDA:311,19,0,6
BRDA:311,19,1,102
BRDA:320,20,0,0
BRDA:320,20,1,18
BRDA:328,21,0,8
BRDA:328,21,1,52
BRDA:347,22,0,66
BRDA:347,22,1,67
BRDA:348,23,0,33
BRDA:348,23,1,33
BRDA:349,24,0,67
BRDA:349,24,1,0
BRDA:350,25,0,38
BRDA:350,25,1,29
BRDA:351,26,0,0
BRDA:351,26,1,0
BRDA:354,27,0,0
BRDA:354,27,1,0
BRDA:366,28,0,0
BRDA:373,29,0,3
BRDA:373,29,1,4
BRDA:374,30,0,2
BRDA:374,30,1,1
BRDA:375,31,0,4
BRDA:375,31,1,0
BRDA:376,32,0,3
BRDA:376,32,1,1
BRDA:377,33,0,0
BRDA:377,33,1,0
BRDA:378,34,0,0
BRDA:378,34,1,0
BRDA:380,35,0,0
BRDA:380,35,1,0
BRDA:392,36,0,0
BRDA:399,37,0,4
BRDA:399,37,1,4
BRDA:400,38,0,2
BRDA:400,38,1,2
BRDA:402,39,0,2
BRDA:402,39,1,2
BRDA:414,40,0,0
BRDA:421,41,0,0
BRDA:421,41,1,0
BRDA:422,42,0,0
BRDA:422,42,1,0
BRDA:423,43,0,0
BRDA:423,43,1,0
BRDA:424,44,0,0
BRDA:424,44,1,0
BRDA:425,45,0,0
BRDA:425,45,1,0
BRDA:428,46,0,0
BRDA:428,46,1,0
BRDA:436,47,0,1
BRDA:440,48,0,20
BRDA:440,48,1,24
BRDA:441,49,0,12
BRDA:441,49,1,8
BRDA:443,50,0,17
BRDA:443,50,1,7
BRDA:456,51,0,0
BRDA:456,52,0,0
BRDA:463,53,0,0
BRDA:463,53,1,0
BRDA:464,54,0,0
BRDA:464,54,1,0
BRDA:466,55,0,0
BRDA:466,55,1,0
BRF:105
BRH:46
end_of_record
TN:
SF:src/playlist.ts
FN:17,(anonymous_0)
FN:29,(anonymous_1)
FN:37,(anonymous_2)
FN:45,(anonymous_3)
FN:53,(anonymous_4)
FN:61,(anonymous_5)
FN:69,(anonymous_6)
FN:77,(anonymous_7)
FN:85,(anonymous_8)
FN:101,(anonymous_9)
FN:110,(anonymous_10)
FN:113,(anonymous_11)
FN:126,(anonymous_12)
FN:132,(anonymous_13)
FN:138,(anonymous_14)
FN:151,(anonymous_15)
FN:157,(anonymous_16)
FN:174,(anonymous_17)
FN:176,(anonymous_18)
FN:182,(anonymous_19)
FNF:20
FNH:0
FNDA:0,(anonymous_0)
FNDA:0,(anonymous_1)
FNDA:0,(anonymous_2)
FNDA:0,(anonymous_3)
FNDA:0,(anonymous_4)
FNDA:0,(anonymous_5)
FNDA:0,(anonymous_6)
FNDA:0,(anonymous_7)
FNDA:0,(anonymous_8)
FNDA:0,(anonymous_9)
FNDA:0,(anonymous_10)
FNDA:0,(anonymous_11)
FNDA:0,(anonymous_12)
FNDA:0,(anonymous_13)
FNDA:0,(anonymous_14)
FNDA:0,(anonymous_15)
FNDA:0,(anonymous_16)
FNDA:0,(anonymous_17)
FNDA:0,(anonymous_18)
FNDA:0,(anonymous_19)
DA:2,1
DA:3,1
DA:8,1
DA:18,0
DA:19,0
DA:20,0
DA:21,0
DA:22,0
DA:30,0
DA:38,0
DA:46,0
DA:54,0
DA:62,0
DA:70,0
DA:78,0
DA:86,0
DA:87,0
DA:89,0
DA:90,0
DA:92,0
DA:93,0
DA:94,0
DA:102,0
DA:103,0
DA:104,0
DA:105,0
DA:106,0
DA:111,0
DA:113,0
DA:114,0
DA:117,0
DA:120,0
DA:127,0
DA:128,0
DA:129,0
DA:131,0
DA:132,0
DA:133,0
DA:137,0
DA:138,0
DA:139,0
DA:143,0
DA:152,0
DA:157,0
DA:158,0
DA:159,0
DA:161,0
DA:165,0
DA:175,0
DA:176,0
DA:177,0
DA:178,0
DA:181,0
DA:182,0
DA:183,0
DA:184,0
DA:189,0
LF:57
LH:3
BRDA:19,0,0,0
BRDA:20,1,0,0
BRDA:21,2,0,0
BRDA:22,3,0,0
BRDA:86,4,0,0
BRDA:86,4,1,0
BRDA:89,5,0,0
BRDA:89,5,1,0
BRDA:158,6,0,0
BRDA:158,6,1,0
BRDA:159,7,0,0
BRDA:159,7,1,0
BRDA:161,8,0,0
BRDA:161,8,1,0
BRDA:175,9,0,0
BRDA:175,9,1,0
BRDA:177,10,0,0
BRDA:177,10,1,0
BRDA:181,11,0,0
BRDA:181,11,1,0
BRDA:183,12,0,0
BRDA:183,12,1,0
BRF:22
BRH:0
end_of_record
TN:
SF:src/song.ts
FN:18,(anonymous_0)
FN:33,(anonymous_1)
FN:41,(anonymous_2)
FN:49,(anonymous_3)
FN:57,(anonymous_4)
FN:65,(anonymous_5)
FN:73,(anonymous_6)
FN:81,(anonymous_7)
FN:85,(anonymous_8)
FN:102,(anonymous_9)
FN:110,(anonymous_10)
FN:113,(anonymous_11)
FNF:12
FNH:10
FNDA:129,(anonymous_0)
FNDA:389,(anonymous_1)
FNDA:927,(anonymous_2)
FNDA:459,(anonymous_3)
FNDA:3,(anonymous_4)
FNDA:39,(anonymous_5)
FNDA:3,(anonymous_6)
FNDA:3,(anonymous_7)
FNDA:0,(anonymous_8)
FNDA:0,(anonymous_9)
FNDA:3,(anonymous_10)
FNDA:63,(anonymous_11)
DA:6,1
DA:19,129
DA:20,129
DA:21,129
DA:22,129
DA:23,129
DA:26,129
DA:34,389
DA:42,927
DA:50,459
DA:58,3
DA:66,39
DA:74,3
DA:82,3
DA:86,0
DA:87,0
DA:88,0
DA:89,0
DA:93,0
DA:96,0
DA:103,0
DA:104,0
DA:105,0
DA:106,0
DA:107,0
DA:111,3
DA:113,3
DA:114,63
DA:117,63
DA:120,3
LF:30
LH:19
BRDA:86,0,0,0
BRDA:86,0,1,0
BRDA:86,1,0,0
BRDA:86,1,1,0
BRDA:87,2,0,0
BRDA:87,2,1,0
BRDA:87,3,0,0
BRDA:87,3,1,0
BRDA:88,4,0,0
BRDA:88,4,1,0
BRDA:88,5,0,0
BRDA:88,5,1,0
BRF:12
BRH:0
end_of_record
